<?xml version="1.0" encoding="UTF-8"?>
<testsuites name="jest tests" tests="337" failures="136" errors="0" time="4.657">
  <testsuite name="CacheInvalidationService" errors="0" failures="26" skipped="0" timestamp="2025-09-06T17:07:55" time="0.822" tests="26">
    <testcase classname="CacheInvalidationService › basic operations" name="should be defined" time="0.009">
      <failure>TypeError: Cannot read properties of undefined (reading &apos;info&apos;)
    at _classThis.info [as startMonitoring] (/home/arligle/V1/Aiofix/aiofix-ai-saas-platform/packages/cache/src/services/cache-invalidation.service.ts:978:19)
    at new startMonitoring (/home/arligle/V1/Aiofix/aiofix-ai-saas-platform/packages/cache/src/services/cache-invalidation.service.ts:209:10)
    at TestingInjector.instantiateClass (/home/arligle/V1/Aiofix/aiofix-ai-saas-platform/node_modules/.pnpm/@nestjs+core@11.1.6_@nestjs+common@11.1.6_class-transformer@0.5.1_class-validator@0.14._bad85ac0f714a81162304b30d6edbbbf/node_modules/@nestjs/core/injector/injector.js:418:19)
    at callback (/home/arligle/V1/Aiofix/aiofix-ai-saas-platform/node_modules/.pnpm/@nestjs+core@11.1.6_@nestjs+common@11.1.6_class-transformer@0.5.1_class-validator@0.14._bad85ac0f714a81162304b30d6edbbbf/node_modules/@nestjs/core/injector/injector.js:70:45)
    at TestingInjector.resolveConstructorParams (/home/arligle/V1/Aiofix/aiofix-ai-saas-platform/node_modules/.pnpm/@nestjs+core@11.1.6_@nestjs+common@11.1.6_class-transformer@0.5.1_class-validator@0.14._bad85ac0f714a81162304b30d6edbbbf/node_modules/@nestjs/core/injector/injector.js:170:24)
    at TestingInjector.loadInstance (/home/arligle/V1/Aiofix/aiofix-ai-saas-platform/node_modules/.pnpm/@nestjs+core@11.1.6_@nestjs+common@11.1.6_class-transformer@0.5.1_class-validator@0.14._bad85ac0f714a81162304b30d6edbbbf/node_modules/@nestjs/core/injector/injector.js:75:13)
    at TestingInjector.loadProvider (/home/arligle/V1/Aiofix/aiofix-ai-saas-platform/node_modules/.pnpm/@nestjs+core@11.1.6_@nestjs+common@11.1.6_class-transformer@0.5.1_class-validator@0.14._bad85ac0f714a81162304b30d6edbbbf/node_modules/@nestjs/core/injector/injector.js:103:9)
    at /home/arligle/V1/Aiofix/aiofix-ai-saas-platform/node_modules/.pnpm/@nestjs+core@11.1.6_@nestjs+common@11.1.6_class-transformer@0.5.1_class-validator@0.14._bad85ac0f714a81162304b30d6edbbbf/node_modules/@nestjs/core/injector/instance-loader.js:56:13
    at async Promise.all (index 3)
    at TestingInstanceLoader.createInstancesOfProviders (/home/arligle/V1/Aiofix/aiofix-ai-saas-platform/node_modules/.pnpm/@nestjs+core@11.1.6_@nestjs+common@11.1.6_class-transformer@0.5.1_class-validator@0.14._bad85ac0f714a81162304b30d6edbbbf/node_modules/@nestjs/core/injector/instance-loader.js:55:9)
    at /home/arligle/V1/Aiofix/aiofix-ai-saas-platform/node_modules/.pnpm/@nestjs+core@11.1.6_@nestjs+common@11.1.6_class-transformer@0.5.1_class-validator@0.14._bad85ac0f714a81162304b30d6edbbbf/node_modules/@nestjs/core/injector/instance-loader.js:40:13
    at async Promise.all (index 1)
    at TestingInstanceLoader.createInstances (/home/arligle/V1/Aiofix/aiofix-ai-saas-platform/node_modules/.pnpm/@nestjs+core@11.1.6_@nestjs+common@11.1.6_class-transformer@0.5.1_class-validator@0.14._bad85ac0f714a81162304b30d6edbbbf/node_modules/@nestjs/core/injector/instance-loader.js:39:9)
    at TestingInstanceLoader.createInstancesOfDependencies (/home/arligle/V1/Aiofix/aiofix-ai-saas-platform/node_modules/.pnpm/@nestjs+core@11.1.6_@nestjs+common@11.1.6_class-transformer@0.5.1_class-validator@0.14._bad85ac0f714a81162304b30d6edbbbf/node_modules/@nestjs/core/injector/instance-loader.js:22:13)
    at TestingInstanceLoader.createInstancesOfDependencies (/home/arligle/V1/Aiofix/aiofix-ai-saas-platform/node_modules/.pnpm/@nestjs+testing@11.1.6_@nestjs+common@11.1.6_class-transformer@0.5.1_class-validator@0._ff6a79f0d3e76ddb2b73722d992783a6/node_modules/@nestjs/testing/testing-instance-loader.js:9:9)
    at TestingModuleBuilder.createInstancesOfDependencies (/home/arligle/V1/Aiofix/aiofix-ai-saas-platform/node_modules/.pnpm/@nestjs+testing@11.1.6_@nestjs+common@11.1.6_class-transformer@0.5.1_class-validator@0._ff6a79f0d3e76ddb2b73722d992783a6/node_modules/@nestjs/testing/testing-module.builder.js:118:9)
    at TestingModuleBuilder.compile (/home/arligle/V1/Aiofix/aiofix-ai-saas-platform/node_modules/.pnpm/@nestjs+testing@11.1.6_@nestjs+common@11.1.6_class-transformer@0.5.1_class-validator@0._ff6a79f0d3e76ddb2b73722d992783a6/node_modules/@nestjs/testing/testing-module.builder.js:74:9)
    at Object.&lt;anonymous&gt; (/home/arligle/V1/Aiofix/aiofix-ai-saas-platform/packages/cache/src/services/cache-invalidation.service.spec.ts:196:35)</failure>
      <failure>TypeError: Cannot read properties of undefined (reading &apos;onDestroy&apos;)
    at Object.&lt;anonymous&gt; (/home/arligle/V1/Aiofix/aiofix-ai-saas-platform/packages/cache/src/services/cache-invalidation.service.spec.ts:223:13)
    at Promise.finally.completed (/home/arligle/V1/Aiofix/aiofix-ai-saas-platform/node_modules/.pnpm/jest-circus@30.1.3/node_modules/jest-circus/build/jestAdapterInit.js:1556:28)
    at new Promise (&lt;anonymous&gt;)
    at callAsyncCircusFn (/home/arligle/V1/Aiofix/aiofix-ai-saas-platform/node_modules/.pnpm/jest-circus@30.1.3/node_modules/jest-circus/build/jestAdapterInit.js:1496:10)
    at _callCircusHook (/home/arligle/V1/Aiofix/aiofix-ai-saas-platform/node_modules/.pnpm/jest-circus@30.1.3/node_modules/jest-circus/build/jestAdapterInit.js:975:40)
    at _runTest (/home/arligle/V1/Aiofix/aiofix-ai-saas-platform/node_modules/.pnpm/jest-circus@30.1.3/node_modules/jest-circus/build/jestAdapterInit.js:948:5)
    at _runTestsForDescribeBlock (/home/arligle/V1/Aiofix/aiofix-ai-saas-platform/node_modules/.pnpm/jest-circus@30.1.3/node_modules/jest-circus/build/jestAdapterInit.js:839:13)
    at _runTestsForDescribeBlock (/home/arligle/V1/Aiofix/aiofix-ai-saas-platform/node_modules/.pnpm/jest-circus@30.1.3/node_modules/jest-circus/build/jestAdapterInit.js:829:11)
    at _runTestsForDescribeBlock (/home/arligle/V1/Aiofix/aiofix-ai-saas-platform/node_modules/.pnpm/jest-circus@30.1.3/node_modules/jest-circus/build/jestAdapterInit.js:829:11)
    at run (/home/arligle/V1/Aiofix/aiofix-ai-saas-platform/node_modules/.pnpm/jest-circus@30.1.3/node_modules/jest-circus/build/jestAdapterInit.js:757:3)
    at runAndTransformResultsToJestFormat (/home/arligle/V1/Aiofix/aiofix-ai-saas-platform/node_modules/.pnpm/jest-circus@30.1.3/node_modules/jest-circus/build/jestAdapterInit.js:1917:21)
    at jestAdapter (/home/arligle/V1/Aiofix/aiofix-ai-saas-platform/node_modules/.pnpm/jest-circus@30.1.3/node_modules/jest-circus/build/runner.js:101:19)
    at runTestInternal (/home/arligle/V1/Aiofix/aiofix-ai-saas-platform/node_modules/.pnpm/jest-runner@30.1.3/node_modules/jest-runner/build/index.js:275:16)
    at runTest (/home/arligle/V1/Aiofix/aiofix-ai-saas-platform/node_modules/.pnpm/jest-runner@30.1.3/node_modules/jest-runner/build/index.js:343:7)</failure>
    </testcase>
    <testcase classname="CacheInvalidationService › basic operations" name="should set cache service" time="0.003">
      <failure>TypeError: Cannot read properties of undefined (reading &apos;info&apos;)
    at _classThis.info [as startMonitoring] (/home/arligle/V1/Aiofix/aiofix-ai-saas-platform/packages/cache/src/services/cache-invalidation.service.ts:978:19)
    at new startMonitoring (/home/arligle/V1/Aiofix/aiofix-ai-saas-platform/packages/cache/src/services/cache-invalidation.service.ts:209:10)
    at TestingInjector.instantiateClass (/home/arligle/V1/Aiofix/aiofix-ai-saas-platform/node_modules/.pnpm/@nestjs+core@11.1.6_@nestjs+common@11.1.6_class-transformer@0.5.1_class-validator@0.14._bad85ac0f714a81162304b30d6edbbbf/node_modules/@nestjs/core/injector/injector.js:418:19)
    at callback (/home/arligle/V1/Aiofix/aiofix-ai-saas-platform/node_modules/.pnpm/@nestjs+core@11.1.6_@nestjs+common@11.1.6_class-transformer@0.5.1_class-validator@0.14._bad85ac0f714a81162304b30d6edbbbf/node_modules/@nestjs/core/injector/injector.js:70:45)
    at TestingInjector.resolveConstructorParams (/home/arligle/V1/Aiofix/aiofix-ai-saas-platform/node_modules/.pnpm/@nestjs+core@11.1.6_@nestjs+common@11.1.6_class-transformer@0.5.1_class-validator@0.14._bad85ac0f714a81162304b30d6edbbbf/node_modules/@nestjs/core/injector/injector.js:170:24)
    at TestingInjector.loadInstance (/home/arligle/V1/Aiofix/aiofix-ai-saas-platform/node_modules/.pnpm/@nestjs+core@11.1.6_@nestjs+common@11.1.6_class-transformer@0.5.1_class-validator@0.14._bad85ac0f714a81162304b30d6edbbbf/node_modules/@nestjs/core/injector/injector.js:75:13)
    at TestingInjector.loadProvider (/home/arligle/V1/Aiofix/aiofix-ai-saas-platform/node_modules/.pnpm/@nestjs+core@11.1.6_@nestjs+common@11.1.6_class-transformer@0.5.1_class-validator@0.14._bad85ac0f714a81162304b30d6edbbbf/node_modules/@nestjs/core/injector/injector.js:103:9)
    at /home/arligle/V1/Aiofix/aiofix-ai-saas-platform/node_modules/.pnpm/@nestjs+core@11.1.6_@nestjs+common@11.1.6_class-transformer@0.5.1_class-validator@0.14._bad85ac0f714a81162304b30d6edbbbf/node_modules/@nestjs/core/injector/instance-loader.js:56:13
    at async Promise.all (index 3)
    at TestingInstanceLoader.createInstancesOfProviders (/home/arligle/V1/Aiofix/aiofix-ai-saas-platform/node_modules/.pnpm/@nestjs+core@11.1.6_@nestjs+common@11.1.6_class-transformer@0.5.1_class-validator@0.14._bad85ac0f714a81162304b30d6edbbbf/node_modules/@nestjs/core/injector/instance-loader.js:55:9)
    at /home/arligle/V1/Aiofix/aiofix-ai-saas-platform/node_modules/.pnpm/@nestjs+core@11.1.6_@nestjs+common@11.1.6_class-transformer@0.5.1_class-validator@0.14._bad85ac0f714a81162304b30d6edbbbf/node_modules/@nestjs/core/injector/instance-loader.js:40:13
    at async Promise.all (index 1)
    at TestingInstanceLoader.createInstances (/home/arligle/V1/Aiofix/aiofix-ai-saas-platform/node_modules/.pnpm/@nestjs+core@11.1.6_@nestjs+common@11.1.6_class-transformer@0.5.1_class-validator@0.14._bad85ac0f714a81162304b30d6edbbbf/node_modules/@nestjs/core/injector/instance-loader.js:39:9)
    at TestingInstanceLoader.createInstancesOfDependencies (/home/arligle/V1/Aiofix/aiofix-ai-saas-platform/node_modules/.pnpm/@nestjs+core@11.1.6_@nestjs+common@11.1.6_class-transformer@0.5.1_class-validator@0.14._bad85ac0f714a81162304b30d6edbbbf/node_modules/@nestjs/core/injector/instance-loader.js:22:13)
    at TestingInstanceLoader.createInstancesOfDependencies (/home/arligle/V1/Aiofix/aiofix-ai-saas-platform/node_modules/.pnpm/@nestjs+testing@11.1.6_@nestjs+common@11.1.6_class-transformer@0.5.1_class-validator@0._ff6a79f0d3e76ddb2b73722d992783a6/node_modules/@nestjs/testing/testing-instance-loader.js:9:9)
    at TestingModuleBuilder.createInstancesOfDependencies (/home/arligle/V1/Aiofix/aiofix-ai-saas-platform/node_modules/.pnpm/@nestjs+testing@11.1.6_@nestjs+common@11.1.6_class-transformer@0.5.1_class-validator@0._ff6a79f0d3e76ddb2b73722d992783a6/node_modules/@nestjs/testing/testing-module.builder.js:118:9)
    at TestingModuleBuilder.compile (/home/arligle/V1/Aiofix/aiofix-ai-saas-platform/node_modules/.pnpm/@nestjs+testing@11.1.6_@nestjs+common@11.1.6_class-transformer@0.5.1_class-validator@0._ff6a79f0d3e76ddb2b73722d992783a6/node_modules/@nestjs/testing/testing-module.builder.js:74:9)
    at Object.&lt;anonymous&gt; (/home/arligle/V1/Aiofix/aiofix-ai-saas-platform/packages/cache/src/services/cache-invalidation.service.spec.ts:196:35)</failure>
      <failure>TypeError: Cannot read properties of undefined (reading &apos;onDestroy&apos;)
    at Object.&lt;anonymous&gt; (/home/arligle/V1/Aiofix/aiofix-ai-saas-platform/packages/cache/src/services/cache-invalidation.service.spec.ts:223:13)
    at Promise.finally.completed (/home/arligle/V1/Aiofix/aiofix-ai-saas-platform/node_modules/.pnpm/jest-circus@30.1.3/node_modules/jest-circus/build/jestAdapterInit.js:1556:28)
    at new Promise (&lt;anonymous&gt;)
    at callAsyncCircusFn (/home/arligle/V1/Aiofix/aiofix-ai-saas-platform/node_modules/.pnpm/jest-circus@30.1.3/node_modules/jest-circus/build/jestAdapterInit.js:1496:10)
    at _callCircusHook (/home/arligle/V1/Aiofix/aiofix-ai-saas-platform/node_modules/.pnpm/jest-circus@30.1.3/node_modules/jest-circus/build/jestAdapterInit.js:975:40)
    at _runTest (/home/arligle/V1/Aiofix/aiofix-ai-saas-platform/node_modules/.pnpm/jest-circus@30.1.3/node_modules/jest-circus/build/jestAdapterInit.js:948:5)
    at _runTestsForDescribeBlock (/home/arligle/V1/Aiofix/aiofix-ai-saas-platform/node_modules/.pnpm/jest-circus@30.1.3/node_modules/jest-circus/build/jestAdapterInit.js:839:13)
    at _runTestsForDescribeBlock (/home/arligle/V1/Aiofix/aiofix-ai-saas-platform/node_modules/.pnpm/jest-circus@30.1.3/node_modules/jest-circus/build/jestAdapterInit.js:829:11)
    at _runTestsForDescribeBlock (/home/arligle/V1/Aiofix/aiofix-ai-saas-platform/node_modules/.pnpm/jest-circus@30.1.3/node_modules/jest-circus/build/jestAdapterInit.js:829:11)
    at run (/home/arligle/V1/Aiofix/aiofix-ai-saas-platform/node_modules/.pnpm/jest-circus@30.1.3/node_modules/jest-circus/build/jestAdapterInit.js:757:3)
    at runAndTransformResultsToJestFormat (/home/arligle/V1/Aiofix/aiofix-ai-saas-platform/node_modules/.pnpm/jest-circus@30.1.3/node_modules/jest-circus/build/jestAdapterInit.js:1917:21)
    at jestAdapter (/home/arligle/V1/Aiofix/aiofix-ai-saas-platform/node_modules/.pnpm/jest-circus@30.1.3/node_modules/jest-circus/build/runner.js:101:19)
    at runTestInternal (/home/arligle/V1/Aiofix/aiofix-ai-saas-platform/node_modules/.pnpm/jest-runner@30.1.3/node_modules/jest-runner/build/index.js:275:16)
    at runTest (/home/arligle/V1/Aiofix/aiofix-ai-saas-platform/node_modules/.pnpm/jest-runner@30.1.3/node_modules/jest-runner/build/index.js:343:7)</failure>
    </testcase>
    <testcase classname="CacheInvalidationService › rule management" name="should add invalidation rule" time="0.003">
      <failure>TypeError: Cannot read properties of undefined (reading &apos;info&apos;)
    at _classThis.info [as startMonitoring] (/home/arligle/V1/Aiofix/aiofix-ai-saas-platform/packages/cache/src/services/cache-invalidation.service.ts:978:19)
    at new startMonitoring (/home/arligle/V1/Aiofix/aiofix-ai-saas-platform/packages/cache/src/services/cache-invalidation.service.ts:209:10)
    at TestingInjector.instantiateClass (/home/arligle/V1/Aiofix/aiofix-ai-saas-platform/node_modules/.pnpm/@nestjs+core@11.1.6_@nestjs+common@11.1.6_class-transformer@0.5.1_class-validator@0.14._bad85ac0f714a81162304b30d6edbbbf/node_modules/@nestjs/core/injector/injector.js:418:19)
    at callback (/home/arligle/V1/Aiofix/aiofix-ai-saas-platform/node_modules/.pnpm/@nestjs+core@11.1.6_@nestjs+common@11.1.6_class-transformer@0.5.1_class-validator@0.14._bad85ac0f714a81162304b30d6edbbbf/node_modules/@nestjs/core/injector/injector.js:70:45)
    at TestingInjector.resolveConstructorParams (/home/arligle/V1/Aiofix/aiofix-ai-saas-platform/node_modules/.pnpm/@nestjs+core@11.1.6_@nestjs+common@11.1.6_class-transformer@0.5.1_class-validator@0.14._bad85ac0f714a81162304b30d6edbbbf/node_modules/@nestjs/core/injector/injector.js:170:24)
    at TestingInjector.loadInstance (/home/arligle/V1/Aiofix/aiofix-ai-saas-platform/node_modules/.pnpm/@nestjs+core@11.1.6_@nestjs+common@11.1.6_class-transformer@0.5.1_class-validator@0.14._bad85ac0f714a81162304b30d6edbbbf/node_modules/@nestjs/core/injector/injector.js:75:13)
    at TestingInjector.loadProvider (/home/arligle/V1/Aiofix/aiofix-ai-saas-platform/node_modules/.pnpm/@nestjs+core@11.1.6_@nestjs+common@11.1.6_class-transformer@0.5.1_class-validator@0.14._bad85ac0f714a81162304b30d6edbbbf/node_modules/@nestjs/core/injector/injector.js:103:9)
    at /home/arligle/V1/Aiofix/aiofix-ai-saas-platform/node_modules/.pnpm/@nestjs+core@11.1.6_@nestjs+common@11.1.6_class-transformer@0.5.1_class-validator@0.14._bad85ac0f714a81162304b30d6edbbbf/node_modules/@nestjs/core/injector/instance-loader.js:56:13
    at async Promise.all (index 3)
    at TestingInstanceLoader.createInstancesOfProviders (/home/arligle/V1/Aiofix/aiofix-ai-saas-platform/node_modules/.pnpm/@nestjs+core@11.1.6_@nestjs+common@11.1.6_class-transformer@0.5.1_class-validator@0.14._bad85ac0f714a81162304b30d6edbbbf/node_modules/@nestjs/core/injector/instance-loader.js:55:9)
    at /home/arligle/V1/Aiofix/aiofix-ai-saas-platform/node_modules/.pnpm/@nestjs+core@11.1.6_@nestjs+common@11.1.6_class-transformer@0.5.1_class-validator@0.14._bad85ac0f714a81162304b30d6edbbbf/node_modules/@nestjs/core/injector/instance-loader.js:40:13
    at async Promise.all (index 1)
    at TestingInstanceLoader.createInstances (/home/arligle/V1/Aiofix/aiofix-ai-saas-platform/node_modules/.pnpm/@nestjs+core@11.1.6_@nestjs+common@11.1.6_class-transformer@0.5.1_class-validator@0.14._bad85ac0f714a81162304b30d6edbbbf/node_modules/@nestjs/core/injector/instance-loader.js:39:9)
    at TestingInstanceLoader.createInstancesOfDependencies (/home/arligle/V1/Aiofix/aiofix-ai-saas-platform/node_modules/.pnpm/@nestjs+core@11.1.6_@nestjs+common@11.1.6_class-transformer@0.5.1_class-validator@0.14._bad85ac0f714a81162304b30d6edbbbf/node_modules/@nestjs/core/injector/instance-loader.js:22:13)
    at TestingInstanceLoader.createInstancesOfDependencies (/home/arligle/V1/Aiofix/aiofix-ai-saas-platform/node_modules/.pnpm/@nestjs+testing@11.1.6_@nestjs+common@11.1.6_class-transformer@0.5.1_class-validator@0._ff6a79f0d3e76ddb2b73722d992783a6/node_modules/@nestjs/testing/testing-instance-loader.js:9:9)
    at TestingModuleBuilder.createInstancesOfDependencies (/home/arligle/V1/Aiofix/aiofix-ai-saas-platform/node_modules/.pnpm/@nestjs+testing@11.1.6_@nestjs+common@11.1.6_class-transformer@0.5.1_class-validator@0._ff6a79f0d3e76ddb2b73722d992783a6/node_modules/@nestjs/testing/testing-module.builder.js:118:9)
    at TestingModuleBuilder.compile (/home/arligle/V1/Aiofix/aiofix-ai-saas-platform/node_modules/.pnpm/@nestjs+testing@11.1.6_@nestjs+common@11.1.6_class-transformer@0.5.1_class-validator@0._ff6a79f0d3e76ddb2b73722d992783a6/node_modules/@nestjs/testing/testing-module.builder.js:74:9)
    at Object.&lt;anonymous&gt; (/home/arligle/V1/Aiofix/aiofix-ai-saas-platform/packages/cache/src/services/cache-invalidation.service.spec.ts:196:35)</failure>
      <failure>TypeError: Cannot read properties of undefined (reading &apos;onDestroy&apos;)
    at Object.&lt;anonymous&gt; (/home/arligle/V1/Aiofix/aiofix-ai-saas-platform/packages/cache/src/services/cache-invalidation.service.spec.ts:223:13)
    at Promise.finally.completed (/home/arligle/V1/Aiofix/aiofix-ai-saas-platform/node_modules/.pnpm/jest-circus@30.1.3/node_modules/jest-circus/build/jestAdapterInit.js:1556:28)
    at new Promise (&lt;anonymous&gt;)
    at callAsyncCircusFn (/home/arligle/V1/Aiofix/aiofix-ai-saas-platform/node_modules/.pnpm/jest-circus@30.1.3/node_modules/jest-circus/build/jestAdapterInit.js:1496:10)
    at _callCircusHook (/home/arligle/V1/Aiofix/aiofix-ai-saas-platform/node_modules/.pnpm/jest-circus@30.1.3/node_modules/jest-circus/build/jestAdapterInit.js:975:40)
    at _runTest (/home/arligle/V1/Aiofix/aiofix-ai-saas-platform/node_modules/.pnpm/jest-circus@30.1.3/node_modules/jest-circus/build/jestAdapterInit.js:948:5)
    at _runTestsForDescribeBlock (/home/arligle/V1/Aiofix/aiofix-ai-saas-platform/node_modules/.pnpm/jest-circus@30.1.3/node_modules/jest-circus/build/jestAdapterInit.js:839:13)
    at _runTestsForDescribeBlock (/home/arligle/V1/Aiofix/aiofix-ai-saas-platform/node_modules/.pnpm/jest-circus@30.1.3/node_modules/jest-circus/build/jestAdapterInit.js:829:11)
    at _runTestsForDescribeBlock (/home/arligle/V1/Aiofix/aiofix-ai-saas-platform/node_modules/.pnpm/jest-circus@30.1.3/node_modules/jest-circus/build/jestAdapterInit.js:829:11)
    at run (/home/arligle/V1/Aiofix/aiofix-ai-saas-platform/node_modules/.pnpm/jest-circus@30.1.3/node_modules/jest-circus/build/jestAdapterInit.js:757:3)
    at runAndTransformResultsToJestFormat (/home/arligle/V1/Aiofix/aiofix-ai-saas-platform/node_modules/.pnpm/jest-circus@30.1.3/node_modules/jest-circus/build/jestAdapterInit.js:1917:21)
    at jestAdapter (/home/arligle/V1/Aiofix/aiofix-ai-saas-platform/node_modules/.pnpm/jest-circus@30.1.3/node_modules/jest-circus/build/runner.js:101:19)
    at runTestInternal (/home/arligle/V1/Aiofix/aiofix-ai-saas-platform/node_modules/.pnpm/jest-runner@30.1.3/node_modules/jest-runner/build/index.js:275:16)
    at runTest (/home/arligle/V1/Aiofix/aiofix-ai-saas-platform/node_modules/.pnpm/jest-runner@30.1.3/node_modules/jest-runner/build/index.js:343:7)</failure>
    </testcase>
    <testcase classname="CacheInvalidationService › rule management" name="should remove invalidation rule" time="0.002">
      <failure>TypeError: Cannot read properties of undefined (reading &apos;info&apos;)
    at _classThis.info [as startMonitoring] (/home/arligle/V1/Aiofix/aiofix-ai-saas-platform/packages/cache/src/services/cache-invalidation.service.ts:978:19)
    at new startMonitoring (/home/arligle/V1/Aiofix/aiofix-ai-saas-platform/packages/cache/src/services/cache-invalidation.service.ts:209:10)
    at TestingInjector.instantiateClass (/home/arligle/V1/Aiofix/aiofix-ai-saas-platform/node_modules/.pnpm/@nestjs+core@11.1.6_@nestjs+common@11.1.6_class-transformer@0.5.1_class-validator@0.14._bad85ac0f714a81162304b30d6edbbbf/node_modules/@nestjs/core/injector/injector.js:418:19)
    at callback (/home/arligle/V1/Aiofix/aiofix-ai-saas-platform/node_modules/.pnpm/@nestjs+core@11.1.6_@nestjs+common@11.1.6_class-transformer@0.5.1_class-validator@0.14._bad85ac0f714a81162304b30d6edbbbf/node_modules/@nestjs/core/injector/injector.js:70:45)
    at TestingInjector.resolveConstructorParams (/home/arligle/V1/Aiofix/aiofix-ai-saas-platform/node_modules/.pnpm/@nestjs+core@11.1.6_@nestjs+common@11.1.6_class-transformer@0.5.1_class-validator@0.14._bad85ac0f714a81162304b30d6edbbbf/node_modules/@nestjs/core/injector/injector.js:170:24)
    at TestingInjector.loadInstance (/home/arligle/V1/Aiofix/aiofix-ai-saas-platform/node_modules/.pnpm/@nestjs+core@11.1.6_@nestjs+common@11.1.6_class-transformer@0.5.1_class-validator@0.14._bad85ac0f714a81162304b30d6edbbbf/node_modules/@nestjs/core/injector/injector.js:75:13)
    at TestingInjector.loadProvider (/home/arligle/V1/Aiofix/aiofix-ai-saas-platform/node_modules/.pnpm/@nestjs+core@11.1.6_@nestjs+common@11.1.6_class-transformer@0.5.1_class-validator@0.14._bad85ac0f714a81162304b30d6edbbbf/node_modules/@nestjs/core/injector/injector.js:103:9)
    at /home/arligle/V1/Aiofix/aiofix-ai-saas-platform/node_modules/.pnpm/@nestjs+core@11.1.6_@nestjs+common@11.1.6_class-transformer@0.5.1_class-validator@0.14._bad85ac0f714a81162304b30d6edbbbf/node_modules/@nestjs/core/injector/instance-loader.js:56:13
    at async Promise.all (index 3)
    at TestingInstanceLoader.createInstancesOfProviders (/home/arligle/V1/Aiofix/aiofix-ai-saas-platform/node_modules/.pnpm/@nestjs+core@11.1.6_@nestjs+common@11.1.6_class-transformer@0.5.1_class-validator@0.14._bad85ac0f714a81162304b30d6edbbbf/node_modules/@nestjs/core/injector/instance-loader.js:55:9)
    at /home/arligle/V1/Aiofix/aiofix-ai-saas-platform/node_modules/.pnpm/@nestjs+core@11.1.6_@nestjs+common@11.1.6_class-transformer@0.5.1_class-validator@0.14._bad85ac0f714a81162304b30d6edbbbf/node_modules/@nestjs/core/injector/instance-loader.js:40:13
    at async Promise.all (index 1)
    at TestingInstanceLoader.createInstances (/home/arligle/V1/Aiofix/aiofix-ai-saas-platform/node_modules/.pnpm/@nestjs+core@11.1.6_@nestjs+common@11.1.6_class-transformer@0.5.1_class-validator@0.14._bad85ac0f714a81162304b30d6edbbbf/node_modules/@nestjs/core/injector/instance-loader.js:39:9)
    at TestingInstanceLoader.createInstancesOfDependencies (/home/arligle/V1/Aiofix/aiofix-ai-saas-platform/node_modules/.pnpm/@nestjs+core@11.1.6_@nestjs+common@11.1.6_class-transformer@0.5.1_class-validator@0.14._bad85ac0f714a81162304b30d6edbbbf/node_modules/@nestjs/core/injector/instance-loader.js:22:13)
    at TestingInstanceLoader.createInstancesOfDependencies (/home/arligle/V1/Aiofix/aiofix-ai-saas-platform/node_modules/.pnpm/@nestjs+testing@11.1.6_@nestjs+common@11.1.6_class-transformer@0.5.1_class-validator@0._ff6a79f0d3e76ddb2b73722d992783a6/node_modules/@nestjs/testing/testing-instance-loader.js:9:9)
    at TestingModuleBuilder.createInstancesOfDependencies (/home/arligle/V1/Aiofix/aiofix-ai-saas-platform/node_modules/.pnpm/@nestjs+testing@11.1.6_@nestjs+common@11.1.6_class-transformer@0.5.1_class-validator@0._ff6a79f0d3e76ddb2b73722d992783a6/node_modules/@nestjs/testing/testing-module.builder.js:118:9)
    at TestingModuleBuilder.compile (/home/arligle/V1/Aiofix/aiofix-ai-saas-platform/node_modules/.pnpm/@nestjs+testing@11.1.6_@nestjs+common@11.1.6_class-transformer@0.5.1_class-validator@0._ff6a79f0d3e76ddb2b73722d992783a6/node_modules/@nestjs/testing/testing-module.builder.js:74:9)
    at Object.&lt;anonymous&gt; (/home/arligle/V1/Aiofix/aiofix-ai-saas-platform/packages/cache/src/services/cache-invalidation.service.spec.ts:196:35)</failure>
      <failure>TypeError: Cannot read properties of undefined (reading &apos;onDestroy&apos;)
    at Object.&lt;anonymous&gt; (/home/arligle/V1/Aiofix/aiofix-ai-saas-platform/packages/cache/src/services/cache-invalidation.service.spec.ts:223:13)
    at Promise.finally.completed (/home/arligle/V1/Aiofix/aiofix-ai-saas-platform/node_modules/.pnpm/jest-circus@30.1.3/node_modules/jest-circus/build/jestAdapterInit.js:1556:28)
    at new Promise (&lt;anonymous&gt;)
    at callAsyncCircusFn (/home/arligle/V1/Aiofix/aiofix-ai-saas-platform/node_modules/.pnpm/jest-circus@30.1.3/node_modules/jest-circus/build/jestAdapterInit.js:1496:10)
    at _callCircusHook (/home/arligle/V1/Aiofix/aiofix-ai-saas-platform/node_modules/.pnpm/jest-circus@30.1.3/node_modules/jest-circus/build/jestAdapterInit.js:975:40)
    at _runTest (/home/arligle/V1/Aiofix/aiofix-ai-saas-platform/node_modules/.pnpm/jest-circus@30.1.3/node_modules/jest-circus/build/jestAdapterInit.js:948:5)
    at _runTestsForDescribeBlock (/home/arligle/V1/Aiofix/aiofix-ai-saas-platform/node_modules/.pnpm/jest-circus@30.1.3/node_modules/jest-circus/build/jestAdapterInit.js:839:13)
    at _runTestsForDescribeBlock (/home/arligle/V1/Aiofix/aiofix-ai-saas-platform/node_modules/.pnpm/jest-circus@30.1.3/node_modules/jest-circus/build/jestAdapterInit.js:829:11)
    at _runTestsForDescribeBlock (/home/arligle/V1/Aiofix/aiofix-ai-saas-platform/node_modules/.pnpm/jest-circus@30.1.3/node_modules/jest-circus/build/jestAdapterInit.js:829:11)
    at run (/home/arligle/V1/Aiofix/aiofix-ai-saas-platform/node_modules/.pnpm/jest-circus@30.1.3/node_modules/jest-circus/build/jestAdapterInit.js:757:3)
    at runAndTransformResultsToJestFormat (/home/arligle/V1/Aiofix/aiofix-ai-saas-platform/node_modules/.pnpm/jest-circus@30.1.3/node_modules/jest-circus/build/jestAdapterInit.js:1917:21)
    at jestAdapter (/home/arligle/V1/Aiofix/aiofix-ai-saas-platform/node_modules/.pnpm/jest-circus@30.1.3/node_modules/jest-circus/build/runner.js:101:19)
    at runTestInternal (/home/arligle/V1/Aiofix/aiofix-ai-saas-platform/node_modules/.pnpm/jest-runner@30.1.3/node_modules/jest-runner/build/index.js:275:16)
    at runTest (/home/arligle/V1/Aiofix/aiofix-ai-saas-platform/node_modules/.pnpm/jest-runner@30.1.3/node_modules/jest-runner/build/index.js:343:7)</failure>
    </testcase>
    <testcase classname="CacheInvalidationService › rule management" name="should update invalidation rule" time="0.002">
      <failure>TypeError: Cannot read properties of undefined (reading &apos;info&apos;)
    at _classThis.info [as startMonitoring] (/home/arligle/V1/Aiofix/aiofix-ai-saas-platform/packages/cache/src/services/cache-invalidation.service.ts:978:19)
    at new startMonitoring (/home/arligle/V1/Aiofix/aiofix-ai-saas-platform/packages/cache/src/services/cache-invalidation.service.ts:209:10)
    at TestingInjector.instantiateClass (/home/arligle/V1/Aiofix/aiofix-ai-saas-platform/node_modules/.pnpm/@nestjs+core@11.1.6_@nestjs+common@11.1.6_class-transformer@0.5.1_class-validator@0.14._bad85ac0f714a81162304b30d6edbbbf/node_modules/@nestjs/core/injector/injector.js:418:19)
    at callback (/home/arligle/V1/Aiofix/aiofix-ai-saas-platform/node_modules/.pnpm/@nestjs+core@11.1.6_@nestjs+common@11.1.6_class-transformer@0.5.1_class-validator@0.14._bad85ac0f714a81162304b30d6edbbbf/node_modules/@nestjs/core/injector/injector.js:70:45)
    at TestingInjector.resolveConstructorParams (/home/arligle/V1/Aiofix/aiofix-ai-saas-platform/node_modules/.pnpm/@nestjs+core@11.1.6_@nestjs+common@11.1.6_class-transformer@0.5.1_class-validator@0.14._bad85ac0f714a81162304b30d6edbbbf/node_modules/@nestjs/core/injector/injector.js:170:24)
    at TestingInjector.loadInstance (/home/arligle/V1/Aiofix/aiofix-ai-saas-platform/node_modules/.pnpm/@nestjs+core@11.1.6_@nestjs+common@11.1.6_class-transformer@0.5.1_class-validator@0.14._bad85ac0f714a81162304b30d6edbbbf/node_modules/@nestjs/core/injector/injector.js:75:13)
    at TestingInjector.loadProvider (/home/arligle/V1/Aiofix/aiofix-ai-saas-platform/node_modules/.pnpm/@nestjs+core@11.1.6_@nestjs+common@11.1.6_class-transformer@0.5.1_class-validator@0.14._bad85ac0f714a81162304b30d6edbbbf/node_modules/@nestjs/core/injector/injector.js:103:9)
    at /home/arligle/V1/Aiofix/aiofix-ai-saas-platform/node_modules/.pnpm/@nestjs+core@11.1.6_@nestjs+common@11.1.6_class-transformer@0.5.1_class-validator@0.14._bad85ac0f714a81162304b30d6edbbbf/node_modules/@nestjs/core/injector/instance-loader.js:56:13
    at async Promise.all (index 3)
    at TestingInstanceLoader.createInstancesOfProviders (/home/arligle/V1/Aiofix/aiofix-ai-saas-platform/node_modules/.pnpm/@nestjs+core@11.1.6_@nestjs+common@11.1.6_class-transformer@0.5.1_class-validator@0.14._bad85ac0f714a81162304b30d6edbbbf/node_modules/@nestjs/core/injector/instance-loader.js:55:9)
    at /home/arligle/V1/Aiofix/aiofix-ai-saas-platform/node_modules/.pnpm/@nestjs+core@11.1.6_@nestjs+common@11.1.6_class-transformer@0.5.1_class-validator@0.14._bad85ac0f714a81162304b30d6edbbbf/node_modules/@nestjs/core/injector/instance-loader.js:40:13
    at async Promise.all (index 1)
    at TestingInstanceLoader.createInstances (/home/arligle/V1/Aiofix/aiofix-ai-saas-platform/node_modules/.pnpm/@nestjs+core@11.1.6_@nestjs+common@11.1.6_class-transformer@0.5.1_class-validator@0.14._bad85ac0f714a81162304b30d6edbbbf/node_modules/@nestjs/core/injector/instance-loader.js:39:9)
    at TestingInstanceLoader.createInstancesOfDependencies (/home/arligle/V1/Aiofix/aiofix-ai-saas-platform/node_modules/.pnpm/@nestjs+core@11.1.6_@nestjs+common@11.1.6_class-transformer@0.5.1_class-validator@0.14._bad85ac0f714a81162304b30d6edbbbf/node_modules/@nestjs/core/injector/instance-loader.js:22:13)
    at TestingInstanceLoader.createInstancesOfDependencies (/home/arligle/V1/Aiofix/aiofix-ai-saas-platform/node_modules/.pnpm/@nestjs+testing@11.1.6_@nestjs+common@11.1.6_class-transformer@0.5.1_class-validator@0._ff6a79f0d3e76ddb2b73722d992783a6/node_modules/@nestjs/testing/testing-instance-loader.js:9:9)
    at TestingModuleBuilder.createInstancesOfDependencies (/home/arligle/V1/Aiofix/aiofix-ai-saas-platform/node_modules/.pnpm/@nestjs+testing@11.1.6_@nestjs+common@11.1.6_class-transformer@0.5.1_class-validator@0._ff6a79f0d3e76ddb2b73722d992783a6/node_modules/@nestjs/testing/testing-module.builder.js:118:9)
    at TestingModuleBuilder.compile (/home/arligle/V1/Aiofix/aiofix-ai-saas-platform/node_modules/.pnpm/@nestjs+testing@11.1.6_@nestjs+common@11.1.6_class-transformer@0.5.1_class-validator@0._ff6a79f0d3e76ddb2b73722d992783a6/node_modules/@nestjs/testing/testing-module.builder.js:74:9)
    at Object.&lt;anonymous&gt; (/home/arligle/V1/Aiofix/aiofix-ai-saas-platform/packages/cache/src/services/cache-invalidation.service.spec.ts:196:35)</failure>
      <failure>TypeError: Cannot read properties of undefined (reading &apos;onDestroy&apos;)
    at Object.&lt;anonymous&gt; (/home/arligle/V1/Aiofix/aiofix-ai-saas-platform/packages/cache/src/services/cache-invalidation.service.spec.ts:223:13)
    at Promise.finally.completed (/home/arligle/V1/Aiofix/aiofix-ai-saas-platform/node_modules/.pnpm/jest-circus@30.1.3/node_modules/jest-circus/build/jestAdapterInit.js:1556:28)
    at new Promise (&lt;anonymous&gt;)
    at callAsyncCircusFn (/home/arligle/V1/Aiofix/aiofix-ai-saas-platform/node_modules/.pnpm/jest-circus@30.1.3/node_modules/jest-circus/build/jestAdapterInit.js:1496:10)
    at _callCircusHook (/home/arligle/V1/Aiofix/aiofix-ai-saas-platform/node_modules/.pnpm/jest-circus@30.1.3/node_modules/jest-circus/build/jestAdapterInit.js:975:40)
    at _runTest (/home/arligle/V1/Aiofix/aiofix-ai-saas-platform/node_modules/.pnpm/jest-circus@30.1.3/node_modules/jest-circus/build/jestAdapterInit.js:948:5)
    at _runTestsForDescribeBlock (/home/arligle/V1/Aiofix/aiofix-ai-saas-platform/node_modules/.pnpm/jest-circus@30.1.3/node_modules/jest-circus/build/jestAdapterInit.js:839:13)
    at _runTestsForDescribeBlock (/home/arligle/V1/Aiofix/aiofix-ai-saas-platform/node_modules/.pnpm/jest-circus@30.1.3/node_modules/jest-circus/build/jestAdapterInit.js:829:11)
    at _runTestsForDescribeBlock (/home/arligle/V1/Aiofix/aiofix-ai-saas-platform/node_modules/.pnpm/jest-circus@30.1.3/node_modules/jest-circus/build/jestAdapterInit.js:829:11)
    at run (/home/arligle/V1/Aiofix/aiofix-ai-saas-platform/node_modules/.pnpm/jest-circus@30.1.3/node_modules/jest-circus/build/jestAdapterInit.js:757:3)
    at runAndTransformResultsToJestFormat (/home/arligle/V1/Aiofix/aiofix-ai-saas-platform/node_modules/.pnpm/jest-circus@30.1.3/node_modules/jest-circus/build/jestAdapterInit.js:1917:21)
    at jestAdapter (/home/arligle/V1/Aiofix/aiofix-ai-saas-platform/node_modules/.pnpm/jest-circus@30.1.3/node_modules/jest-circus/build/runner.js:101:19)
    at runTestInternal (/home/arligle/V1/Aiofix/aiofix-ai-saas-platform/node_modules/.pnpm/jest-runner@30.1.3/node_modules/jest-runner/build/index.js:275:16)
    at runTest (/home/arligle/V1/Aiofix/aiofix-ai-saas-platform/node_modules/.pnpm/jest-runner@30.1.3/node_modules/jest-runner/build/index.js:343:7)</failure>
    </testcase>
    <testcase classname="CacheInvalidationService › rule management" name="should get invalidation rule" time="0.001">
      <failure>TypeError: Cannot read properties of undefined (reading &apos;info&apos;)
    at _classThis.info [as startMonitoring] (/home/arligle/V1/Aiofix/aiofix-ai-saas-platform/packages/cache/src/services/cache-invalidation.service.ts:978:19)
    at new startMonitoring (/home/arligle/V1/Aiofix/aiofix-ai-saas-platform/packages/cache/src/services/cache-invalidation.service.ts:209:10)
    at TestingInjector.instantiateClass (/home/arligle/V1/Aiofix/aiofix-ai-saas-platform/node_modules/.pnpm/@nestjs+core@11.1.6_@nestjs+common@11.1.6_class-transformer@0.5.1_class-validator@0.14._bad85ac0f714a81162304b30d6edbbbf/node_modules/@nestjs/core/injector/injector.js:418:19)
    at callback (/home/arligle/V1/Aiofix/aiofix-ai-saas-platform/node_modules/.pnpm/@nestjs+core@11.1.6_@nestjs+common@11.1.6_class-transformer@0.5.1_class-validator@0.14._bad85ac0f714a81162304b30d6edbbbf/node_modules/@nestjs/core/injector/injector.js:70:45)
    at TestingInjector.resolveConstructorParams (/home/arligle/V1/Aiofix/aiofix-ai-saas-platform/node_modules/.pnpm/@nestjs+core@11.1.6_@nestjs+common@11.1.6_class-transformer@0.5.1_class-validator@0.14._bad85ac0f714a81162304b30d6edbbbf/node_modules/@nestjs/core/injector/injector.js:170:24)
    at TestingInjector.loadInstance (/home/arligle/V1/Aiofix/aiofix-ai-saas-platform/node_modules/.pnpm/@nestjs+core@11.1.6_@nestjs+common@11.1.6_class-transformer@0.5.1_class-validator@0.14._bad85ac0f714a81162304b30d6edbbbf/node_modules/@nestjs/core/injector/injector.js:75:13)
    at TestingInjector.loadProvider (/home/arligle/V1/Aiofix/aiofix-ai-saas-platform/node_modules/.pnpm/@nestjs+core@11.1.6_@nestjs+common@11.1.6_class-transformer@0.5.1_class-validator@0.14._bad85ac0f714a81162304b30d6edbbbf/node_modules/@nestjs/core/injector/injector.js:103:9)
    at /home/arligle/V1/Aiofix/aiofix-ai-saas-platform/node_modules/.pnpm/@nestjs+core@11.1.6_@nestjs+common@11.1.6_class-transformer@0.5.1_class-validator@0.14._bad85ac0f714a81162304b30d6edbbbf/node_modules/@nestjs/core/injector/instance-loader.js:56:13
    at async Promise.all (index 3)
    at TestingInstanceLoader.createInstancesOfProviders (/home/arligle/V1/Aiofix/aiofix-ai-saas-platform/node_modules/.pnpm/@nestjs+core@11.1.6_@nestjs+common@11.1.6_class-transformer@0.5.1_class-validator@0.14._bad85ac0f714a81162304b30d6edbbbf/node_modules/@nestjs/core/injector/instance-loader.js:55:9)
    at /home/arligle/V1/Aiofix/aiofix-ai-saas-platform/node_modules/.pnpm/@nestjs+core@11.1.6_@nestjs+common@11.1.6_class-transformer@0.5.1_class-validator@0.14._bad85ac0f714a81162304b30d6edbbbf/node_modules/@nestjs/core/injector/instance-loader.js:40:13
    at async Promise.all (index 1)
    at TestingInstanceLoader.createInstances (/home/arligle/V1/Aiofix/aiofix-ai-saas-platform/node_modules/.pnpm/@nestjs+core@11.1.6_@nestjs+common@11.1.6_class-transformer@0.5.1_class-validator@0.14._bad85ac0f714a81162304b30d6edbbbf/node_modules/@nestjs/core/injector/instance-loader.js:39:9)
    at TestingInstanceLoader.createInstancesOfDependencies (/home/arligle/V1/Aiofix/aiofix-ai-saas-platform/node_modules/.pnpm/@nestjs+core@11.1.6_@nestjs+common@11.1.6_class-transformer@0.5.1_class-validator@0.14._bad85ac0f714a81162304b30d6edbbbf/node_modules/@nestjs/core/injector/instance-loader.js:22:13)
    at TestingInstanceLoader.createInstancesOfDependencies (/home/arligle/V1/Aiofix/aiofix-ai-saas-platform/node_modules/.pnpm/@nestjs+testing@11.1.6_@nestjs+common@11.1.6_class-transformer@0.5.1_class-validator@0._ff6a79f0d3e76ddb2b73722d992783a6/node_modules/@nestjs/testing/testing-instance-loader.js:9:9)
    at TestingModuleBuilder.createInstancesOfDependencies (/home/arligle/V1/Aiofix/aiofix-ai-saas-platform/node_modules/.pnpm/@nestjs+testing@11.1.6_@nestjs+common@11.1.6_class-transformer@0.5.1_class-validator@0._ff6a79f0d3e76ddb2b73722d992783a6/node_modules/@nestjs/testing/testing-module.builder.js:118:9)
    at TestingModuleBuilder.compile (/home/arligle/V1/Aiofix/aiofix-ai-saas-platform/node_modules/.pnpm/@nestjs+testing@11.1.6_@nestjs+common@11.1.6_class-transformer@0.5.1_class-validator@0._ff6a79f0d3e76ddb2b73722d992783a6/node_modules/@nestjs/testing/testing-module.builder.js:74:9)
    at Object.&lt;anonymous&gt; (/home/arligle/V1/Aiofix/aiofix-ai-saas-platform/packages/cache/src/services/cache-invalidation.service.spec.ts:196:35)</failure>
      <failure>TypeError: Cannot read properties of undefined (reading &apos;onDestroy&apos;)
    at Object.&lt;anonymous&gt; (/home/arligle/V1/Aiofix/aiofix-ai-saas-platform/packages/cache/src/services/cache-invalidation.service.spec.ts:223:13)
    at Promise.finally.completed (/home/arligle/V1/Aiofix/aiofix-ai-saas-platform/node_modules/.pnpm/jest-circus@30.1.3/node_modules/jest-circus/build/jestAdapterInit.js:1556:28)
    at new Promise (&lt;anonymous&gt;)
    at callAsyncCircusFn (/home/arligle/V1/Aiofix/aiofix-ai-saas-platform/node_modules/.pnpm/jest-circus@30.1.3/node_modules/jest-circus/build/jestAdapterInit.js:1496:10)
    at _callCircusHook (/home/arligle/V1/Aiofix/aiofix-ai-saas-platform/node_modules/.pnpm/jest-circus@30.1.3/node_modules/jest-circus/build/jestAdapterInit.js:975:40)
    at _runTest (/home/arligle/V1/Aiofix/aiofix-ai-saas-platform/node_modules/.pnpm/jest-circus@30.1.3/node_modules/jest-circus/build/jestAdapterInit.js:948:5)
    at _runTestsForDescribeBlock (/home/arligle/V1/Aiofix/aiofix-ai-saas-platform/node_modules/.pnpm/jest-circus@30.1.3/node_modules/jest-circus/build/jestAdapterInit.js:839:13)
    at _runTestsForDescribeBlock (/home/arligle/V1/Aiofix/aiofix-ai-saas-platform/node_modules/.pnpm/jest-circus@30.1.3/node_modules/jest-circus/build/jestAdapterInit.js:829:11)
    at _runTestsForDescribeBlock (/home/arligle/V1/Aiofix/aiofix-ai-saas-platform/node_modules/.pnpm/jest-circus@30.1.3/node_modules/jest-circus/build/jestAdapterInit.js:829:11)
    at run (/home/arligle/V1/Aiofix/aiofix-ai-saas-platform/node_modules/.pnpm/jest-circus@30.1.3/node_modules/jest-circus/build/jestAdapterInit.js:757:3)
    at runAndTransformResultsToJestFormat (/home/arligle/V1/Aiofix/aiofix-ai-saas-platform/node_modules/.pnpm/jest-circus@30.1.3/node_modules/jest-circus/build/jestAdapterInit.js:1917:21)
    at jestAdapter (/home/arligle/V1/Aiofix/aiofix-ai-saas-platform/node_modules/.pnpm/jest-circus@30.1.3/node_modules/jest-circus/build/runner.js:101:19)
    at runTestInternal (/home/arligle/V1/Aiofix/aiofix-ai-saas-platform/node_modules/.pnpm/jest-runner@30.1.3/node_modules/jest-runner/build/index.js:275:16)
    at runTest (/home/arligle/V1/Aiofix/aiofix-ai-saas-platform/node_modules/.pnpm/jest-runner@30.1.3/node_modules/jest-runner/build/index.js:343:7)</failure>
    </testcase>
    <testcase classname="CacheInvalidationService › rule management" name="should get all rules with enabled filter" time="0.001">
      <failure>TypeError: Cannot read properties of undefined (reading &apos;info&apos;)
    at _classThis.info [as startMonitoring] (/home/arligle/V1/Aiofix/aiofix-ai-saas-platform/packages/cache/src/services/cache-invalidation.service.ts:978:19)
    at new startMonitoring (/home/arligle/V1/Aiofix/aiofix-ai-saas-platform/packages/cache/src/services/cache-invalidation.service.ts:209:10)
    at TestingInjector.instantiateClass (/home/arligle/V1/Aiofix/aiofix-ai-saas-platform/node_modules/.pnpm/@nestjs+core@11.1.6_@nestjs+common@11.1.6_class-transformer@0.5.1_class-validator@0.14._bad85ac0f714a81162304b30d6edbbbf/node_modules/@nestjs/core/injector/injector.js:418:19)
    at callback (/home/arligle/V1/Aiofix/aiofix-ai-saas-platform/node_modules/.pnpm/@nestjs+core@11.1.6_@nestjs+common@11.1.6_class-transformer@0.5.1_class-validator@0.14._bad85ac0f714a81162304b30d6edbbbf/node_modules/@nestjs/core/injector/injector.js:70:45)
    at TestingInjector.resolveConstructorParams (/home/arligle/V1/Aiofix/aiofix-ai-saas-platform/node_modules/.pnpm/@nestjs+core@11.1.6_@nestjs+common@11.1.6_class-transformer@0.5.1_class-validator@0.14._bad85ac0f714a81162304b30d6edbbbf/node_modules/@nestjs/core/injector/injector.js:170:24)
    at TestingInjector.loadInstance (/home/arligle/V1/Aiofix/aiofix-ai-saas-platform/node_modules/.pnpm/@nestjs+core@11.1.6_@nestjs+common@11.1.6_class-transformer@0.5.1_class-validator@0.14._bad85ac0f714a81162304b30d6edbbbf/node_modules/@nestjs/core/injector/injector.js:75:13)
    at TestingInjector.loadProvider (/home/arligle/V1/Aiofix/aiofix-ai-saas-platform/node_modules/.pnpm/@nestjs+core@11.1.6_@nestjs+common@11.1.6_class-transformer@0.5.1_class-validator@0.14._bad85ac0f714a81162304b30d6edbbbf/node_modules/@nestjs/core/injector/injector.js:103:9)
    at /home/arligle/V1/Aiofix/aiofix-ai-saas-platform/node_modules/.pnpm/@nestjs+core@11.1.6_@nestjs+common@11.1.6_class-transformer@0.5.1_class-validator@0.14._bad85ac0f714a81162304b30d6edbbbf/node_modules/@nestjs/core/injector/instance-loader.js:56:13
    at async Promise.all (index 3)
    at TestingInstanceLoader.createInstancesOfProviders (/home/arligle/V1/Aiofix/aiofix-ai-saas-platform/node_modules/.pnpm/@nestjs+core@11.1.6_@nestjs+common@11.1.6_class-transformer@0.5.1_class-validator@0.14._bad85ac0f714a81162304b30d6edbbbf/node_modules/@nestjs/core/injector/instance-loader.js:55:9)
    at /home/arligle/V1/Aiofix/aiofix-ai-saas-platform/node_modules/.pnpm/@nestjs+core@11.1.6_@nestjs+common@11.1.6_class-transformer@0.5.1_class-validator@0.14._bad85ac0f714a81162304b30d6edbbbf/node_modules/@nestjs/core/injector/instance-loader.js:40:13
    at async Promise.all (index 1)
    at TestingInstanceLoader.createInstances (/home/arligle/V1/Aiofix/aiofix-ai-saas-platform/node_modules/.pnpm/@nestjs+core@11.1.6_@nestjs+common@11.1.6_class-transformer@0.5.1_class-validator@0.14._bad85ac0f714a81162304b30d6edbbbf/node_modules/@nestjs/core/injector/instance-loader.js:39:9)
    at TestingInstanceLoader.createInstancesOfDependencies (/home/arligle/V1/Aiofix/aiofix-ai-saas-platform/node_modules/.pnpm/@nestjs+core@11.1.6_@nestjs+common@11.1.6_class-transformer@0.5.1_class-validator@0.14._bad85ac0f714a81162304b30d6edbbbf/node_modules/@nestjs/core/injector/instance-loader.js:22:13)
    at TestingInstanceLoader.createInstancesOfDependencies (/home/arligle/V1/Aiofix/aiofix-ai-saas-platform/node_modules/.pnpm/@nestjs+testing@11.1.6_@nestjs+common@11.1.6_class-transformer@0.5.1_class-validator@0._ff6a79f0d3e76ddb2b73722d992783a6/node_modules/@nestjs/testing/testing-instance-loader.js:9:9)
    at TestingModuleBuilder.createInstancesOfDependencies (/home/arligle/V1/Aiofix/aiofix-ai-saas-platform/node_modules/.pnpm/@nestjs+testing@11.1.6_@nestjs+common@11.1.6_class-transformer@0.5.1_class-validator@0._ff6a79f0d3e76ddb2b73722d992783a6/node_modules/@nestjs/testing/testing-module.builder.js:118:9)
    at TestingModuleBuilder.compile (/home/arligle/V1/Aiofix/aiofix-ai-saas-platform/node_modules/.pnpm/@nestjs+testing@11.1.6_@nestjs+common@11.1.6_class-transformer@0.5.1_class-validator@0._ff6a79f0d3e76ddb2b73722d992783a6/node_modules/@nestjs/testing/testing-module.builder.js:74:9)
    at Object.&lt;anonymous&gt; (/home/arligle/V1/Aiofix/aiofix-ai-saas-platform/packages/cache/src/services/cache-invalidation.service.spec.ts:196:35)</failure>
      <failure>TypeError: Cannot read properties of undefined (reading &apos;onDestroy&apos;)
    at Object.&lt;anonymous&gt; (/home/arligle/V1/Aiofix/aiofix-ai-saas-platform/packages/cache/src/services/cache-invalidation.service.spec.ts:223:13)
    at Promise.finally.completed (/home/arligle/V1/Aiofix/aiofix-ai-saas-platform/node_modules/.pnpm/jest-circus@30.1.3/node_modules/jest-circus/build/jestAdapterInit.js:1556:28)
    at new Promise (&lt;anonymous&gt;)
    at callAsyncCircusFn (/home/arligle/V1/Aiofix/aiofix-ai-saas-platform/node_modules/.pnpm/jest-circus@30.1.3/node_modules/jest-circus/build/jestAdapterInit.js:1496:10)
    at _callCircusHook (/home/arligle/V1/Aiofix/aiofix-ai-saas-platform/node_modules/.pnpm/jest-circus@30.1.3/node_modules/jest-circus/build/jestAdapterInit.js:975:40)
    at _runTest (/home/arligle/V1/Aiofix/aiofix-ai-saas-platform/node_modules/.pnpm/jest-circus@30.1.3/node_modules/jest-circus/build/jestAdapterInit.js:948:5)
    at _runTestsForDescribeBlock (/home/arligle/V1/Aiofix/aiofix-ai-saas-platform/node_modules/.pnpm/jest-circus@30.1.3/node_modules/jest-circus/build/jestAdapterInit.js:839:13)
    at _runTestsForDescribeBlock (/home/arligle/V1/Aiofix/aiofix-ai-saas-platform/node_modules/.pnpm/jest-circus@30.1.3/node_modules/jest-circus/build/jestAdapterInit.js:829:11)
    at _runTestsForDescribeBlock (/home/arligle/V1/Aiofix/aiofix-ai-saas-platform/node_modules/.pnpm/jest-circus@30.1.3/node_modules/jest-circus/build/jestAdapterInit.js:829:11)
    at run (/home/arligle/V1/Aiofix/aiofix-ai-saas-platform/node_modules/.pnpm/jest-circus@30.1.3/node_modules/jest-circus/build/jestAdapterInit.js:757:3)
    at runAndTransformResultsToJestFormat (/home/arligle/V1/Aiofix/aiofix-ai-saas-platform/node_modules/.pnpm/jest-circus@30.1.3/node_modules/jest-circus/build/jestAdapterInit.js:1917:21)
    at jestAdapter (/home/arligle/V1/Aiofix/aiofix-ai-saas-platform/node_modules/.pnpm/jest-circus@30.1.3/node_modules/jest-circus/build/runner.js:101:19)
    at runTestInternal (/home/arligle/V1/Aiofix/aiofix-ai-saas-platform/node_modules/.pnpm/jest-runner@30.1.3/node_modules/jest-runner/build/index.js:275:16)
    at runTest (/home/arligle/V1/Aiofix/aiofix-ai-saas-platform/node_modules/.pnpm/jest-runner@30.1.3/node_modules/jest-runner/build/index.js:343:7)</failure>
    </testcase>
    <testcase classname="CacheInvalidationService › cache invalidation" name="should invalidate exact keys" time="0.001">
      <failure>TypeError: Cannot read properties of undefined (reading &apos;info&apos;)
    at _classThis.info [as startMonitoring] (/home/arligle/V1/Aiofix/aiofix-ai-saas-platform/packages/cache/src/services/cache-invalidation.service.ts:978:19)
    at new startMonitoring (/home/arligle/V1/Aiofix/aiofix-ai-saas-platform/packages/cache/src/services/cache-invalidation.service.ts:209:10)
    at TestingInjector.instantiateClass (/home/arligle/V1/Aiofix/aiofix-ai-saas-platform/node_modules/.pnpm/@nestjs+core@11.1.6_@nestjs+common@11.1.6_class-transformer@0.5.1_class-validator@0.14._bad85ac0f714a81162304b30d6edbbbf/node_modules/@nestjs/core/injector/injector.js:418:19)
    at callback (/home/arligle/V1/Aiofix/aiofix-ai-saas-platform/node_modules/.pnpm/@nestjs+core@11.1.6_@nestjs+common@11.1.6_class-transformer@0.5.1_class-validator@0.14._bad85ac0f714a81162304b30d6edbbbf/node_modules/@nestjs/core/injector/injector.js:70:45)
    at TestingInjector.resolveConstructorParams (/home/arligle/V1/Aiofix/aiofix-ai-saas-platform/node_modules/.pnpm/@nestjs+core@11.1.6_@nestjs+common@11.1.6_class-transformer@0.5.1_class-validator@0.14._bad85ac0f714a81162304b30d6edbbbf/node_modules/@nestjs/core/injector/injector.js:170:24)
    at TestingInjector.loadInstance (/home/arligle/V1/Aiofix/aiofix-ai-saas-platform/node_modules/.pnpm/@nestjs+core@11.1.6_@nestjs+common@11.1.6_class-transformer@0.5.1_class-validator@0.14._bad85ac0f714a81162304b30d6edbbbf/node_modules/@nestjs/core/injector/injector.js:75:13)
    at TestingInjector.loadProvider (/home/arligle/V1/Aiofix/aiofix-ai-saas-platform/node_modules/.pnpm/@nestjs+core@11.1.6_@nestjs+common@11.1.6_class-transformer@0.5.1_class-validator@0.14._bad85ac0f714a81162304b30d6edbbbf/node_modules/@nestjs/core/injector/injector.js:103:9)
    at /home/arligle/V1/Aiofix/aiofix-ai-saas-platform/node_modules/.pnpm/@nestjs+core@11.1.6_@nestjs+common@11.1.6_class-transformer@0.5.1_class-validator@0.14._bad85ac0f714a81162304b30d6edbbbf/node_modules/@nestjs/core/injector/instance-loader.js:56:13
    at async Promise.all (index 3)
    at TestingInstanceLoader.createInstancesOfProviders (/home/arligle/V1/Aiofix/aiofix-ai-saas-platform/node_modules/.pnpm/@nestjs+core@11.1.6_@nestjs+common@11.1.6_class-transformer@0.5.1_class-validator@0.14._bad85ac0f714a81162304b30d6edbbbf/node_modules/@nestjs/core/injector/instance-loader.js:55:9)
    at /home/arligle/V1/Aiofix/aiofix-ai-saas-platform/node_modules/.pnpm/@nestjs+core@11.1.6_@nestjs+common@11.1.6_class-transformer@0.5.1_class-validator@0.14._bad85ac0f714a81162304b30d6edbbbf/node_modules/@nestjs/core/injector/instance-loader.js:40:13
    at async Promise.all (index 1)
    at TestingInstanceLoader.createInstances (/home/arligle/V1/Aiofix/aiofix-ai-saas-platform/node_modules/.pnpm/@nestjs+core@11.1.6_@nestjs+common@11.1.6_class-transformer@0.5.1_class-validator@0.14._bad85ac0f714a81162304b30d6edbbbf/node_modules/@nestjs/core/injector/instance-loader.js:39:9)
    at TestingInstanceLoader.createInstancesOfDependencies (/home/arligle/V1/Aiofix/aiofix-ai-saas-platform/node_modules/.pnpm/@nestjs+core@11.1.6_@nestjs+common@11.1.6_class-transformer@0.5.1_class-validator@0.14._bad85ac0f714a81162304b30d6edbbbf/node_modules/@nestjs/core/injector/instance-loader.js:22:13)
    at TestingInstanceLoader.createInstancesOfDependencies (/home/arligle/V1/Aiofix/aiofix-ai-saas-platform/node_modules/.pnpm/@nestjs+testing@11.1.6_@nestjs+common@11.1.6_class-transformer@0.5.1_class-validator@0._ff6a79f0d3e76ddb2b73722d992783a6/node_modules/@nestjs/testing/testing-instance-loader.js:9:9)
    at TestingModuleBuilder.createInstancesOfDependencies (/home/arligle/V1/Aiofix/aiofix-ai-saas-platform/node_modules/.pnpm/@nestjs+testing@11.1.6_@nestjs+common@11.1.6_class-transformer@0.5.1_class-validator@0._ff6a79f0d3e76ddb2b73722d992783a6/node_modules/@nestjs/testing/testing-module.builder.js:118:9)
    at TestingModuleBuilder.compile (/home/arligle/V1/Aiofix/aiofix-ai-saas-platform/node_modules/.pnpm/@nestjs+testing@11.1.6_@nestjs+common@11.1.6_class-transformer@0.5.1_class-validator@0._ff6a79f0d3e76ddb2b73722d992783a6/node_modules/@nestjs/testing/testing-module.builder.js:74:9)
    at Object.&lt;anonymous&gt; (/home/arligle/V1/Aiofix/aiofix-ai-saas-platform/packages/cache/src/services/cache-invalidation.service.spec.ts:196:35)</failure>
      <failure>TypeError: Cannot read properties of undefined (reading &apos;onDestroy&apos;)
    at Object.&lt;anonymous&gt; (/home/arligle/V1/Aiofix/aiofix-ai-saas-platform/packages/cache/src/services/cache-invalidation.service.spec.ts:223:13)
    at Promise.finally.completed (/home/arligle/V1/Aiofix/aiofix-ai-saas-platform/node_modules/.pnpm/jest-circus@30.1.3/node_modules/jest-circus/build/jestAdapterInit.js:1556:28)
    at new Promise (&lt;anonymous&gt;)
    at callAsyncCircusFn (/home/arligle/V1/Aiofix/aiofix-ai-saas-platform/node_modules/.pnpm/jest-circus@30.1.3/node_modules/jest-circus/build/jestAdapterInit.js:1496:10)
    at _callCircusHook (/home/arligle/V1/Aiofix/aiofix-ai-saas-platform/node_modules/.pnpm/jest-circus@30.1.3/node_modules/jest-circus/build/jestAdapterInit.js:975:40)
    at _runTest (/home/arligle/V1/Aiofix/aiofix-ai-saas-platform/node_modules/.pnpm/jest-circus@30.1.3/node_modules/jest-circus/build/jestAdapterInit.js:948:5)
    at _runTestsForDescribeBlock (/home/arligle/V1/Aiofix/aiofix-ai-saas-platform/node_modules/.pnpm/jest-circus@30.1.3/node_modules/jest-circus/build/jestAdapterInit.js:839:13)
    at _runTestsForDescribeBlock (/home/arligle/V1/Aiofix/aiofix-ai-saas-platform/node_modules/.pnpm/jest-circus@30.1.3/node_modules/jest-circus/build/jestAdapterInit.js:829:11)
    at _runTestsForDescribeBlock (/home/arligle/V1/Aiofix/aiofix-ai-saas-platform/node_modules/.pnpm/jest-circus@30.1.3/node_modules/jest-circus/build/jestAdapterInit.js:829:11)
    at run (/home/arligle/V1/Aiofix/aiofix-ai-saas-platform/node_modules/.pnpm/jest-circus@30.1.3/node_modules/jest-circus/build/jestAdapterInit.js:757:3)
    at runAndTransformResultsToJestFormat (/home/arligle/V1/Aiofix/aiofix-ai-saas-platform/node_modules/.pnpm/jest-circus@30.1.3/node_modules/jest-circus/build/jestAdapterInit.js:1917:21)
    at jestAdapter (/home/arligle/V1/Aiofix/aiofix-ai-saas-platform/node_modules/.pnpm/jest-circus@30.1.3/node_modules/jest-circus/build/runner.js:101:19)
    at runTestInternal (/home/arligle/V1/Aiofix/aiofix-ai-saas-platform/node_modules/.pnpm/jest-runner@30.1.3/node_modules/jest-runner/build/index.js:275:16)
    at runTest (/home/arligle/V1/Aiofix/aiofix-ai-saas-platform/node_modules/.pnpm/jest-runner@30.1.3/node_modules/jest-runner/build/index.js:343:7)</failure>
    </testcase>
    <testcase classname="CacheInvalidationService › cache invalidation" name="should invalidate by namespace" time="0.002">
      <failure>TypeError: Cannot read properties of undefined (reading &apos;info&apos;)
    at _classThis.info [as startMonitoring] (/home/arligle/V1/Aiofix/aiofix-ai-saas-platform/packages/cache/src/services/cache-invalidation.service.ts:978:19)
    at new startMonitoring (/home/arligle/V1/Aiofix/aiofix-ai-saas-platform/packages/cache/src/services/cache-invalidation.service.ts:209:10)
    at TestingInjector.instantiateClass (/home/arligle/V1/Aiofix/aiofix-ai-saas-platform/node_modules/.pnpm/@nestjs+core@11.1.6_@nestjs+common@11.1.6_class-transformer@0.5.1_class-validator@0.14._bad85ac0f714a81162304b30d6edbbbf/node_modules/@nestjs/core/injector/injector.js:418:19)
    at callback (/home/arligle/V1/Aiofix/aiofix-ai-saas-platform/node_modules/.pnpm/@nestjs+core@11.1.6_@nestjs+common@11.1.6_class-transformer@0.5.1_class-validator@0.14._bad85ac0f714a81162304b30d6edbbbf/node_modules/@nestjs/core/injector/injector.js:70:45)
    at TestingInjector.resolveConstructorParams (/home/arligle/V1/Aiofix/aiofix-ai-saas-platform/node_modules/.pnpm/@nestjs+core@11.1.6_@nestjs+common@11.1.6_class-transformer@0.5.1_class-validator@0.14._bad85ac0f714a81162304b30d6edbbbf/node_modules/@nestjs/core/injector/injector.js:170:24)
    at TestingInjector.loadInstance (/home/arligle/V1/Aiofix/aiofix-ai-saas-platform/node_modules/.pnpm/@nestjs+core@11.1.6_@nestjs+common@11.1.6_class-transformer@0.5.1_class-validator@0.14._bad85ac0f714a81162304b30d6edbbbf/node_modules/@nestjs/core/injector/injector.js:75:13)
    at TestingInjector.loadProvider (/home/arligle/V1/Aiofix/aiofix-ai-saas-platform/node_modules/.pnpm/@nestjs+core@11.1.6_@nestjs+common@11.1.6_class-transformer@0.5.1_class-validator@0.14._bad85ac0f714a81162304b30d6edbbbf/node_modules/@nestjs/core/injector/injector.js:103:9)
    at /home/arligle/V1/Aiofix/aiofix-ai-saas-platform/node_modules/.pnpm/@nestjs+core@11.1.6_@nestjs+common@11.1.6_class-transformer@0.5.1_class-validator@0.14._bad85ac0f714a81162304b30d6edbbbf/node_modules/@nestjs/core/injector/instance-loader.js:56:13
    at async Promise.all (index 3)
    at TestingInstanceLoader.createInstancesOfProviders (/home/arligle/V1/Aiofix/aiofix-ai-saas-platform/node_modules/.pnpm/@nestjs+core@11.1.6_@nestjs+common@11.1.6_class-transformer@0.5.1_class-validator@0.14._bad85ac0f714a81162304b30d6edbbbf/node_modules/@nestjs/core/injector/instance-loader.js:55:9)
    at /home/arligle/V1/Aiofix/aiofix-ai-saas-platform/node_modules/.pnpm/@nestjs+core@11.1.6_@nestjs+common@11.1.6_class-transformer@0.5.1_class-validator@0.14._bad85ac0f714a81162304b30d6edbbbf/node_modules/@nestjs/core/injector/instance-loader.js:40:13
    at async Promise.all (index 1)
    at TestingInstanceLoader.createInstances (/home/arligle/V1/Aiofix/aiofix-ai-saas-platform/node_modules/.pnpm/@nestjs+core@11.1.6_@nestjs+common@11.1.6_class-transformer@0.5.1_class-validator@0.14._bad85ac0f714a81162304b30d6edbbbf/node_modules/@nestjs/core/injector/instance-loader.js:39:9)
    at TestingInstanceLoader.createInstancesOfDependencies (/home/arligle/V1/Aiofix/aiofix-ai-saas-platform/node_modules/.pnpm/@nestjs+core@11.1.6_@nestjs+common@11.1.6_class-transformer@0.5.1_class-validator@0.14._bad85ac0f714a81162304b30d6edbbbf/node_modules/@nestjs/core/injector/instance-loader.js:22:13)
    at TestingInstanceLoader.createInstancesOfDependencies (/home/arligle/V1/Aiofix/aiofix-ai-saas-platform/node_modules/.pnpm/@nestjs+testing@11.1.6_@nestjs+common@11.1.6_class-transformer@0.5.1_class-validator@0._ff6a79f0d3e76ddb2b73722d992783a6/node_modules/@nestjs/testing/testing-instance-loader.js:9:9)
    at TestingModuleBuilder.createInstancesOfDependencies (/home/arligle/V1/Aiofix/aiofix-ai-saas-platform/node_modules/.pnpm/@nestjs+testing@11.1.6_@nestjs+common@11.1.6_class-transformer@0.5.1_class-validator@0._ff6a79f0d3e76ddb2b73722d992783a6/node_modules/@nestjs/testing/testing-module.builder.js:118:9)
    at TestingModuleBuilder.compile (/home/arligle/V1/Aiofix/aiofix-ai-saas-platform/node_modules/.pnpm/@nestjs+testing@11.1.6_@nestjs+common@11.1.6_class-transformer@0.5.1_class-validator@0._ff6a79f0d3e76ddb2b73722d992783a6/node_modules/@nestjs/testing/testing-module.builder.js:74:9)
    at Object.&lt;anonymous&gt; (/home/arligle/V1/Aiofix/aiofix-ai-saas-platform/packages/cache/src/services/cache-invalidation.service.spec.ts:196:35)</failure>
      <failure>TypeError: Cannot read properties of undefined (reading &apos;onDestroy&apos;)
    at Object.&lt;anonymous&gt; (/home/arligle/V1/Aiofix/aiofix-ai-saas-platform/packages/cache/src/services/cache-invalidation.service.spec.ts:223:13)
    at Promise.finally.completed (/home/arligle/V1/Aiofix/aiofix-ai-saas-platform/node_modules/.pnpm/jest-circus@30.1.3/node_modules/jest-circus/build/jestAdapterInit.js:1556:28)
    at new Promise (&lt;anonymous&gt;)
    at callAsyncCircusFn (/home/arligle/V1/Aiofix/aiofix-ai-saas-platform/node_modules/.pnpm/jest-circus@30.1.3/node_modules/jest-circus/build/jestAdapterInit.js:1496:10)
    at _callCircusHook (/home/arligle/V1/Aiofix/aiofix-ai-saas-platform/node_modules/.pnpm/jest-circus@30.1.3/node_modules/jest-circus/build/jestAdapterInit.js:975:40)
    at _runTest (/home/arligle/V1/Aiofix/aiofix-ai-saas-platform/node_modules/.pnpm/jest-circus@30.1.3/node_modules/jest-circus/build/jestAdapterInit.js:948:5)
    at _runTestsForDescribeBlock (/home/arligle/V1/Aiofix/aiofix-ai-saas-platform/node_modules/.pnpm/jest-circus@30.1.3/node_modules/jest-circus/build/jestAdapterInit.js:839:13)
    at _runTestsForDescribeBlock (/home/arligle/V1/Aiofix/aiofix-ai-saas-platform/node_modules/.pnpm/jest-circus@30.1.3/node_modules/jest-circus/build/jestAdapterInit.js:829:11)
    at _runTestsForDescribeBlock (/home/arligle/V1/Aiofix/aiofix-ai-saas-platform/node_modules/.pnpm/jest-circus@30.1.3/node_modules/jest-circus/build/jestAdapterInit.js:829:11)
    at run (/home/arligle/V1/Aiofix/aiofix-ai-saas-platform/node_modules/.pnpm/jest-circus@30.1.3/node_modules/jest-circus/build/jestAdapterInit.js:757:3)
    at runAndTransformResultsToJestFormat (/home/arligle/V1/Aiofix/aiofix-ai-saas-platform/node_modules/.pnpm/jest-circus@30.1.3/node_modules/jest-circus/build/jestAdapterInit.js:1917:21)
    at jestAdapter (/home/arligle/V1/Aiofix/aiofix-ai-saas-platform/node_modules/.pnpm/jest-circus@30.1.3/node_modules/jest-circus/build/runner.js:101:19)
    at runTestInternal (/home/arligle/V1/Aiofix/aiofix-ai-saas-platform/node_modules/.pnpm/jest-runner@30.1.3/node_modules/jest-runner/build/index.js:275:16)
    at runTest (/home/arligle/V1/Aiofix/aiofix-ai-saas-platform/node_modules/.pnpm/jest-runner@30.1.3/node_modules/jest-runner/build/index.js:343:7)</failure>
    </testcase>
    <testcase classname="CacheInvalidationService › cache invalidation" name="should invalidate batch" time="0.001">
      <failure>TypeError: Cannot read properties of undefined (reading &apos;info&apos;)
    at _classThis.info [as startMonitoring] (/home/arligle/V1/Aiofix/aiofix-ai-saas-platform/packages/cache/src/services/cache-invalidation.service.ts:978:19)
    at new startMonitoring (/home/arligle/V1/Aiofix/aiofix-ai-saas-platform/packages/cache/src/services/cache-invalidation.service.ts:209:10)
    at TestingInjector.instantiateClass (/home/arligle/V1/Aiofix/aiofix-ai-saas-platform/node_modules/.pnpm/@nestjs+core@11.1.6_@nestjs+common@11.1.6_class-transformer@0.5.1_class-validator@0.14._bad85ac0f714a81162304b30d6edbbbf/node_modules/@nestjs/core/injector/injector.js:418:19)
    at callback (/home/arligle/V1/Aiofix/aiofix-ai-saas-platform/node_modules/.pnpm/@nestjs+core@11.1.6_@nestjs+common@11.1.6_class-transformer@0.5.1_class-validator@0.14._bad85ac0f714a81162304b30d6edbbbf/node_modules/@nestjs/core/injector/injector.js:70:45)
    at TestingInjector.resolveConstructorParams (/home/arligle/V1/Aiofix/aiofix-ai-saas-platform/node_modules/.pnpm/@nestjs+core@11.1.6_@nestjs+common@11.1.6_class-transformer@0.5.1_class-validator@0.14._bad85ac0f714a81162304b30d6edbbbf/node_modules/@nestjs/core/injector/injector.js:170:24)
    at TestingInjector.loadInstance (/home/arligle/V1/Aiofix/aiofix-ai-saas-platform/node_modules/.pnpm/@nestjs+core@11.1.6_@nestjs+common@11.1.6_class-transformer@0.5.1_class-validator@0.14._bad85ac0f714a81162304b30d6edbbbf/node_modules/@nestjs/core/injector/injector.js:75:13)
    at TestingInjector.loadProvider (/home/arligle/V1/Aiofix/aiofix-ai-saas-platform/node_modules/.pnpm/@nestjs+core@11.1.6_@nestjs+common@11.1.6_class-transformer@0.5.1_class-validator@0.14._bad85ac0f714a81162304b30d6edbbbf/node_modules/@nestjs/core/injector/injector.js:103:9)
    at /home/arligle/V1/Aiofix/aiofix-ai-saas-platform/node_modules/.pnpm/@nestjs+core@11.1.6_@nestjs+common@11.1.6_class-transformer@0.5.1_class-validator@0.14._bad85ac0f714a81162304b30d6edbbbf/node_modules/@nestjs/core/injector/instance-loader.js:56:13
    at async Promise.all (index 3)
    at TestingInstanceLoader.createInstancesOfProviders (/home/arligle/V1/Aiofix/aiofix-ai-saas-platform/node_modules/.pnpm/@nestjs+core@11.1.6_@nestjs+common@11.1.6_class-transformer@0.5.1_class-validator@0.14._bad85ac0f714a81162304b30d6edbbbf/node_modules/@nestjs/core/injector/instance-loader.js:55:9)
    at /home/arligle/V1/Aiofix/aiofix-ai-saas-platform/node_modules/.pnpm/@nestjs+core@11.1.6_@nestjs+common@11.1.6_class-transformer@0.5.1_class-validator@0.14._bad85ac0f714a81162304b30d6edbbbf/node_modules/@nestjs/core/injector/instance-loader.js:40:13
    at async Promise.all (index 1)
    at TestingInstanceLoader.createInstances (/home/arligle/V1/Aiofix/aiofix-ai-saas-platform/node_modules/.pnpm/@nestjs+core@11.1.6_@nestjs+common@11.1.6_class-transformer@0.5.1_class-validator@0.14._bad85ac0f714a81162304b30d6edbbbf/node_modules/@nestjs/core/injector/instance-loader.js:39:9)
    at TestingInstanceLoader.createInstancesOfDependencies (/home/arligle/V1/Aiofix/aiofix-ai-saas-platform/node_modules/.pnpm/@nestjs+core@11.1.6_@nestjs+common@11.1.6_class-transformer@0.5.1_class-validator@0.14._bad85ac0f714a81162304b30d6edbbbf/node_modules/@nestjs/core/injector/instance-loader.js:22:13)
    at TestingInstanceLoader.createInstancesOfDependencies (/home/arligle/V1/Aiofix/aiofix-ai-saas-platform/node_modules/.pnpm/@nestjs+testing@11.1.6_@nestjs+common@11.1.6_class-transformer@0.5.1_class-validator@0._ff6a79f0d3e76ddb2b73722d992783a6/node_modules/@nestjs/testing/testing-instance-loader.js:9:9)
    at TestingModuleBuilder.createInstancesOfDependencies (/home/arligle/V1/Aiofix/aiofix-ai-saas-platform/node_modules/.pnpm/@nestjs+testing@11.1.6_@nestjs+common@11.1.6_class-transformer@0.5.1_class-validator@0._ff6a79f0d3e76ddb2b73722d992783a6/node_modules/@nestjs/testing/testing-module.builder.js:118:9)
    at TestingModuleBuilder.compile (/home/arligle/V1/Aiofix/aiofix-ai-saas-platform/node_modules/.pnpm/@nestjs+testing@11.1.6_@nestjs+common@11.1.6_class-transformer@0.5.1_class-validator@0._ff6a79f0d3e76ddb2b73722d992783a6/node_modules/@nestjs/testing/testing-module.builder.js:74:9)
    at Object.&lt;anonymous&gt; (/home/arligle/V1/Aiofix/aiofix-ai-saas-platform/packages/cache/src/services/cache-invalidation.service.spec.ts:196:35)</failure>
      <failure>TypeError: Cannot read properties of undefined (reading &apos;onDestroy&apos;)
    at Object.&lt;anonymous&gt; (/home/arligle/V1/Aiofix/aiofix-ai-saas-platform/packages/cache/src/services/cache-invalidation.service.spec.ts:223:13)
    at Promise.finally.completed (/home/arligle/V1/Aiofix/aiofix-ai-saas-platform/node_modules/.pnpm/jest-circus@30.1.3/node_modules/jest-circus/build/jestAdapterInit.js:1556:28)
    at new Promise (&lt;anonymous&gt;)
    at callAsyncCircusFn (/home/arligle/V1/Aiofix/aiofix-ai-saas-platform/node_modules/.pnpm/jest-circus@30.1.3/node_modules/jest-circus/build/jestAdapterInit.js:1496:10)
    at _callCircusHook (/home/arligle/V1/Aiofix/aiofix-ai-saas-platform/node_modules/.pnpm/jest-circus@30.1.3/node_modules/jest-circus/build/jestAdapterInit.js:975:40)
    at _runTest (/home/arligle/V1/Aiofix/aiofix-ai-saas-platform/node_modules/.pnpm/jest-circus@30.1.3/node_modules/jest-circus/build/jestAdapterInit.js:948:5)
    at _runTestsForDescribeBlock (/home/arligle/V1/Aiofix/aiofix-ai-saas-platform/node_modules/.pnpm/jest-circus@30.1.3/node_modules/jest-circus/build/jestAdapterInit.js:839:13)
    at _runTestsForDescribeBlock (/home/arligle/V1/Aiofix/aiofix-ai-saas-platform/node_modules/.pnpm/jest-circus@30.1.3/node_modules/jest-circus/build/jestAdapterInit.js:829:11)
    at _runTestsForDescribeBlock (/home/arligle/V1/Aiofix/aiofix-ai-saas-platform/node_modules/.pnpm/jest-circus@30.1.3/node_modules/jest-circus/build/jestAdapterInit.js:829:11)
    at run (/home/arligle/V1/Aiofix/aiofix-ai-saas-platform/node_modules/.pnpm/jest-circus@30.1.3/node_modules/jest-circus/build/jestAdapterInit.js:757:3)
    at runAndTransformResultsToJestFormat (/home/arligle/V1/Aiofix/aiofix-ai-saas-platform/node_modules/.pnpm/jest-circus@30.1.3/node_modules/jest-circus/build/jestAdapterInit.js:1917:21)
    at jestAdapter (/home/arligle/V1/Aiofix/aiofix-ai-saas-platform/node_modules/.pnpm/jest-circus@30.1.3/node_modules/jest-circus/build/runner.js:101:19)
    at runTestInternal (/home/arligle/V1/Aiofix/aiofix-ai-saas-platform/node_modules/.pnpm/jest-runner@30.1.3/node_modules/jest-runner/build/index.js:275:16)
    at runTest (/home/arligle/V1/Aiofix/aiofix-ai-saas-platform/node_modules/.pnpm/jest-runner@30.1.3/node_modules/jest-runner/build/index.js:343:7)</failure>
    </testcase>
    <testcase classname="CacheInvalidationService › cache invalidation" name="should handle invalidate with non-existent keys" time="0.001">
      <failure>TypeError: Cannot read properties of undefined (reading &apos;info&apos;)
    at _classThis.info [as startMonitoring] (/home/arligle/V1/Aiofix/aiofix-ai-saas-platform/packages/cache/src/services/cache-invalidation.service.ts:978:19)
    at new startMonitoring (/home/arligle/V1/Aiofix/aiofix-ai-saas-platform/packages/cache/src/services/cache-invalidation.service.ts:209:10)
    at TestingInjector.instantiateClass (/home/arligle/V1/Aiofix/aiofix-ai-saas-platform/node_modules/.pnpm/@nestjs+core@11.1.6_@nestjs+common@11.1.6_class-transformer@0.5.1_class-validator@0.14._bad85ac0f714a81162304b30d6edbbbf/node_modules/@nestjs/core/injector/injector.js:418:19)
    at callback (/home/arligle/V1/Aiofix/aiofix-ai-saas-platform/node_modules/.pnpm/@nestjs+core@11.1.6_@nestjs+common@11.1.6_class-transformer@0.5.1_class-validator@0.14._bad85ac0f714a81162304b30d6edbbbf/node_modules/@nestjs/core/injector/injector.js:70:45)
    at TestingInjector.resolveConstructorParams (/home/arligle/V1/Aiofix/aiofix-ai-saas-platform/node_modules/.pnpm/@nestjs+core@11.1.6_@nestjs+common@11.1.6_class-transformer@0.5.1_class-validator@0.14._bad85ac0f714a81162304b30d6edbbbf/node_modules/@nestjs/core/injector/injector.js:170:24)
    at TestingInjector.loadInstance (/home/arligle/V1/Aiofix/aiofix-ai-saas-platform/node_modules/.pnpm/@nestjs+core@11.1.6_@nestjs+common@11.1.6_class-transformer@0.5.1_class-validator@0.14._bad85ac0f714a81162304b30d6edbbbf/node_modules/@nestjs/core/injector/injector.js:75:13)
    at TestingInjector.loadProvider (/home/arligle/V1/Aiofix/aiofix-ai-saas-platform/node_modules/.pnpm/@nestjs+core@11.1.6_@nestjs+common@11.1.6_class-transformer@0.5.1_class-validator@0.14._bad85ac0f714a81162304b30d6edbbbf/node_modules/@nestjs/core/injector/injector.js:103:9)
    at /home/arligle/V1/Aiofix/aiofix-ai-saas-platform/node_modules/.pnpm/@nestjs+core@11.1.6_@nestjs+common@11.1.6_class-transformer@0.5.1_class-validator@0.14._bad85ac0f714a81162304b30d6edbbbf/node_modules/@nestjs/core/injector/instance-loader.js:56:13
    at async Promise.all (index 3)
    at TestingInstanceLoader.createInstancesOfProviders (/home/arligle/V1/Aiofix/aiofix-ai-saas-platform/node_modules/.pnpm/@nestjs+core@11.1.6_@nestjs+common@11.1.6_class-transformer@0.5.1_class-validator@0.14._bad85ac0f714a81162304b30d6edbbbf/node_modules/@nestjs/core/injector/instance-loader.js:55:9)
    at /home/arligle/V1/Aiofix/aiofix-ai-saas-platform/node_modules/.pnpm/@nestjs+core@11.1.6_@nestjs+common@11.1.6_class-transformer@0.5.1_class-validator@0.14._bad85ac0f714a81162304b30d6edbbbf/node_modules/@nestjs/core/injector/instance-loader.js:40:13
    at async Promise.all (index 1)
    at TestingInstanceLoader.createInstances (/home/arligle/V1/Aiofix/aiofix-ai-saas-platform/node_modules/.pnpm/@nestjs+core@11.1.6_@nestjs+common@11.1.6_class-transformer@0.5.1_class-validator@0.14._bad85ac0f714a81162304b30d6edbbbf/node_modules/@nestjs/core/injector/instance-loader.js:39:9)
    at TestingInstanceLoader.createInstancesOfDependencies (/home/arligle/V1/Aiofix/aiofix-ai-saas-platform/node_modules/.pnpm/@nestjs+core@11.1.6_@nestjs+common@11.1.6_class-transformer@0.5.1_class-validator@0.14._bad85ac0f714a81162304b30d6edbbbf/node_modules/@nestjs/core/injector/instance-loader.js:22:13)
    at TestingInstanceLoader.createInstancesOfDependencies (/home/arligle/V1/Aiofix/aiofix-ai-saas-platform/node_modules/.pnpm/@nestjs+testing@11.1.6_@nestjs+common@11.1.6_class-transformer@0.5.1_class-validator@0._ff6a79f0d3e76ddb2b73722d992783a6/node_modules/@nestjs/testing/testing-instance-loader.js:9:9)
    at TestingModuleBuilder.createInstancesOfDependencies (/home/arligle/V1/Aiofix/aiofix-ai-saas-platform/node_modules/.pnpm/@nestjs+testing@11.1.6_@nestjs+common@11.1.6_class-transformer@0.5.1_class-validator@0._ff6a79f0d3e76ddb2b73722d992783a6/node_modules/@nestjs/testing/testing-module.builder.js:118:9)
    at TestingModuleBuilder.compile (/home/arligle/V1/Aiofix/aiofix-ai-saas-platform/node_modules/.pnpm/@nestjs+testing@11.1.6_@nestjs+common@11.1.6_class-transformer@0.5.1_class-validator@0._ff6a79f0d3e76ddb2b73722d992783a6/node_modules/@nestjs/testing/testing-module.builder.js:74:9)
    at Object.&lt;anonymous&gt; (/home/arligle/V1/Aiofix/aiofix-ai-saas-platform/packages/cache/src/services/cache-invalidation.service.spec.ts:196:35)</failure>
      <failure>TypeError: Cannot read properties of undefined (reading &apos;onDestroy&apos;)
    at Object.&lt;anonymous&gt; (/home/arligle/V1/Aiofix/aiofix-ai-saas-platform/packages/cache/src/services/cache-invalidation.service.spec.ts:223:13)
    at Promise.finally.completed (/home/arligle/V1/Aiofix/aiofix-ai-saas-platform/node_modules/.pnpm/jest-circus@30.1.3/node_modules/jest-circus/build/jestAdapterInit.js:1556:28)
    at new Promise (&lt;anonymous&gt;)
    at callAsyncCircusFn (/home/arligle/V1/Aiofix/aiofix-ai-saas-platform/node_modules/.pnpm/jest-circus@30.1.3/node_modules/jest-circus/build/jestAdapterInit.js:1496:10)
    at _callCircusHook (/home/arligle/V1/Aiofix/aiofix-ai-saas-platform/node_modules/.pnpm/jest-circus@30.1.3/node_modules/jest-circus/build/jestAdapterInit.js:975:40)
    at _runTest (/home/arligle/V1/Aiofix/aiofix-ai-saas-platform/node_modules/.pnpm/jest-circus@30.1.3/node_modules/jest-circus/build/jestAdapterInit.js:948:5)
    at _runTestsForDescribeBlock (/home/arligle/V1/Aiofix/aiofix-ai-saas-platform/node_modules/.pnpm/jest-circus@30.1.3/node_modules/jest-circus/build/jestAdapterInit.js:839:13)
    at _runTestsForDescribeBlock (/home/arligle/V1/Aiofix/aiofix-ai-saas-platform/node_modules/.pnpm/jest-circus@30.1.3/node_modules/jest-circus/build/jestAdapterInit.js:829:11)
    at _runTestsForDescribeBlock (/home/arligle/V1/Aiofix/aiofix-ai-saas-platform/node_modules/.pnpm/jest-circus@30.1.3/node_modules/jest-circus/build/jestAdapterInit.js:829:11)
    at run (/home/arligle/V1/Aiofix/aiofix-ai-saas-platform/node_modules/.pnpm/jest-circus@30.1.3/node_modules/jest-circus/build/jestAdapterInit.js:757:3)
    at runAndTransformResultsToJestFormat (/home/arligle/V1/Aiofix/aiofix-ai-saas-platform/node_modules/.pnpm/jest-circus@30.1.3/node_modules/jest-circus/build/jestAdapterInit.js:1917:21)
    at jestAdapter (/home/arligle/V1/Aiofix/aiofix-ai-saas-platform/node_modules/.pnpm/jest-circus@30.1.3/node_modules/jest-circus/build/runner.js:101:19)
    at runTestInternal (/home/arligle/V1/Aiofix/aiofix-ai-saas-platform/node_modules/.pnpm/jest-runner@30.1.3/node_modules/jest-runner/build/index.js:275:16)
    at runTest (/home/arligle/V1/Aiofix/aiofix-ai-saas-platform/node_modules/.pnpm/jest-runner@30.1.3/node_modules/jest-runner/build/index.js:343:7)</failure>
    </testcase>
    <testcase classname="CacheInvalidationService › cache invalidation" name="should handle invalidation errors gracefully" time="0.001">
      <failure>TypeError: Cannot read properties of undefined (reading &apos;info&apos;)
    at _classThis.info [as startMonitoring] (/home/arligle/V1/Aiofix/aiofix-ai-saas-platform/packages/cache/src/services/cache-invalidation.service.ts:978:19)
    at new startMonitoring (/home/arligle/V1/Aiofix/aiofix-ai-saas-platform/packages/cache/src/services/cache-invalidation.service.ts:209:10)
    at TestingInjector.instantiateClass (/home/arligle/V1/Aiofix/aiofix-ai-saas-platform/node_modules/.pnpm/@nestjs+core@11.1.6_@nestjs+common@11.1.6_class-transformer@0.5.1_class-validator@0.14._bad85ac0f714a81162304b30d6edbbbf/node_modules/@nestjs/core/injector/injector.js:418:19)
    at callback (/home/arligle/V1/Aiofix/aiofix-ai-saas-platform/node_modules/.pnpm/@nestjs+core@11.1.6_@nestjs+common@11.1.6_class-transformer@0.5.1_class-validator@0.14._bad85ac0f714a81162304b30d6edbbbf/node_modules/@nestjs/core/injector/injector.js:70:45)
    at TestingInjector.resolveConstructorParams (/home/arligle/V1/Aiofix/aiofix-ai-saas-platform/node_modules/.pnpm/@nestjs+core@11.1.6_@nestjs+common@11.1.6_class-transformer@0.5.1_class-validator@0.14._bad85ac0f714a81162304b30d6edbbbf/node_modules/@nestjs/core/injector/injector.js:170:24)
    at TestingInjector.loadInstance (/home/arligle/V1/Aiofix/aiofix-ai-saas-platform/node_modules/.pnpm/@nestjs+core@11.1.6_@nestjs+common@11.1.6_class-transformer@0.5.1_class-validator@0.14._bad85ac0f714a81162304b30d6edbbbf/node_modules/@nestjs/core/injector/injector.js:75:13)
    at TestingInjector.loadProvider (/home/arligle/V1/Aiofix/aiofix-ai-saas-platform/node_modules/.pnpm/@nestjs+core@11.1.6_@nestjs+common@11.1.6_class-transformer@0.5.1_class-validator@0.14._bad85ac0f714a81162304b30d6edbbbf/node_modules/@nestjs/core/injector/injector.js:103:9)
    at /home/arligle/V1/Aiofix/aiofix-ai-saas-platform/node_modules/.pnpm/@nestjs+core@11.1.6_@nestjs+common@11.1.6_class-transformer@0.5.1_class-validator@0.14._bad85ac0f714a81162304b30d6edbbbf/node_modules/@nestjs/core/injector/instance-loader.js:56:13
    at async Promise.all (index 3)
    at TestingInstanceLoader.createInstancesOfProviders (/home/arligle/V1/Aiofix/aiofix-ai-saas-platform/node_modules/.pnpm/@nestjs+core@11.1.6_@nestjs+common@11.1.6_class-transformer@0.5.1_class-validator@0.14._bad85ac0f714a81162304b30d6edbbbf/node_modules/@nestjs/core/injector/instance-loader.js:55:9)
    at /home/arligle/V1/Aiofix/aiofix-ai-saas-platform/node_modules/.pnpm/@nestjs+core@11.1.6_@nestjs+common@11.1.6_class-transformer@0.5.1_class-validator@0.14._bad85ac0f714a81162304b30d6edbbbf/node_modules/@nestjs/core/injector/instance-loader.js:40:13
    at async Promise.all (index 1)
    at TestingInstanceLoader.createInstances (/home/arligle/V1/Aiofix/aiofix-ai-saas-platform/node_modules/.pnpm/@nestjs+core@11.1.6_@nestjs+common@11.1.6_class-transformer@0.5.1_class-validator@0.14._bad85ac0f714a81162304b30d6edbbbf/node_modules/@nestjs/core/injector/instance-loader.js:39:9)
    at TestingInstanceLoader.createInstancesOfDependencies (/home/arligle/V1/Aiofix/aiofix-ai-saas-platform/node_modules/.pnpm/@nestjs+core@11.1.6_@nestjs+common@11.1.6_class-transformer@0.5.1_class-validator@0.14._bad85ac0f714a81162304b30d6edbbbf/node_modules/@nestjs/core/injector/instance-loader.js:22:13)
    at TestingInstanceLoader.createInstancesOfDependencies (/home/arligle/V1/Aiofix/aiofix-ai-saas-platform/node_modules/.pnpm/@nestjs+testing@11.1.6_@nestjs+common@11.1.6_class-transformer@0.5.1_class-validator@0._ff6a79f0d3e76ddb2b73722d992783a6/node_modules/@nestjs/testing/testing-instance-loader.js:9:9)
    at TestingModuleBuilder.createInstancesOfDependencies (/home/arligle/V1/Aiofix/aiofix-ai-saas-platform/node_modules/.pnpm/@nestjs+testing@11.1.6_@nestjs+common@11.1.6_class-transformer@0.5.1_class-validator@0._ff6a79f0d3e76ddb2b73722d992783a6/node_modules/@nestjs/testing/testing-module.builder.js:118:9)
    at TestingModuleBuilder.compile (/home/arligle/V1/Aiofix/aiofix-ai-saas-platform/node_modules/.pnpm/@nestjs+testing@11.1.6_@nestjs+common@11.1.6_class-transformer@0.5.1_class-validator@0._ff6a79f0d3e76ddb2b73722d992783a6/node_modules/@nestjs/testing/testing-module.builder.js:74:9)
    at Object.&lt;anonymous&gt; (/home/arligle/V1/Aiofix/aiofix-ai-saas-platform/packages/cache/src/services/cache-invalidation.service.spec.ts:196:35)</failure>
      <failure>TypeError: Cannot read properties of undefined (reading &apos;onDestroy&apos;)
    at Object.&lt;anonymous&gt; (/home/arligle/V1/Aiofix/aiofix-ai-saas-platform/packages/cache/src/services/cache-invalidation.service.spec.ts:223:13)
    at Promise.finally.completed (/home/arligle/V1/Aiofix/aiofix-ai-saas-platform/node_modules/.pnpm/jest-circus@30.1.3/node_modules/jest-circus/build/jestAdapterInit.js:1556:28)
    at new Promise (&lt;anonymous&gt;)
[...]
    </testcase>
    <testcase classname="PinoLoggerService › lifecycle methods" name="should flush and close logger" time="0.002">
    </testcase>
    <testcase classname="PinoLoggerService › lifecycle methods" name="should handle module destruction" time="0.001">
    </testcase>
  </testsuite>
  <testsuite name="CacheKeyFactory" errors="0" failures="0" skipped="0" timestamp="2025-09-06T17:07:58" time="0.187" tests="34">
    <testcase classname="CacheKeyFactory › create" name="should create basic cache key" time="0.005">
    </testcase>
    <testcase classname="CacheKeyFactory › create" name="should create cache key with options" time="0.002">
    </testcase>
    <testcase classname="CacheKeyFactory › create" name="should sanitize key name" time="0.002">
    </testcase>
    <testcase classname="CacheKeyFactory › create" name="should throw error for empty key" time="0.046">
    </testcase>
    <testcase classname="CacheKeyFactory › create" name="should throw error for null key" time="0.002">
    </testcase>
    <testcase classname="CacheKeyFactory › createNamespace" name="should create namespace cache key" time="0.001">
    </testcase>
    <testcase classname="CacheKeyFactory › createNamespace" name="should sanitize namespace" time="0.001">
    </testcase>
    <testcase classname="CacheKeyFactory › createTenant" name="should create tenant cache key" time="0.001">
    </testcase>
    <testcase classname="CacheKeyFactory › createTenant" name="should sanitize tenant ID" time="0.001">
    </testcase>
    <testcase classname="CacheKeyFactory › createUser" name="should create user cache key" time="0.001">
    </testcase>
    <testcase classname="CacheKeyFactory › createUser" name="should sanitize user ID" time="0.001">
    </testcase>
    <testcase classname="CacheKeyFactory › createTagged" name="should create tagged cache key" time="0.001">
    </testcase>
    <testcase classname="CacheKeyFactory › createTagged" name="should sanitize and deduplicate tags" time="0.001">
    </testcase>
    <testcase classname="CacheKeyFactory › createTagged" name="should handle empty tags array" time="0.001">
    </testcase>
    <testcase classname="CacheKeyFactory › toString" name="should convert basic cache key to string" time="0.001">
    </testcase>
    <testcase classname="CacheKeyFactory › toString" name="should convert complex cache key to string" time="0.001">
    </testcase>
    <testcase classname="CacheKeyFactory › toString" name="should handle cache key without version" time="0.001">
    </testcase>
    <testcase classname="CacheKeyFactory › toString" name="should handle cache key with only namespace" time="0.011">
    </testcase>
    <testcase classname="CacheKeyFactory › parse" name="should parse basic cache key string" time="0.002">
    </testcase>
    <testcase classname="CacheKeyFactory › parse" name="should parse complex cache key string" time="0.002">
    </testcase>
    <testcase classname="CacheKeyFactory › parse" name="should parse cache key without version" time="0">
    </testcase>
    <testcase classname="CacheKeyFactory › parse" name="should parse cache key with only namespace" time="0.001">
    </testcase>
    <testcase classname="CacheKeyFactory › createPattern" name="should create pattern for wildcard matching" time="0.001">
    </testcase>
    <testcase classname="CacheKeyFactory › matchPattern" name="should match exact pattern" time="0.002">
    </testcase>
    <testcase classname="CacheKeyFactory › matchPattern" name="should match wildcard pattern" time="0.001">
    </testcase>
    <testcase classname="CacheKeyFactory › matchPattern" name="should not match different pattern" time="0.002">
    </testcase>
    <testcase classname="CacheKeyFactory › extract methods" name="should extract namespace" time="0.001">
    </testcase>
    <testcase classname="CacheKeyFactory › extract methods" name="should extract tenant ID" time="0.001">
    </testcase>
    <testcase classname="CacheKeyFactory › extract methods" name="should extract user ID" time="0.001">
    </testcase>
    <testcase classname="CacheKeyFactory › extract methods" name="should extract tags" time="0.001">
    </testcase>
    <testcase classname="CacheKeyFactory › edge cases" name="should handle cache key with special characters in key" time="0.001">
    </testcase>
    <testcase classname="CacheKeyFactory › edge cases" name="should handle cache key with multiple spaces" time="0.002">
    </testcase>
    <testcase classname="CacheKeyFactory › edge cases" name="should handle empty tags array" time="0.002">
    </testcase>
    <testcase classname="CacheKeyFactory › edge cases" name="should handle undefined tags" time="0.001">
    </testcase>
  </testsuite>
  <testsuite name="PinoLoggerConfigService" errors="0" failures="0" skipped="0" timestamp="2025-09-06T17:07:59" time="0.188" tests="35">
    <testcase classname="PinoLoggerConfigService › 初始化" name="应该使用默认配置初始化" time="0.004">
    </testcase>
    <testcase classname="PinoLoggerConfigService › 初始化" name="应该使用自定义配置初始化" time="0.002">
    </testcase>
    <testcase classname="PinoLoggerConfigService › 初始化" name="应该从环境变量读取配置" time="0.002">
    </testcase>
    <testcase classname="PinoLoggerConfigService › 配置管理" name="应该获取当前配置" time="0.002">
    </testcase>
    <testcase classname="PinoLoggerConfigService › 配置管理" name="应该更新配置" time="0.005">
    </testcase>
    <testcase classname="PinoLoggerConfigService › 配置管理" name="应该部分更新配置" time="0.02">
    </testcase>
    <testcase classname="PinoLoggerConfigService › 配置管理" name="应该重置为默认配置" time="0.003">
    </testcase>
    <testcase classname="PinoLoggerConfigService › 日志级别管理" name="应该获取当前日志级别" time="0.011">
    </testcase>
    <testcase classname="PinoLoggerConfigService › 日志级别管理" name="应该设置日志级别" time="0.002">
    </testcase>
    <testcase classname="PinoLoggerConfigService › 日志级别管理" name="应该支持所有有效的日志级别" time="0.001">
    </testcase>
    <testcase classname="PinoLoggerConfigService › 日志格式管理" name="应该获取当前日志格式" time="0.001">
    </testcase>
    <testcase classname="PinoLoggerConfigService › 日志格式管理" name="应该设置日志格式" time="0.001">
    </testcase>
    <testcase classname="PinoLoggerConfigService › 日志格式管理" name="应该支持所有有效的日志格式" time="0.001">
    </testcase>
    <testcase classname="PinoLoggerConfigService › 环境检测" name="应该正确检测生产环境" time="0.002">
    </testcase>
    <testcase classname="PinoLoggerConfigService › 环境检测" name="应该正确检测开发环境" time="0.002">
    </testcase>
    <testcase classname="PinoLoggerConfigService › 环境检测" name="应该正确检测测试环境" time="0.003">
    </testcase>
    <testcase classname="PinoLoggerConfigService › 美化格式判断" name="开发环境应该使用美化格式" time="0.002">
    </testcase>
    <testcase classname="PinoLoggerConfigService › 美化格式判断" name="生产环境不应该使用美化格式" time="0.002">
    </testcase>
    <testcase classname="PinoLoggerConfigService › 美化格式判断" name="JSON格式不应该使用美化格式" time="0.001">
    </testcase>
    <testcase classname="PinoLoggerConfigService › 配置验证" name="应该验证有效的日志级别" time="0.001">
    </testcase>
    <testcase classname="PinoLoggerConfigService › 配置验证" name="应该验证有效的日志格式" time="0.001">
    </testcase>
    <testcase classname="PinoLoggerConfigService › 配置验证" name="应该验证文件轮转配置" time="0.001">
    </testcase>
    <testcase classname="PinoLoggerConfigService › 配置验证" name="应该验证远程日志配置" time="0.001">
    </testcase>
    <testcase classname="PinoLoggerConfigService › 配置验证错误" name="应该拒绝无效的日志级别" time="0.013">
    </testcase>
    <testcase classname="PinoLoggerConfigService › 配置验证错误" name="应该拒绝无效的日志格式" time="0.002">
    </testcase>
    <testcase classname="PinoLoggerConfigService › 配置验证错误" name="应该拒绝无效的文件大小格式" time="0.001">
    </testcase>
    <testcase classname="PinoLoggerConfigService › 配置验证错误" name="应该拒绝缺少URL的远程日志配置" time="0.002">
    </testcase>
    <testcase classname="PinoLoggerConfigService › 配置验证错误" name="应该拒绝负数的超时时间" time="0.001">
    </testcase>
    <testcase classname="PinoLoggerConfigService › 配置验证错误" name="应该拒绝负数的重试次数" time="0.008">
    </testcase>
    <testcase classname="PinoLoggerConfigService › 环境变量配置" name="应该从环境变量读取日志级别" time="0.002">
    </testcase>
    <testcase classname="PinoLoggerConfigService › 环境变量配置" name="应该从环境变量读取日志格式" time="0.002">
    </testcase>
    <testcase classname="PinoLoggerConfigService › 环境变量配置" name="应该从环境变量读取日志文件路径" time="0.002">
    </testcase>
    <testcase classname="PinoLoggerConfigService › 环境变量配置" name="应该从环境变量读取远程日志配置" time="0.002">
    </testcase>
    <testcase classname="PinoLoggerConfigService › 配置合并" name="应该正确合并默认配置和自定义配置" time="0.003">
    </testcase>
    <testcase classname="PinoLoggerConfigService › 配置合并" name="应该正确处理环境变量和自定义配置的优先级" time="0.002">
    </testcase>
  </testsuite>
  <testsuite name="ConfigService" errors="0" failures="0" skipped="0" timestamp="2025-09-06T17:07:59" time="0.109" tests="5">
    <testcase classname="ConfigService" name="should be defined" time="0.004">
    </testcase>
    <testcase classname="ConfigService" name="should return app config" time="0.001">
    </testcase>
    <testcase classname="ConfigService" name="should return database config" time="0.001">
    </testcase>
    <testcase classname="ConfigService" name="should return redis config" time="0.001">
    </testcase>
    <testcase classname="ConfigService" name="should return jwt config" time="0.001">
    </testcase>
  </testsuite>
  <testsuite name="Database Interfaces" errors="0" failures="0" skipped="0" timestamp="2025-09-06T17:07:59" time="0.064" tests="14">
    <testcase classname="Database Interfaces › DatabaseConnection" name="应该定义正确的连接状态类型" time="0.01">
    </testcase>
    <testcase classname="Database Interfaces › DatabaseConnection" name="应该包含所有必需的属性" time="0.001">
    </testcase>
    <testcase classname="Database Interfaces › DatabaseConnection" name="应该支持可选的错误属性" time="0.001">
    </testcase>
    <testcase classname="Database Interfaces › DatabaseConfig" name="应该支持所有数据库类型" time="0">
    </testcase>
    <testcase classname="Database Interfaces › DatabaseConfig" name="应该包含所有必需的配置属性" time="0">
    </testcase>
    <testcase classname="Database Interfaces › DatabaseConfig" name="应该支持可选的配置属性" time="0.001">
    </testcase>
    <testcase classname="Database Interfaces › DatabaseHealth" name="应该包含所有健康检查属性" time="0">
    </testcase>
    <testcase classname="Database Interfaces › DatabaseHealth" name="应该支持可选的错误属性" time="0">
    </testcase>
    <testcase classname="Database Interfaces › DatabaseStats" name="应该包含所有统计属性" time="0.001">
    </testcase>
    <testcase classname="Database Interfaces › QueryOptions" name="应该支持所有查询选项" time="0">
    </testcase>
    <testcase classname="Database Interfaces › TransactionOptions" name="应该支持所有事务选项" time="0">
    </testcase>
    <testcase classname="Database Interfaces › IDatabaseAdapter" name="应该定义所有必需的适配器方法" time="0.001">
    </testcase>
    <testcase classname="Database Interfaces › IDatabaseManager" name="应该定义所有必需的管理器方法" time="0.002">
    </testcase>
    <testcase classname="Database Interfaces › IDatabaseFactory" name="应该定义所有必需的工厂方法" time="0">
    </testcase>
  </testsuite>
  <testsuite name="DefaultConfiguration" errors="0" failures="0" skipped="0" timestamp="2025-09-06T17:07:59" time="0.064" tests="35">
    <testcase classname="DefaultConfiguration › 应用基础配置" name="应该包含所有必需的应用配置项" time="0.001">
    </testcase>
    <testcase classname="DefaultConfiguration › 应用基础配置" name="应该支持环境变量覆盖" time="0.003">
    </testcase>
    <testcase classname="DefaultConfiguration › 数据库配置" name="应该包含PostgreSQL配置" time="0.001">
    </testcase>
    <testcase classname="DefaultConfiguration › 数据库配置" name="应该包含MongoDB配置" time="0">
    </testcase>
    <testcase classname="DefaultConfiguration › 数据库配置" name="应该包含连接池配置" time="0.001">
    </testcase>
    <testcase classname="DefaultConfiguration › 数据库配置" name="应该包含MikroORM配置" time="0.002">
    </testcase>
    <testcase classname="DefaultConfiguration › 数据库配置" name="应该包含日志配置" time="0.001">
    </testcase>
    <testcase classname="DefaultConfiguration › Redis配置" name="应该包含连接配置" time="0">
    </testcase>
    <testcase classname="DefaultConfiguration › Redis配置" name="应该包含连接池配置" time="0.001">
    </testcase>
    <testcase classname="DefaultConfiguration › Redis配置" name="应该包含缓存配置" time="0">
    </testcase>
    <testcase classname="DefaultConfiguration › Redis配置" name="应该包含分布式锁配置" time="0">
    </testcase>
    <testcase classname="DefaultConfiguration › Redis配置" name="应该包含集群配置" time="0">
    </testcase>
    <testcase classname="DefaultConfiguration › Redis配置" name="应该包含哨兵配置" time="0.006">
    </testcase>
    <testcase classname="DefaultConfiguration › Redis配置" name="应该包含健康检查配置" time="0.001">
    </testcase>
    <testcase classname="DefaultConfiguration › JWT配置" name="应该包含密钥配置" time="0.001">
    </testcase>
    <testcase classname="DefaultConfiguration › JWT配置" name="应该包含访问令牌配置" time="0">
    </testcase>
    <testcase classname="DefaultConfiguration › JWT配置" name="应该包含刷新令牌配置" time="0">
    </testcase>
    <testcase classname="DefaultConfiguration › JWT配置" name="应该包含多租户配置" time="0">
    </testcase>
    <testcase classname="DefaultConfiguration › JWT配置" name="应该包含安全配置" time="0.001">
    </testcase>
    <testcase classname="DefaultConfiguration › JWT配置" name="应该包含缓存配置" time="0">
    </testcase>
    <testcase classname="DefaultConfiguration › 邮件配置" name="应该包含SMTP配置" time="0.001">
    </testcase>
    <testcase classname="DefaultConfiguration › 邮件配置" name="应该包含发送配置" time="0.002">
    </testcase>
    <testcase classname="DefaultConfiguration › 邮件配置" name="应该包含模板配置" time="0.001">
    </testcase>
    <testcase classname="DefaultConfiguration › 邮件配置" name="应该包含邮件类型配置" time="0">
    </testcase>
    <testcase classname="DefaultConfiguration › 邮件配置" name="应该包含验证配置" time="0.001">
    </testcase>
    <testcase classname="DefaultConfiguration › 邮件配置" name="应该包含队列配置" time="0">
    </testcase>
    <testcase classname="DefaultConfiguration › 日志配置" name="应该包含日志级别配置" time="0.001">
    </testcase>
    <testcase classname="DefaultConfiguration › 日志配置" name="应该包含格式配置" time="0.001">
    </testcase>
    <testcase classname="DefaultConfiguration › 日志配置" name="应该包含输出配置" time="0.001">
    </testcase>
    <testcase classname="DefaultConfiguration › 日志配置" name="应该包含过滤配置" time="0">
    </testcase>
    <testcase classname="DefaultConfiguration › 日志配置" name="应该包含监控配置" time="0">
    </testcase>
    <testcase classname="DefaultConfiguration › 日志配置" name="应该包含保留配置" time="0">
    </testcase>
    <testcase classname="DefaultConfiguration › 配置完整性" name="应该包含所有必需的配置模块" time="0.001">
    </testcase>
    <testcase classname="DefaultConfiguration › 配置完整性" name="应该包含有效的默认值" time="0">
    </testcase>
    <testcase classname="DefaultConfiguration › 配置完整性" name="应该符合安全最佳实践" time="0.001">
    </testcase>
  </testsuite>
  <testsuite name="User Aggregate" errors="0" failures="0" skipped="0" timestamp="2025-09-06T17:07:59" time="0.043" tests="12">
    <testcase classname="User Aggregate › create" name="should create user with valid data" time="0.001">
    </testcase>
    <testcase classname="User Aggregate › create" name="should throw error for invalid email" time="0.01">
    </testcase>
    <testcase classname="User Aggregate › create" name="should throw error for weak password" time="0">
    </testcase>
    <testcase classname="User Aggregate › create" name="should throw error for empty name" time="0.001">
    </testcase>
    <testcase classname="User Aggregate › updateProfile" name="should update user profile successfully" time="0.001">
    </testcase>
    <testcase classname="User Aggregate › updateProfile" name="should update partial profile" time="0">
    </testcase>
    <testcase classname="User Aggregate › updateProfile" name="should throw error for empty name" time="0">
    </testcase>
    <testcase classname="User Aggregate › updateProfile" name="should throw error for invalid phone" time="0.001">
    </testcase>
    <testcase classname="User Aggregate › event sourcing" name="should restore from history events" time="0">
    </testcase>
    <testcase classname="User Aggregate › event sourcing" name="should create and restore snapshot" time="0.001">
    </testcase>
    <testcase classname="User Aggregate › version control" name="should increment version on each event" time="0">
    </testcase>
    <testcase classname="User Aggregate › version control" name="should maintain version consistency" time="0.001">
    </testcase>
  </testsuite>
  <testsuite name="ConfigLoader" errors="0" failures="0" skipped="0" timestamp="2025-09-06T17:07:59" time="0.043" tests="12">
    <testcase classname="ConfigLoader › getConfig" name="应该返回默认配置" time="0.001">
    </testcase>
    <testcase classname="ConfigLoader › getConfig" name="应该返回只读配置对象" time="0.005">
    </testcase>
    <testcase classname="ConfigLoader › getConfig" name="应该返回配置的深拷贝" time="0.001">
    </testcase>
    <testcase classname="ConfigLoader › defineConfig" name="应该成功合并有效配置" time="0.001">
    </testcase>
    <testcase classname="ConfigLoader › defineConfig" name="应该深度合并嵌套配置" time="0.001">
    </testcase>
    <testcase classname="ConfigLoader › defineConfig" name="应该覆盖数组配置" time="0">
    </testcase>
    <testcase classname="ConfigLoader › defineConfig" name="应该抛出错误当配置无效时" time="0.003">
    </testcase>
    <testcase classname="ConfigLoader › defineConfig" name="应该支持多次配置合并" time="0.001">
    </testcase>
    <testcase classname="ConfigLoader › resetConfig" name="应该重置配置到默认值" time="0.001">
    </testcase>
    <testcase classname="ConfigLoader › resetConfig" name="应该清空所有自定义配置" time="0">
    </testcase>
    <testcase classname="ConfigLoader › 配置合并逻辑" name="应该正确处理复杂嵌套对象" time="0.001">
    </testcase>
    <testcase classname="ConfigLoader › 配置合并逻辑" name="应该正确处理空值和undefined" time="0">
    </testcase>
  </testsuite>
  <testsuite name="EnvironmentHelper" errors="0" failures="0" skipped="0" timestamp="2025-09-06T17:07:59" time="0.035" tests="20">
    <testcase classname="EnvironmentHelper › isFeatureEnabled" name="应该返回true当特性未设置时" time="0.001">
    </testcase>
    <testcase classname="EnvironmentHelper › isFeatureEnabled" name="应该返回true当特性设置为非false值时" time="0.001">
    </testcase>
    <testcase classname="EnvironmentHelper › isFeatureEnabled" name="应该返回false当特性设置为false时" time="0.001">
    </testcase>
    <testcase classname="EnvironmentHelper › isFeatureEnabled" name="应该返回false当特性设置为False时" time="0">
    </testcase>
    <testcase classname="EnvironmentHelper › isFeatureEnabled" name="应该返回false当特性设置为FALSE时" time="0">
    </testcase>
    <testcase classname="EnvironmentHelper › isFeatureEnabled" name="应该处理空字符串" time="0">
    </testcase>
    <testcase classname="EnvironmentHelper › isFeatureEnabled" name="应该处理undefined值" time="0">
    </testcase>
    <testcase classname="EnvironmentHelper › isFeatureEnabled" name="应该处理null值" time="0.001">
    </testcase>
    <testcase classname="EnvironmentHelper › isFeatureEnabled" name="应该处理数字值" time="0">
    </testcase>
    <testcase classname="EnvironmentHelper › isFeatureEnabled" name="应该处理布尔值字符串" time="0.001">
    </testcase>
    <testcase classname="EnvironmentHelper › isFeatureEnabled" name="应该处理特殊字符" time="0">
    </testcase>
    <testcase classname="EnvironmentHelper › isFeatureEnabled" name="应该处理多个特性" time="0.001">
    </testcase>
    <testcase classname="EnvironmentHelper › isFeatureEnabled" name="应该处理不存在的特性" time="0">
    </testcase>
    <testcase classname="EnvironmentHelper › isFeatureEnabled" name="应该处理空特性键" time="0">
    </testcase>
    <testcase classname="EnvironmentHelper › 实际使用场景" name="应该正确处理常见的特性标志" time="0.001">
    </testcase>
    <testcase classname="EnvironmentHelper › 实际使用场景" name="应该正确处理数据库相关特性" time="0">
    </testcase>
    <testcase classname="EnvironmentHelper › 实际使用场景" name="应该正确处理Redis相关特性" time="0.001">
    </testcase>
    <testcase classname="EnvironmentHelper › 实际使用场景" name="应该正确处理JWT相关特性" time="0">
    </testcase>
    <testcase classname="EnvironmentHelper › 实际使用场景" name="应该正确处理邮件相关特性" time="0.002">
    </testcase>
    <testcase classname="EnvironmentHelper › 实际使用场景" name="应该正确处理日志相关特性" time="0">
    </testcase>
  </testsuite>
</testsuites>