{"/home/arligle/V1/Aiofix/aiofix-ai-saas-platform/packages/cache/src/factories/cache-key.factory.ts": {"path":"/home/arligle/V1/Aiofix/aiofix-ai-saas-platform/packages/cache/src/factories/cache-key.factory.ts","statementMap":{"0":{"start":{"line":15,"column":0},"end":{"line":15,"column":44}},"1":{"start":{"line":17,"column":0},"end":{"line":17,"column":38}},"2":{"start":{"line":32,"column":7},"end":{"line":430,"column":null}},"3":{"start":{"line":34,"column":19},"end":{"line":34,"column":43}},"4":{"start":{"line":36,"column":19},"end":{"line":36,"column":42}},"5":{"start":{"line":46,"column":4},"end":{"line":53,"column":6}},"6":{"start":{"line":69,"column":4},"end":{"line":72,"column":7}},"7":{"start":{"line":88,"column":4},"end":{"line":91,"column":7}},"8":{"start":{"line":107,"column":4},"end":{"line":110,"column":7}},"9":{"start":{"line":126,"column":4},"end":{"line":129,"column":7}},"10":{"start":{"line":139,"column":28},"end":{"line":139,"column":30}},"11":{"start":{"line":142,"column":4},"end":{"line":142,"column":57}},"12":{"start":{"line":145,"column":4},"end":{"line":147,"column":5}},"13":{"start":{"line":146,"column":6},"end":{"line":146,"column":37}},"14":{"start":{"line":150,"column":4},"end":{"line":152,"column":5}},"15":{"start":{"line":151,"column":6},"end":{"line":151,"column":48}},"16":{"start":{"line":155,"column":4},"end":{"line":157,"column":5}},"17":{"start":{"line":156,"column":6},"end":{"line":156,"column":44}},"18":{"start":{"line":160,"column":4},"end":{"line":162,"column":5}},"19":{"start":{"line":161,"column":6},"end":{"line":161,"column":59}},"20":{"start":{"line":165,"column":4},"end":{"line":165,"column":29}},"21":{"start":{"line":167,"column":4},"end":{"line":167,"column":46}},"22":{"start":{"line":177,"column":18},"end":{"line":177,"column":57}},"23":{"start":{"line":178,"column":31},"end":{"line":181,"column":6}},"24":{"start":{"line":183,"column":23},"end":{"line":183,"column":24}},"25":{"start":{"line":186,"column":4},"end":{"line":189,"column":5}},"26":{"start":{"line":187,"column":6},"end":{"line":187,"column":45}},"27":{"start":{"line":188,"column":6},"end":{"line":188,"column":21}},"28":{"start":{"line":192,"column":4},"end":{"line":202,"column":5}},"29":{"start":{"line":200,"column":6},"end":{"line":200,"column":47}},"30":{"start":{"line":201,"column":6},"end":{"line":201,"column":21}},"31":{"start":{"line":205,"column":4},"end":{"line":211,"column":5}},"32":{"start":{"line":206,"column":6},"end":{"line":206,"column":21}},"33":{"start":{"line":207,"column":6},"end":{"line":210,"column":7}},"34":{"start":{"line":208,"column":8},"end":{"line":208,"column":48}},"35":{"start":{"line":209,"column":8},"end":{"line":209,"column":23}},"36":{"start":{"line":214,"column":4},"end":{"line":220,"column":5}},"37":{"start":{"line":215,"column":6},"end":{"line":215,"column":21}},"38":{"start":{"line":216,"column":6},"end":{"line":219,"column":7}},"39":{"start":{"line":217,"column":8},"end":{"line":217,"column":46}},"40":{"start":{"line":218,"column":8},"end":{"line":218,"column":23}},"41":{"start":{"line":223,"column":4},"end":{"line":230,"column":5}},"42":{"start":{"line":224,"column":6},"end":{"line":224,"column":21}},"43":{"start":{"line":225,"column":6},"end":{"line":229,"column":7}},"44":{"start":{"line":226,"column":27},"end":{"line":226,"column":46}},"45":{"start":{"line":227,"column":8},"end":{"line":227,"column":76}},"46":{"start":{"line":227,"column":60},"end":{"line":227,"column":74}},"47":{"start":{"line":228,"column":8},"end":{"line":228,"column":23}},"48":{"start":{"line":233,"column":4},"end":{"line":235,"column":5}},"49":{"start":{"line":234,"column":6},"end":{"line":234,"column":76}},"50":{"start":{"line":237,"column":4},"end":{"line":237,"column":20}},"51":{"start":{"line":248,"column":28},"end":{"line":248,"column":30}},"52":{"start":{"line":251,"column":4},"end":{"line":255,"column":5}},"53":{"start":{"line":252,"column":6},"end":{"line":252,"column":34}},"54":{"start":{"line":254,"column":6},"end":{"line":254,"column":39}},"55":{"start":{"line":258,"column":4},"end":{"line":260,"column":5}},"56":{"start":{"line":259,"column":6},"end":{"line":259,"column":60}},"57":{"start":{"line":263,"column":4},"end":{"line":265,"column":5}},"58":{"start":{"line":264,"column":6},"end":{"line":264,"column":64}},"59":{"start":{"line":268,"column":4},"end":{"line":270,"column":5}},"60":{"start":{"line":269,"column":6},"end":{"line":269,"column":60}},"61":{"start":{"line":273,"column":4},"end":{"line":275,"column":5}},"62":{"start":{"line":274,"column":6},"end":{"line":274,"column":77}},"63":{"start":{"line":278,"column":4},"end":{"line":278,"column":24}},"64":{"start":{"line":280,"column":4},"end":{"line":280,"column":46}},"65":{"start":{"line":291,"column":22},"end":{"line":291,"column":40}},"66":{"start":{"line":294,"column":4},"end":{"line":294,"column":41}},"67":{"start":{"line":304,"column":4},"end":{"line":304,"column":30}},"68":{"start":{"line":314,"column":4},"end":{"line":314,"column":29}},"69":{"start":{"line":324,"column":4},"end":{"line":324,"column":27}},"70":{"start":{"line":334,"column":4},"end":{"line":334,"column":31}},"71":{"start":{"line":344,"column":4},"end":{"line":346,"column":5}},"72":{"start":{"line":345,"column":6},"end":{"line":345,"column":62}},"73":{"start":{"line":349,"column":20},"end":{"line":349,"column":30}},"74":{"start":{"line":352,"column":4},"end":{"line":352,"column":60}},"75":{"start":{"line":355,"column":4},"end":{"line":357,"column":5}},"76":{"start":{"line":356,"column":6},"end":{"line":356,"column":70}},"77":{"start":{"line":359,"column":4},"end":{"line":359,"column":21}},"78":{"start":{"line":369,"column":4},"end":{"line":371,"column":5}},"79":{"start":{"line":370,"column":6},"end":{"line":370,"column":62}},"80":{"start":{"line":374,"column":20},"end":{"line":374,"column":36}},"81":{"start":{"line":377,"column":4},"end":{"line":377,"column":60}},"82":{"start":{"line":380,"column":4},"end":{"line":382,"column":5}},"83":{"start":{"line":381,"column":6},"end":{"line":381,"column":70}},"84":{"start":{"line":384,"column":4},"end":{"line":384,"column":35}},"85":{"start":{"line":394,"column":4},"end":{"line":396,"column":5}},"86":{"start":{"line":395,"column":6},"end":{"line":395,"column":55}},"87":{"start":{"line":399,"column":20},"end":{"line":399,"column":29}},"88":{"start":{"line":402,"column":4},"end":{"line":402,"column":59}},"89":{"start":{"line":405,"column":4},"end":{"line":407,"column":5}},"90":{"start":{"line":406,"column":6},"end":{"line":406,"column":63}},"91":{"start":{"line":409,"column":4},"end":{"line":409,"column":21}},"92":{"start":{"line":419,"column":4},"end":{"line":421,"column":5}},"93":{"start":{"line":420,"column":6},"end":{"line":420,"column":16}},"94":{"start":{"line":423,"column":4},"end":{"line":428,"column":67}},"95":{"start":{"line":424,"column":21},"end":{"line":424,"column":51}},"96":{"start":{"line":425,"column":18},"end":{"line":425,"column":28}},"97":{"start":{"line":426,"column":21},"end":{"line":426,"column":35}},"98":{"start":{"line":427,"column":18},"end":{"line":427,"column":54}},"99":{"start":{"line":428,"column":37},"end":{"line":428,"column":65}},"100":{"start":{"line":32,"column":13},"end":{"line":32,"column":28}},"101":{"start":{"line":32,"column":13},"end":{"line":430,"column":null}}},"fnMap":{"0":{"name":"(anonymous_1)","decl":{"start":{"line":32,"column":7},"end":{"line":32,"column":13}},"loc":{"start":{"line":32,"column":7},"end":{"line":430,"column":1}}},"1":{"name":"(anonymous_2)","decl":{"start":{"line":45,"column":2},"end":{"line":45,"column":8}},"loc":{"start":{"line":45,"column":49},"end":{"line":54,"column":3}}},"2":{"name":"(anonymous_3)","decl":{"start":{"line":64,"column":2},"end":{"line":64,"column":17}},"loc":{"start":{"line":67,"column":31},"end":{"line":73,"column":3}}},"3":{"name":"(anonymous_4)","decl":{"start":{"line":83,"column":2},"end":{"line":83,"column":14}},"loc":{"start":{"line":86,"column":31},"end":{"line":92,"column":3}}},"4":{"name":"(anonymous_5)","decl":{"start":{"line":102,"column":2},"end":{"line":102,"column":12}},"loc":{"start":{"line":105,"column":31},"end":{"line":111,"column":3}}},"5":{"name":"(anonymous_6)","decl":{"start":{"line":121,"column":2},"end":{"line":121,"column":14}},"loc":{"start":{"line":124,"column":31},"end":{"line":130,"column":3}}},"6":{"name":"(anonymous_7)","decl":{"start":{"line":138,"column":2},"end":{"line":138,"column":10}},"loc":{"start":{"line":138,"column":29},"end":{"line":168,"column":3}}},"7":{"name":"(anonymous_8)","decl":{"start":{"line":176,"column":2},"end":{"line":176,"column":7}},"loc":{"start":{"line":176,"column":25},"end":{"line":238,"column":3}}},"8":{"name":"(anonymous_9)","decl":{"start":{"line":227,"column":53},"end":{"line":227,"column":56}},"loc":{"start":{"line":227,"column":60},"end":{"line":227,"column":74}}},"9":{"name":"(anonymous_10)","decl":{"start":{"line":247,"column":2},"end":{"line":247,"column":15}},"loc":{"start":{"line":247,"column":60},"end":{"line":281,"column":3}}},"10":{"name":"(anonymous_11)","decl":{"start":{"line":290,"column":2},"end":{"line":290,"column":14}},"loc":{"start":{"line":290,"column":45},"end":{"line":295,"column":3}}},"11":{"name":"(anonymous_12)","decl":{"start":{"line":303,"column":2},"end":{"line":303,"column":18}},"loc":{"start":{"line":303,"column":37},"end":{"line":305,"column":3}}},"12":{"name":"(anonymous_13)","decl":{"start":{"line":313,"column":2},"end":{"line":313,"column":17}},"loc":{"start":{"line":313,"column":36},"end":{"line":315,"column":3}}},"13":{"name":"(anonymous_14)","decl":{"start":{"line":323,"column":2},"end":{"line":323,"column":15}},"loc":{"start":{"line":323,"column":34},"end":{"line":325,"column":3}}},"14":{"name":"(anonymous_15)","decl":{"start":{"line":333,"column":2},"end":{"line":333,"column":13}},"loc":{"start":{"line":333,"column":32},"end":{"line":335,"column":3}}},"15":{"name":"(anonymous_16)","decl":{"start":{"line":343,"column":10},"end":{"line":343,"column":21}},"loc":{"start":{"line":343,"column":33},"end":{"line":360,"column":3}}},"16":{"name":"(anonymous_17)","decl":{"start":{"line":368,"column":10},"end":{"line":368,"column":27}},"loc":{"start":{"line":368,"column":45},"end":{"line":385,"column":3}}},"17":{"name":"(anonymous_18)","decl":{"start":{"line":393,"column":10},"end":{"line":393,"column":20}},"loc":{"start":{"line":393,"column":31},"end":{"line":410,"column":3}}},"18":{"name":"(anonymous_19)","decl":{"start":{"line":418,"column":10},"end":{"line":418,"column":22}},"loc":{"start":{"line":418,"column":37},"end":{"line":429,"column":3}}},"19":{"name":"(anonymous_20)","decl":{"start":{"line":424,"column":14},"end":{"line":424,"column":17}},"loc":{"start":{"line":424,"column":21},"end":{"line":424,"column":51}}},"20":{"name":"(anonymous_21)","decl":{"start":{"line":425,"column":11},"end":{"line":425,"column":14}},"loc":{"start":{"line":425,"column":18},"end":{"line":425,"column":28}}},"21":{"name":"(anonymous_22)","decl":{"start":{"line":426,"column":14},"end":{"line":426,"column":17}},"loc":{"start":{"line":426,"column":21},"end":{"line":426,"column":35}}},"22":{"name":"(anonymous_23)","decl":{"start":{"line":427,"column":11},"end":{"line":427,"column":14}},"loc":{"start":{"line":427,"column":18},"end":{"line":427,"column":54}}},"23":{"name":"(anonymous_24)","decl":{"start":{"line":428,"column":14},"end":{"line":428,"column":15}},"loc":{"start":{"line":428,"column":37},"end":{"line":428,"column":65}}}},"branchMap":{"0":{"loc":{"start":{"line":52,"column":12},"end":{"line":52,"column":31}},"type":"binary-expr","locations":[{"start":{"line":52,"column":12},"end":{"line":52,"column":25}},{"start":{"line":52,"column":29},"end":{"line":52,"column":31}}]},"1":{"loc":{"start":{"line":142,"column":15},"end":{"line":142,"column":55}},"type":"binary-expr","locations":[{"start":{"line":142,"column":15},"end":{"line":142,"column":31}},{"start":{"line":142,"column":35},"end":{"line":142,"column":55}}]},"2":{"loc":{"start":{"line":145,"column":4},"end":{"line":147,"column":5}},"type":"if","locations":[{"start":{"line":145,"column":4},"end":{"line":147,"column":5}},{"start":{},"end":{}}]},"3":{"loc":{"start":{"line":150,"column":4},"end":{"line":152,"column":5}},"type":"if","locations":[{"start":{"line":150,"column":4},"end":{"line":152,"column":5}},{"start":{},"end":{}}]},"4":{"loc":{"start":{"line":155,"column":4},"end":{"line":157,"column":5}},"type":"if","locations":[{"start":{"line":155,"column":4},"end":{"line":157,"column":5}},{"start":{},"end":{}}]},"5":{"loc":{"start":{"line":160,"column":4},"end":{"line":162,"column":5}},"type":"if","locations":[{"start":{"line":160,"column":4},"end":{"line":162,"column":5}},{"start":{},"end":{}}]},"6":{"loc":{"start":{"line":160,"column":8},"end":{"line":160,"column":49}},"type":"binary-expr","locations":[{"start":{"line":160,"column":8},"end":{"line":160,"column":21}},{"start":{"line":160,"column":25},"end":{"line":160,"column":49}}]},"7":{"loc":{"start":{"line":186,"column":4},"end":{"line":189,"column":5}},"type":"if","locations":[{"start":{"line":186,"column":4},"end":{"line":189,"column":5}},{"start":{},"end":{}}]},"8":{"loc":{"start":{"line":192,"column":4},"end":{"line":202,"column":5}},"type":"if","locations":[{"start":{"line":192,"column":4},"end":{"line":202,"column":5}},{"start":{},"end":{}}]},"9":{"loc":{"start":{"line":193,"column":6},"end":{"line":197,"column":37}},"type":"binary-expr","locations":[{"start":{"line":193,"column":6},"end":{"line":193,"column":33}},{"start":{"line":194,"column":6},"end":{"line":194,"column":38}},{"start":{"line":195,"column":6},"end":{"line":195,"column":36}},{"start":{"line":196,"column":6},"end":{"line":196,"column":36}},{"start":{"line":197,"column":6},"end":{"line":197,"column":37}}]},"10":{"loc":{"start":{"line":205,"column":4},"end":{"line":211,"column":5}},"type":"if","locations":[{"start":{"line":205,"column":4},"end":{"line":211,"column":5}},{"start":{},"end":{}}]},"11":{"loc":{"start":{"line":205,"column":8},"end":{"line":205,"column":71}},"type":"binary-expr","locations":[{"start":{"line":205,"column":8},"end":{"line":205,"column":35}},{"start":{"line":205,"column":39},"end":{"line":205,"column":71}}]},"12":{"loc":{"start":{"line":207,"column":6},"end":{"line":210,"column":7}},"type":"if","locations":[{"start":{"line":207,"column":6},"end":{"line":210,"column":7}},{"start":{},"end":{}}]},"13":{"loc":{"start":{"line":214,"column":4},"end":{"line":220,"column":5}},"type":"if","locations":[{"start":{"line":214,"column":4},"end":{"line":220,"column":5}},{"start":{},"end":{}}]},"14":{"loc":{"start":{"line":214,"column":8},"end":{"line":214,"column":69}},"type":"binary-expr","locations":[{"start":{"line":214,"column":8},"end":{"line":214,"column":35}},{"start":{"line":214,"column":39},"end":{"line":214,"column":69}}]},"15":{"loc":{"start":{"line":216,"column":6},"end":{"line":219,"column":7}},"type":"if","locations":[{"start":{"line":216,"column":6},"end":{"line":219,"column":7}},{"start":{},"end":{}}]},"16":{"loc":{"start":{"line":223,"column":4},"end":{"line":230,"column":5}},"type":"if","locations":[{"start":{"line":223,"column":4},"end":{"line":230,"column":5}},{"start":{},"end":{}}]},"17":{"loc":{"start":{"line":223,"column":8},"end":{"line":223,"column":69}},"type":"binary-expr","locations":[{"start":{"line":223,"column":8},"end":{"line":223,"column":35}},{"start":{"line":223,"column":39},"end":{"line":223,"column":69}}]},"18":{"loc":{"start":{"line":225,"column":6},"end":{"line":229,"column":7}},"type":"if","locations":[{"start":{"line":225,"column":6},"end":{"line":229,"column":7}},{"start":{},"end":{}}]},"19":{"loc":{"start":{"line":233,"column":4},"end":{"line":235,"column":5}},"type":"if","locations":[{"start":{"line":233,"column":4},"end":{"line":235,"column":5}},{"start":{},"end":{}}]},"20":{"loc":{"start":{"line":251,"column":4},"end":{"line":255,"column":5}},"type":"if","locations":[{"start":{"line":251,"column":4},"end":{"line":255,"column":5}},{"start":{"line":253,"column":11},"end":{"line":255,"column":5}}]},"21":{"loc":{"start":{"line":258,"column":4},"end":{"line":260,"column":5}},"type":"if","locations":[{"start":{"line":258,"column":4},"end":{"line":260,"column":5}},{"start":{},"end":{}}]},"22":{"loc":{"start":{"line":263,"column":4},"end":{"line":265,"column":5}},"type":"if","locations":[{"start":{"line":263,"column":4},"end":{"line":265,"column":5}},{"start":{},"end":{}}]},"23":{"loc":{"start":{"line":268,"column":4},"end":{"line":270,"column":5}},"type":"if","locations":[{"start":{"line":268,"column":4},"end":{"line":270,"column":5}},{"start":{},"end":{}}]},"24":{"loc":{"start":{"line":273,"column":4},"end":{"line":275,"column":5}},"type":"if","locations":[{"start":{"line":273,"column":4},"end":{"line":275,"column":5}},{"start":{},"end":{}}]},"25":{"loc":{"start":{"line":273,"column":8},"end":{"line":273,"column":48}},"type":"binary-expr","locations":[{"start":{"line":273,"column":8},"end":{"line":273,"column":21}},{"start":{"line":273,"column":25},"end":{"line":273,"column":48}}]},"26":{"loc":{"start":{"line":334,"column":11},"end":{"line":334,"column":30}},"type":"binary-expr","locations":[{"start":{"line":334,"column":11},"end":{"line":334,"column":24}},{"start":{"line":334,"column":28},"end":{"line":334,"column":30}}]},"27":{"loc":{"start":{"line":344,"column":4},"end":{"line":346,"column":5}},"type":"if","locations":[{"start":{"line":344,"column":4},"end":{"line":346,"column":5}},{"start":{},"end":{}}]},"28":{"loc":{"start":{"line":344,"column":8},"end":{"line":344,"column":39}},"type":"binary-expr","locations":[{"start":{"line":344,"column":8},"end":{"line":344,"column":12}},{"start":{"line":344,"column":16},"end":{"line":344,"column":39}}]},"29":{"loc":{"start":{"line":355,"column":4},"end":{"line":357,"column":5}},"type":"if","locations":[{"start":{"line":355,"column":4},"end":{"line":357,"column":5}},{"start":{},"end":{}}]},"30":{"loc":{"start":{"line":369,"column":4},"end":{"line":371,"column":5}},"type":"if","locations":[{"start":{"line":369,"column":4},"end":{"line":371,"column":5}},{"start":{},"end":{}}]},"31":{"loc":{"start":{"line":369,"column":8},"end":{"line":369,"column":51}},"type":"binary-expr","locations":[{"start":{"line":369,"column":8},"end":{"line":369,"column":18}},{"start":{"line":369,"column":22},"end":{"line":369,"column":51}}]},"32":{"loc":{"start":{"line":380,"column":4},"end":{"line":382,"column":5}},"type":"if","locations":[{"start":{"line":380,"column":4},"end":{"line":382,"column":5}},{"start":{},"end":{}}]},"33":{"loc":{"start":{"line":394,"column":4},"end":{"line":396,"column":5}},"type":"if","locations":[{"start":{"line":394,"column":4},"end":{"line":396,"column":5}},{"start":{},"end":{}}]},"34":{"loc":{"start":{"line":394,"column":8},"end":{"line":394,"column":37}},"type":"binary-expr","locations":[{"start":{"line":394,"column":8},"end":{"line":394,"column":11}},{"start":{"line":394,"column":15},"end":{"line":394,"column":37}}]},"35":{"loc":{"start":{"line":405,"column":4},"end":{"line":407,"column":5}},"type":"if","locations":[{"start":{"line":405,"column":4},"end":{"line":407,"column":5}},{"start":{},"end":{}}]},"36":{"loc":{"start":{"line":419,"column":4},"end":{"line":421,"column":5}},"type":"if","locations":[{"start":{"line":419,"column":4},"end":{"line":421,"column":5}},{"start":{},"end":{}}]},"37":{"loc":{"start":{"line":424,"column":21},"end":{"line":424,"column":51}},"type":"binary-expr","locations":[{"start":{"line":424,"column":21},"end":{"line":424,"column":24}},{"start":{"line":424,"column":28},"end":{"line":424,"column":51}}]}},"s":{"0":2,"1":2,"2":2,"3":61,"4":61,"5":60,"6":4,"7":2,"8":2,"9":3,"10":7,"11":7,"12":7,"13":5,"14":7,"15":4,"16":7,"17":1,"18":7,"19":1,"20":7,"21":7,"22":4,"23":4,"24":4,"25":4,"26":4,"27":4,"28":4,"29":2,"30":2,"31":4,"32":1,"33":1,"34":1,"35":1,"36":4,"37":1,"38":1,"39":1,"40":1,"41":4,"42":1,"43":1,"44":1,"45":1,"46":2,"47":1,"48":4,"49":4,"50":4,"51":1,"52":1,"53":0,"54":1,"55":1,"56":1,"57":1,"58":1,"59":1,"60":0,"61":1,"62":0,"63":1,"64":1,"65":3,"66":3,"67":1,"68":1,"69":1,"70":1,"71":60,"72":2,"73":58,"74":58,"75":58,"76":0,"77":58,"78":5,"79":0,"80":5,"81":5,"82":5,"83":0,"84":5,"85":5,"86":0,"87":5,"88":5,"89":5,"90":0,"91":5,"92":3,"93":0,"94":3,"95":6,"96":6,"97":6,"98":6,"99":6,"100":2,"101":2},"f":{"0":61,"1":60,"2":4,"3":2,"4":2,"5":3,"6":7,"7":4,"8":2,"9":1,"10":3,"11":1,"12":1,"13":1,"14":1,"15":60,"16":5,"17":5,"18":3,"19":6,"20":6,"21":6,"22":6,"23":6},"b":{"0":[58,53],"1":[7,6],"2":[5,2],"3":[4,3],"4":[1,6],"5":[1,6],"6":[7,7],"7":[4,0],"8":[2,2],"9":[4,4,4,4,4],"10":[1,3],"11":[4,4],"12":[1,0],"13":[1,3],"14":[4,4],"15":[1,0],"16":[1,3],"17":[4,4],"18":[1,0],"19":[4,0],"20":[0,1],"21":[1,0],"22":[1,0],"23":[0,1],"24":[0,1],"25":[1,0],"26":[1,0],"27":[2,58],"28":[60,58],"29":[0,58],"30":[0,5],"31":[5,5],"32":[0,5],"33":[0,5],"34":[5,5],"35":[0,5],"36":[0,3],"37":[6,6]}}
,"/home/arligle/V1/Aiofix/aiofix-ai-saas-platform/packages/cache/src/interfaces/cache.interface.ts": {"path":"/home/arligle/V1/Aiofix/aiofix-ai-saas-platform/packages/cache/src/interfaces/cache.interface.ts","statementMap":{"0":{"start":{"line":5,"column":0},"end":{"line":5,"column":null}},"1":{"start":{"line":6,"column":2},"end":{"line":6,"column":null}},"2":{"start":{"line":7,"column":2},"end":{"line":7,"column":null}},"3":{"start":{"line":8,"column":2},"end":{"line":8,"column":null}},"4":{"start":{"line":15,"column":0},"end":{"line":15,"column":null}},"5":{"start":{"line":16,"column":2},"end":{"line":16,"column":null}},"6":{"start":{"line":17,"column":2},"end":{"line":17,"column":null}},"7":{"start":{"line":18,"column":2},"end":{"line":18,"column":null}},"8":{"start":{"line":19,"column":2},"end":{"line":19,"column":null}}},"fnMap":{"0":{"name":"(anonymous_0)","decl":{"start":{"line":5,"column":0},"end":{"line":5,"column":12}},"loc":{"start":{"line":5,"column":21},"end":{"line":9,"column":1}}},"1":{"name":"(anonymous_1)","decl":{"start":{"line":15,"column":0},"end":{"line":15,"column":12}},"loc":{"start":{"line":15,"column":25},"end":{"line":20,"column":1}}}},"branchMap":{"0":{"loc":{"start":{"line":5,"column":12},"end":{"line":5,"column":null}},"type":"binary-expr","locations":[{"start":{"line":5,"column":12},"end":{"line":5,"column":21}},{"start":{"line":5,"column":21},"end":{"line":5,"column":null}}]},"1":{"loc":{"start":{"line":15,"column":12},"end":{"line":15,"column":null}},"type":"binary-expr","locations":[{"start":{"line":15,"column":12},"end":{"line":15,"column":25}},{"start":{"line":15,"column":25},"end":{"line":15,"column":null}}]}},"s":{"0":3,"1":3,"2":3,"3":3,"4":3,"5":3,"6":3,"7":3,"8":3},"f":{"0":3,"1":3},"b":{"0":[3,3],"1":[3,3]}}
,"/home/arligle/V1/Aiofix/aiofix-ai-saas-platform/packages/cache/src/services/cache-invalidation.service.ts": {"path":"/home/arligle/V1/Aiofix/aiofix-ai-saas-platform/packages/cache/src/services/cache-invalidation.service.ts","statementMap":{"0":{"start":{"line":1,"column":0},"end":{"line":1,"column":52}},"1":{"start":{"line":2,"column":0},"end":{"line":2,"column":54}},"2":{"start":{"line":3,"column":0},"end":{"line":3,"column":36}},"3":{"start":{"line":8,"column":0},"end":{"line":8,"column":64}},"4":{"start":{"line":15,"column":0},"end":{"line":15,"column":null}},"5":{"start":{"line":17,"column":2},"end":{"line":17,"column":null}},"6":{"start":{"line":19,"column":2},"end":{"line":19,"column":null}},"7":{"start":{"line":21,"column":2},"end":{"line":21,"column":null}},"8":{"start":{"line":23,"column":2},"end":{"line":23,"column":null}},"9":{"start":{"line":25,"column":2},"end":{"line":25,"column":null}},"10":{"start":{"line":27,"column":2},"end":{"line":27,"column":null}},"11":{"start":{"line":29,"column":2},"end":{"line":29,"column":null}},"12":{"start":{"line":31,"column":2},"end":{"line":31,"column":null}},"13":{"start":{"line":39,"column":0},"end":{"line":39,"column":null}},"14":{"start":{"line":41,"column":2},"end":{"line":41,"column":null}},"15":{"start":{"line":43,"column":2},"end":{"line":43,"column":null}},"16":{"start":{"line":45,"column":2},"end":{"line":45,"column":null}},"17":{"start":{"line":47,"column":2},"end":{"line":47,"column":null}},"18":{"start":{"line":49,"column":2},"end":{"line":49,"column":null}},"19":{"start":{"line":162,"column":7},"end":{"line":1025,"column":null}},"20":{"start":{"line":190,"column":49},"end":{"line":190,"column":77}},"21":{"start":{"line":191,"column":21},"end":{"line":191,"column":35}},"22":{"start":{"line":192,"column":48},"end":{"line":192,"column":56}},"23":{"start":{"line":166,"column":19},"end":{"line":166,"column":63}},"24":{"start":{"line":171,"column":10},"end":{"line":171,"column":52}},"25":{"start":{"line":194,"column":4},"end":{"line":206,"column":6}},"26":{"start":{"line":208,"column":4},"end":{"line":208,"column":40}},"27":{"start":{"line":209,"column":4},"end":{"line":209,"column":27}},"28":{"start":{"line":211,"column":4},"end":{"line":211,"column":79}},"29":{"start":{"line":220,"column":4},"end":{"line":220,"column":37}},"30":{"start":{"line":221,"column":4},"end":{"line":224,"column":6}},"31":{"start":{"line":238,"column":4},"end":{"line":265,"column":5}},"32":{"start":{"line":239,"column":21},"end":{"line":239,"column":40}},"33":{"start":{"line":240,"column":18},"end":{"line":240,"column":28}},"34":{"start":{"line":242,"column":41},"end":{"line":247,"column":8}},"35":{"start":{"line":249,"column":6},"end":{"line":249,"column":39}},"36":{"start":{"line":251,"column":6},"end":{"line":254,"column":8}},"37":{"start":{"line":255,"column":6},"end":{"line":255,"column":55}},"38":{"start":{"line":256,"column":6},"end":{"line":256,"column":18}},"39":{"start":{"line":258,"column":6},"end":{"line":263,"column":8}},"40":{"start":{"line":264,"column":6},"end":{"line":264,"column":19}},"41":{"start":{"line":275,"column":4},"end":{"line":304,"column":5}},"42":{"start":{"line":276,"column":6},"end":{"line":282,"column":7}},"43":{"start":{"line":277,"column":8},"end":{"line":280,"column":10}},"44":{"start":{"line":281,"column":8},"end":{"line":281,"column":21}},"45":{"start":{"line":284,"column":19},"end":{"line":284,"column":41}},"46":{"start":{"line":285,"column":6},"end":{"line":287,"column":7}},"47":{"start":{"line":286,"column":8},"end":{"line":286,"column":66}},"48":{"start":{"line":288,"column":6},"end":{"line":288,"column":32}},"49":{"start":{"line":290,"column":6},"end":{"line":293,"column":8}},"50":{"start":{"line":294,"column":6},"end":{"line":294,"column":47}},"51":{"start":{"line":295,"column":6},"end":{"line":295,"column":18}},"52":{"start":{"line":297,"column":6},"end":{"line":302,"column":8}},"53":{"start":{"line":303,"column":6},"end":{"line":303,"column":19}},"54":{"start":{"line":318,"column":4},"end":{"line":350,"column":5}},"55":{"start":{"line":319,"column":6},"end":{"line":325,"column":7}},"56":{"start":{"line":320,"column":8},"end":{"line":323,"column":10}},"57":{"start":{"line":324,"column":8},"end":{"line":324,"column":21}},"58":{"start":{"line":327,"column":27},"end":{"line":327,"column":50}},"59":{"start":{"line":328,"column":44},"end":{"line":332,"column":8}},"60":{"start":{"line":334,"column":6},"end":{"line":334,"column":42}},"61":{"start":{"line":336,"column":6},"end":{"line":339,"column":8}},"62":{"start":{"line":340,"column":6},"end":{"line":340,"column":60}},"63":{"start":{"line":341,"column":6},"end":{"line":341,"column":18}},"64":{"start":{"line":343,"column":6},"end":{"line":348,"column":8}},"65":{"start":{"line":349,"column":6},"end":{"line":349,"column":19}},"66":{"start":{"line":360,"column":4},"end":{"line":360,"column":42}},"67":{"start":{"line":370,"column":18},"end":{"line":370,"column":49}},"68":{"start":{"line":372,"column":4},"end":{"line":374,"column":5}},"69":{"start":{"line":373,"column":6},"end":{"line":373,"column":48}},"70":{"start":{"line":373,"column":34},"end":{"line":373,"column":46}},"71":{"start":{"line":376,"column":4},"end":{"line":376,"column":17}},"72":{"start":{"line":398,"column":22},"end":{"line":398,"column":32}},"73":{"start":{"line":399,"column":20},"end":{"line":399,"column":61}},"74":{"start":{"line":401,"column":4},"end":{"line":492,"column":5}},"75":{"start":{"line":402,"column":6},"end":{"line":404,"column":7}},"76":{"start":{"line":403,"column":8},"end":{"line":403,"column":49}},"77":{"start":{"line":406,"column":41},"end":{"line":417,"column":8}},"78":{"start":{"line":420,"column":6},"end":{"line":449,"column":7}},"79":{"start":{"line":422,"column":10},"end":{"line":422,"column":60}},"80":{"start":{"line":423,"column":10},"end":{"line":423,"column":16}},"81":{"start":{"line":425,"column":10},"end":{"line":425,"column":67}},"82":{"start":{"line":426,"column":10},"end":{"line":426,"column":16}},"83":{"start":{"line":428,"column":10},"end":{"line":428,"column":61}},"84":{"start":{"line":429,"column":10},"end":{"line":429,"column":16}},"85":{"start":{"line":431,"column":10},"end":{"line":431,"column":63}},"86":{"start":{"line":432,"column":10},"end":{"line":432,"column":16}},"87":{"start":{"line":434,"column":10},"end":{"line":434,"column":60}},"88":{"start":{"line":435,"column":10},"end":{"line":435,"column":16}},"89":{"start":{"line":437,"column":10},"end":{"line":437,"column":59}},"90":{"start":{"line":438,"column":10},"end":{"line":438,"column":16}},"91":{"start":{"line":440,"column":10},"end":{"line":440,"column":71}},"92":{"start":{"line":441,"column":10},"end":{"line":441,"column":16}},"93":{"start":{"line":443,"column":10},"end":{"line":443,"column":60}},"94":{"start":{"line":444,"column":10},"end":{"line":444,"column":16}},"95":{"start":{"line":446,"column":10},"end":{"line":448,"column":12}},"96":{"start":{"line":451,"column":6},"end":{"line":451,"column":50}},"97":{"start":{"line":452,"column":6},"end":{"line":452,"column":62}},"98":{"start":{"line":453,"column":6},"end":{"line":453,"column":50}},"99":{"start":{"line":454,"column":6},"end":{"line":454,"column":52}},"100":{"start":{"line":455,"column":6},"end":{"line":455,"column":28}},"101":{"start":{"line":458,"column":6},"end":{"line":458,"column":79}},"102":{"start":{"line":460,"column":6},"end":{"line":463,"column":8}},"103":{"start":{"line":464,"column":6},"end":{"line":464,"column":69}},"104":{"start":{"line":466,"column":6},"end":{"line":466,"column":20}},"105":{"start":{"line":468,"column":28},"end":{"line":468,"column":50}},"106":{"start":{"line":469,"column":6},"end":{"line":469,"column":57}},"107":{"start":{"line":471,"column":6},"end":{"line":476,"column":8}},"108":{"start":{"line":477,"column":6},"end":{"line":477,"column":74}},"109":{"start":{"line":479,"column":6},"end":{"line":491,"column":8}},"110":{"start":{"line":506,"column":17},"end":{"line":506,"column":37}},"111":{"start":{"line":507,"column":4},"end":{"line":509,"column":5}},"112":{"start":{"line":508,"column":6},"end":{"line":508,"column":64}},"113":{"start":{"line":511,"column":4},"end":{"line":528,"column":5}},"114":{"start":{"line":512,"column":6},"end":{"line":515,"column":8}},"115":{"start":{"line":516,"column":6},"end":{"line":527,"column":8}},"116":{"start":{"line":531,"column":4},"end":{"line":548,"column":5}},"117":{"start":{"line":532,"column":6},"end":{"line":535,"column":8}},"118":{"start":{"line":536,"column":6},"end":{"line":547,"column":8}},"119":{"start":{"line":551,"column":4},"end":{"line":573,"column":5}},"120":{"start":{"line":552,"column":6},"end":{"line":572,"column":7}},"121":{"start":{"line":553,"column":24},"end":{"line":553,"column":43}},"122":{"start":{"line":554,"column":8},"end":{"line":571,"column":9}},"123":{"start":{"line":555,"column":10},"end":{"line":558,"column":12}},"124":{"start":{"line":559,"column":10},"end":{"line":570,"column":12}},"125":{"start":{"line":575,"column":4},"end":{"line":577,"column":7}},"126":{"start":{"line":586,"column":4},"end":{"line":586,"column":29}},"127":{"start":{"line":594,"column":4},"end":{"line":594,"column":40}},"128":{"start":{"line":595,"column":4},"end":{"line":595,"column":67}},"129":{"start":{"line":603,"column":4},"end":{"line":603,"column":26}},"130":{"start":{"line":604,"column":4},"end":{"line":604,"column":77}},"131":{"start":{"line":616,"column":4},"end":{"line":638,"column":6}},"132":{"start":{"line":626,"column":10},"end":{"line":626,"column":28}},"133":{"start":{"line":627,"column":10},"end":{"line":627,"column":21}},"134":{"start":{"line":633,"column":10},"end":{"line":633,"column":27}},"135":{"start":{"line":634,"column":10},"end":{"line":634,"column":21}},"136":{"start":{"line":649,"column":38},"end":{"line":649,"column":40}},"137":{"start":{"line":651,"column":4},"end":{"line":667,"column":5}},"138":{"start":{"line":652,"column":6},"end":{"line":666,"column":7}},"139":{"start":{"line":654,"column":25},"end":{"line":654,"column":51}},"140":{"start":{"line":655,"column":24},"end":{"line":655,"column":65}},"141":{"start":{"line":656,"column":8},"end":{"line":658,"column":9}},"142":{"start":{"line":657,"column":10},"end":{"line":657,"column":36}},"143":{"start":{"line":660,"column":8},"end":{"line":665,"column":10}},"144":{"start":{"line":669,"column":4},"end":{"line":669,"column":27}},"145":{"start":{"line":681,"column":38},"end":{"line":681,"column":40}},"146":{"start":{"line":683,"column":4},"end":{"line":698,"column":5}},"147":{"start":{"line":684,"column":6},"end":{"line":697,"column":7}},"148":{"start":{"line":686,"column":24},"end":{"line":686,"column":62}},"149":{"start":{"line":687,"column":8},"end":{"line":689,"column":9}},"150":{"start":{"line":688,"column":10},"end":{"line":688,"column":39}},"151":{"start":{"line":691,"column":8},"end":{"line":696,"column":10}},"152":{"start":{"line":700,"column":4},"end":{"line":700,"column":27}},"153":{"start":{"line":712,"column":38},"end":{"line":712,"column":40}},"154":{"start":{"line":717,"column":4},"end":{"line":717,"column":27}},"155":{"start":{"line":728,"column":38},"end":{"line":728,"column":40}},"156":{"start":{"line":730,"column":4},"end":{"line":745,"column":5}},"157":{"start":{"line":731,"column":6},"end":{"line":744,"column":7}},"158":{"start":{"line":733,"column":8},"end":{"line":736,"column":10}},"159":{"start":{"line":738,"column":8},"end":{"line":743,"column":10}},"160":{"start":{"line":747,"column":4},"end":{"line":747,"column":27}},"161":{"start":{"line":758,"column":38},"end":{"line":758,"column":40}},"162":{"start":{"line":760,"column":4},"end":{"line":775,"column":5}},"163":{"start":{"line":761,"column":6},"end":{"line":774,"column":7}},"164":{"start":{"line":763,"column":8},"end":{"line":766,"column":10}},"165":{"start":{"line":768,"column":8},"end":{"line":773,"column":10}},"166":{"start":{"line":777,"column":4},"end":{"line":777,"column":27}},"167":{"start":{"line":789,"column":38},"end":{"line":789,"column":40}},"168":{"start":{"line":791,"column":4},"end":{"line":804,"column":5}},"169":{"start":{"line":792,"column":6},"end":{"line":803,"column":7}},"170":{"start":{"line":794,"column":8},"end":{"line":794,"column":72}},"171":{"start":{"line":795,"column":8},"end":{"line":795,"column":34}},"172":{"start":{"line":797,"column":8},"end":{"line":802,"column":10}},"173":{"start":{"line":806,"column":4},"end":{"line":806,"column":27}},"174":{"start":{"line":817,"column":44},"end":{"line":817,"column":46}},"175":{"start":{"line":819,"column":4},"end":{"line":833,"column":5}},"176":{"start":{"line":820,"column":6},"end":{"line":832,"column":7}},"177":{"start":{"line":821,"column":24},"end":{"line":821,"column":65}},"178":{"start":{"line":822,"column":8},"end":{"line":824,"column":9}},"179":{"start":{"line":823,"column":10},"end":{"line":823,"column":48}},"180":{"start":{"line":826,"column":8},"end":{"line":831,"column":10}},"181":{"start":{"line":835,"column":4},"end":{"line":835,"column":33}},"182":{"start":{"line":846,"column":38},"end":{"line":846,"column":40}},"183":{"start":{"line":847,"column":22},"end":{"line":847,"column":50}},"184":{"start":{"line":850,"column":4},"end":{"line":864,"column":5}},"185":{"start":{"line":850,"column":17},"end":{"line":850,"column":18}},"186":{"start":{"line":851,"column":20},"end":{"line":851,"column":51}},"187":{"start":{"line":853,"column":6},"end":{"line":863,"column":7}},"188":{"start":{"line":854,"column":26},"end":{"line":854,"column":59}},"189":{"start":{"line":855,"column":8},"end":{"line":855,"column":43}},"190":{"start":{"line":857,"column":8},"end":{"line":862,"column":10}},"191":{"start":{"line":866,"column":4},"end":{"line":866,"column":27}},"192":{"start":{"line":881,"column":4},"end":{"line":893,"column":5}},"193":{"start":{"line":884,"column":6},"end":{"line":884,"column":18}},"194":{"start":{"line":886,"column":6},"end":{"line":891,"column":8}},"195":{"start":{"line":892,"column":6},"end":{"line":892,"column":19}},"196":{"start":{"line":911,"column":4},"end":{"line":911,"column":36}},"197":{"start":{"line":913,"column":4},"end":{"line":918,"column":5}},"198":{"start":{"line":914,"column":6},"end":{"line":914,"column":39}},"199":{"start":{"line":916,"column":6},"end":{"line":916,"column":43}},"200":{"start":{"line":917,"column":6},"end":{"line":917,"column":57}},"201":{"start":{"line":920,"column":4},"end":{"line":923,"column":36}},"202":{"start":{"line":925,"column":4},"end":{"line":925,"column":45}},"203":{"start":{"line":926,"column":4},"end":{"line":928,"column":13}},"204":{"start":{"line":927,"column":14},"end":{"line":927,"column":26}},"205":{"start":{"line":930,"column":4},"end":{"line":930,"column":41}},"206":{"start":{"line":941,"column":4},"end":{"line":957,"column":5}},"207":{"start":{"line":942,"column":6},"end":{"line":956,"column":7}},"208":{"start":{"line":943,"column":8},"end":{"line":948,"column":11}},"209":{"start":{"line":950,"column":8},"end":{"line":955,"column":10}},"210":{"start":{"line":966,"column":4},"end":{"line":982,"column":5}},"211":{"start":{"line":967,"column":6},"end":{"line":976,"column":41}},"212":{"start":{"line":968,"column":8},"end":{"line":975,"column":11}},"213":{"start":{"line":969,"column":10},"end":{"line":974,"column":12}},"214":{"start":{"line":978,"column":6},"end":{"line":981,"column":8}},"215":{"start":{"line":991,"column":4},"end":{"line":995,"column":5}},"216":{"start":{"line":992,"column":6},"end":{"line":992,"column":42}},"217":{"start":{"line":993,"column":6},"end":{"line":993,"column":39}},"218":{"start":{"line":994,"column":6},"end":{"line":994,"column":76}},"219":{"start":{"line":1004,"column":4},"end":{"line":1023,"column":5}},"220":{"start":{"line":1005,"column":20},"end":{"line":1005,"column":35}},"221":{"start":{"line":1006,"column":6},"end":{"line":1006,"column":46}},"222":{"start":{"line":1009,"column":26},"end":{"line":1010,"column":null}},"223":{"start":{"line":1010,"column":16},"end":{"line":1010,"column":28}},"224":{"start":{"line":1012,"column":6},"end":{"line":1015,"column":8}},"225":{"start":{"line":1017,"column":6},"end":{"line":1022,"column":8}},"226":{"start":{"line":162,"column":13},"end":{"line":162,"column":37}},"227":{"start":{"line":162,"column":13},"end":{"line":1025,"column":null}}},"fnMap":{"0":{"name":"(anonymous_4)","decl":{"start":{"line":15,"column":0},"end":{"line":15,"column":12}},"loc":{"start":{"line":15,"column":32},"end":{"line":32,"column":1}}},"1":{"name":"(anonymous_5)","decl":{"start":{"line":39,"column":0},"end":{"line":39,"column":12}},"loc":{"start":{"line":39,"column":31},"end":{"line":50,"column":1}}},"2":{"name":"(anonymous_6)","decl":{"start":{"line":188,"column":2},"end":{"line":188,"column":null}},"loc":{"start":{"line":192,"column":73},"end":{"line":212,"column":3}}},"3":{"name":"(anonymous_7)","decl":{"start":{"line":219,"column":2},"end":{"line":219,"column":17}},"loc":{"start":{"line":219,"column":45},"end":{"line":225,"column":3}}},"4":{"name":"(anonymous_8)","decl":{"start":{"line":233,"column":2},"end":{"line":233,"column":9}},"loc":{"start":{"line":236,"column":5},"end":{"line":266,"column":3}}},"5":{"name":"(anonymous_9)","decl":{"start":{"line":274,"column":2},"end":{"line":274,"column":12}},"loc":{"start":{"line":274,"column":27},"end":{"line":305,"column":3}}},"6":{"name":"(anonymous_10)","decl":{"start":{"line":314,"column":2},"end":{"line":314,"column":12}},"loc":{"start":{"line":316,"column":64},"end":{"line":351,"column":3}}},"7":{"name":"(anonymous_11)","decl":{"start":{"line":359,"column":2},"end":{"line":359,"column":9}},"loc":{"start":{"line":359,"column":24},"end":{"line":361,"column":3}}},"8":{"name":"(anonymous_12)","decl":{"start":{"line":369,"column":2},"end":{"line":369,"column":13}},"loc":{"start":{"line":369,"column":35},"end":{"line":377,"column":3}}},"9":{"name":"(anonymous_13)","decl":{"start":{"line":373,"column":26},"end":{"line":373,"column":30}},"loc":{"start":{"line":373,"column":34},"end":{"line":373,"column":46}}},"10":{"name":"(anonymous_14)","decl":{"start":{"line":387,"column":2},"end":{"line":387,"column":7}},"loc":{"start":{"line":396,"column":5},"end":{"line":493,"column":3}}},"11":{"name":"(anonymous_15)","decl":{"start":{"line":502,"column":2},"end":{"line":502,"column":7}},"loc":{"start":{"line":504,"column":38},"end":{"line":578,"column":3}}},"12":{"name":"(anonymous_16)","decl":{"start":{"line":585,"column":2},"end":{"line":585,"column":10}},"loc":{"start":{"line":585,"column":10},"end":{"line":587,"column":3}}},"13":{"name":"(anonymous_17)","decl":{"start":{"line":593,"column":2},"end":{"line":593,"column":12}},"loc":{"start":{"line":593,"column":12},"end":{"line":596,"column":3}}},"14":{"name":"(anonymous_18)","decl":{"start":{"line":602,"column":2},"end":{"line":602,"column":11}},"loc":{"start":{"line":602,"column":11},"end":{"line":605,"column":3}}},"15":{"name":"(anonymous_19)","decl":{"start":{"line":615,"column":10},"end":{"line":615,"column":25}},"loc":{"start":{"line":615,"column":25},"end":{"line":639,"column":3}}},"16":{"name":"(anonymous_20)","decl":{"start":{"line":625,"column":8},"end":{"line":625,"column":9}},"loc":{"start":{"line":625,"column":26},"end":{"line":628,"column":9}}},"17":{"name":"(anonymous_21)","decl":{"start":{"line":632,"column":8},"end":{"line":632,"column":9}},"loc":{"start":{"line":632,"column":25},"end":{"line":635,"column":9}}},"18":{"name":"(anonymous_22)","decl":{"start":{"line":648,"column":10},"end":{"line":648,"column":15}},"loc":{"start":{"line":648,"column":46},"end":{"line":670,"column":3}}},"19":{"name":"(anonymous_23)","decl":{"start":{"line":679,"column":10},"end":{"line":679,"column":15}},"loc":{"start":{"line":679,"column":51},"end":{"line":701,"column":3}}},"20":{"name":"(anonymous_24)","decl":{"start":{"line":710,"column":10},"end":{"line":710,"column":15}},"loc":{"start":{"line":710,"column":52},"end":{"line":718,"column":3}}},"21":{"name":"(anonymous_25)","decl":{"start":{"line":727,"column":10},"end":{"line":727,"column":15}},"loc":{"start":{"line":727,"column":53},"end":{"line":748,"column":3}}},"22":{"name":"(anonymous_26)","decl":{"start":{"line":757,"column":10},"end":{"line":757,"column":15}},"loc":{"start":{"line":757,"column":50},"end":{"line":778,"column":3}}},"23":{"name":"(anonymous_27)","decl":{"start":{"line":787,"column":10},"end":{"line":787,"column":15}},"loc":{"start":{"line":787,"column":45},"end":{"line":807,"column":3}}},"24":{"name":"(anonymous_28)","decl":{"start":{"line":816,"column":10},"end":{"line":816,"column":15}},"loc":{"start":{"line":816,"column":57},"end":{"line":836,"column":3}}},"25":{"name":"(anonymous_29)","decl":{"start":{"line":845,"column":10},"end":{"line":845,"column":15}},"loc":{"start":{"line":845,"column":49},"end":{"line":867,"column":3}}},"26":{"name":"(anonymous_30)","decl":{"start":{"line":877,"column":10},"end":{"line":877,"column":27}},"loc":{"start":{"line":879,"column":38},"end":{"line":894,"column":3}}},"27":{"name":"(anonymous_31)","decl":{"start":{"line":905,"column":10},"end":{"line":905,"column":21}},"loc":{"start":{"line":909,"column":18},"end":{"line":931,"column":3}}},"28":{"name":"(anonymous_32)","decl":{"start":{"line":927,"column":6},"end":{"line":927,"column":10}},"loc":{"start":{"line":927,"column":14},"end":{"line":927,"column":26}}},"29":{"name":"(anonymous_33)","decl":{"start":{"line":940,"column":10},"end":{"line":940,"column":19}},"loc":{"start":{"line":940,"column":64},"end":{"line":958,"column":3}}},"30":{"name":"(anonymous_34)","decl":{"start":{"line":965,"column":10},"end":{"line":965,"column":25}},"loc":{"start":{"line":965,"column":25},"end":{"line":983,"column":3}}},"31":{"name":"(anonymous_35)","decl":{"start":{"line":967,"column":41},"end":{"line":967,"column":44}},"loc":{"start":{"line":967,"column":46},"end":{"line":976,"column":7}}},"32":{"name":"(anonymous_36)","decl":{"start":{"line":968,"column":39},"end":{"line":968,"column":44}},"loc":{"start":{"line":968,"column":47},"end":{"line":975,"column":9}}},"33":{"name":"(anonymous_37)","decl":{"start":{"line":990,"column":10},"end":{"line":990,"column":24}},"loc":{"start":{"line":990,"column":24},"end":{"line":996,"column":3}}},"34":{"name":"(anonymous_38)","decl":{"start":{"line":1003,"column":10},"end":{"line":1003,"column":15}},"loc":{"start":{"line":1003,"column":33},"end":{"line":1024,"column":3}}},"35":{"name":"(anonymous_39)","decl":{"start":{"line":1010,"column":8},"end":{"line":1010,"column":12}},"loc":{"start":{"line":1010,"column":16},"end":{"line":1010,"column":28}}}},"branchMap":{"0":{"loc":{"start":{"line":15,"column":12},"end":{"line":15,"column":null}},"type":"binary-expr","locations":[{"start":{"line":15,"column":12},"end":{"line":15,"column":32}},{"start":{"line":15,"column":32},"end":{"line":15,"column":null}}]},"1":{"loc":{"start":{"line":39,"column":12},"end":{"line":39,"column":null}},"type":"binary-expr","locations":[{"start":{"line":39,"column":12},"end":{"line":39,"column":31}},{"start":{"line":39,"column":31},"end":{"line":39,"column":null}}]},"2":{"loc":{"start":{"line":239,"column":21},"end":{"line":239,"column":40}},"type":"binary-expr","locations":[{"start":{"line":239,"column":21},"end":{"line":239,"column":28}},{"start":{"line":239,"column":32},"end":{"line":239,"column":40}}]},"3":{"loc":{"start":{"line":276,"column":6},"end":{"line":282,"column":7}},"type":"if","locations":[{"start":{"line":276,"column":6},"end":{"line":282,"column":7}},{"start":{},"end":{}}]},"4":{"loc":{"start":{"line":285,"column":6},"end":{"line":287,"column":7}},"type":"if","locations":[{"start":{"line":285,"column":6},"end":{"line":287,"column":7}},{"start":{},"end":{}}]},"5":{"loc":{"start":{"line":319,"column":6},"end":{"line":325,"column":7}},"type":"if","locations":[{"start":{"line":319,"column":6},"end":{"line":325,"column":7}},{"start":{},"end":{}}]},"6":{"loc":{"start":{"line":360,"column":11},"end":{"line":360,"column":41}},"type":"binary-expr","locations":[{"start":{"line":360,"column":11},"end":{"line":360,"column":33}},{"start":{"line":360,"column":37},"end":{"line":360,"column":41}}]},"7":{"loc":{"start":{"line":372,"column":4},"end":{"line":374,"column":5}},"type":"if","locations":[{"start":{"line":372,"column":4},"end":{"line":374,"column":5}},{"start":{},"end":{}}]},"8":{"loc":{"start":{"line":389,"column":4},"end":{"line":389,"column":65}},"type":"default-arg","locations":[{"start":{"line":389,"column":37},"end":{"line":389,"column":65}}]},"9":{"loc":{"start":{"line":399,"column":20},"end":{"line":399,"column":61}},"type":"cond-expr","locations":[{"start":{"line":399,"column":44},"end":{"line":399,"column":50}},{"start":{"line":399,"column":53},"end":{"line":399,"column":61}}]},"10":{"loc":{"start":{"line":402,"column":6},"end":{"line":404,"column":7}},"type":"if","locations":[{"start":{"line":402,"column":6},"end":{"line":404,"column":7}},{"start":{},"end":{}}]},"11":{"loc":{"start":{"line":416,"column":18},"end":{"line":416,"column":41}},"type":"binary-expr","locations":[{"start":{"line":416,"column":18},"end":{"line":416,"column":35}},{"start":{"line":416,"column":39},"end":{"line":416,"column":41}}]},"12":{"loc":{"start":{"line":420,"column":6},"end":{"line":449,"column":7}},"type":"switch","locations":[{"start":{"line":421,"column":8},"end":{"line":423,"column":16}},{"start":{"line":424,"column":8},"end":{"line":426,"column":16}},{"start":{"line":427,"column":8},"end":{"line":429,"column":16}},{"start":{"line":430,"column":8},"end":{"line":432,"column":16}},{"start":{"line":433,"column":8},"end":{"line":435,"column":16}},{"start":{"line":436,"column":8},"end":{"line":438,"column":16}},{"start":{"line":439,"column":8},"end":{"line":441,"column":16}},{"start":{"line":442,"column":8},"end":{"line":444,"column":16}},{"start":{"line":445,"column":8},"end":{"line":448,"column":12}}]},"13":{"loc":{"start":{"line":490,"column":18},"end":{"line":490,"column":41}},"type":"binary-expr","locations":[{"start":{"line":490,"column":18},"end":{"line":490,"column":35}},{"start":{"line":490,"column":39},"end":{"line":490,"column":41}}]},"14":{"loc":{"start":{"line":507,"column":4},"end":{"line":509,"column":5}},"type":"if","locations":[{"start":{"line":507,"column":4},"end":{"line":509,"column":5}},{"start":{},"end":{}}]},"15":{"loc":{"start":{"line":511,"column":4},"end":{"line":528,"column":5}},"type":"if","locations":[{"start":{"line":511,"column":4},"end":{"line":528,"column":5}},{"start":{},"end":{}}]},"16":{"loc":{"start":{"line":531,"column":4},"end":{"line":548,"column":5}},"type":"if","locations":[{"start":{"line":531,"column":4},"end":{"line":548,"column":5}},{"start":{},"end":{}}]},"17":{"loc":{"start":{"line":531,"column":8},"end":{"line":531,"column":75}},"type":"binary-expr","locations":[{"start":{"line":531,"column":8},"end":{"line":531,"column":22}},{"start":{"line":531,"column":26},"end":{"line":531,"column":75}}]},"18":{"loc":{"start":{"line":551,"column":4},"end":{"line":573,"column":5}},"type":"if","locations":[{"start":{"line":551,"column":4},"end":{"line":573,"column":5}},{"start":{},"end":{}}]},"19":{"loc":{"start":{"line":551,"column":8},"end":{"line":551,"column":57}},"type":"binary-expr","locations":[{"start":{"line":551,"column":8},"end":{"line":551,"column":25}},{"start":{"line":551,"column":29},"end":{"line":551,"column":57}}]},"20":{"loc":{"start":{"line":554,"column":8},"end":{"line":571,"column":9}},"type":"if","locations":[{"start":{"line":554,"column":8},"end":{"line":571,"column":9}},{"start":{},"end":{}}]},"21":{"loc":{"start":{"line":656,"column":8},"end":{"line":658,"column":9}},"type":"if","locations":[{"start":{"line":656,"column":8},"end":{"line":658,"column":9}},{"start":{},"end":{}}]},"22":{"loc":{"start":{"line":687,"column":8},"end":{"line":689,"column":9}},"type":"if","locations":[{"start":{"line":687,"column":8},"end":{"line":689,"column":9}},{"start":{},"end":{}}]},"23":{"loc":{"start":{"line":822,"column":8},"end":{"line":824,"column":9}},"type":"if","locations":[{"start":{"line":822,"column":8},"end":{"line":824,"column":9}},{"start":{},"end":{}}]},"24":{"loc":{"start":{"line":847,"column":22},"end":{"line":847,"column":50}},"type":"binary-expr","locations":[{"start":{"line":847,"column":22},"end":{"line":847,"column":43}},{"start":{"line":847,"column":47},"end":{"line":847,"column":50}}]},"25":{"loc":{"start":{"line":909,"column":4},"end":{"line":909,"column":18}},"type":"default-arg","locations":[{"start":{"line":909,"column":13},"end":{"line":909,"column":18}}]},"26":{"loc":{"start":{"line":913,"column":4},"end":{"line":918,"column":5}},"type":"if","locations":[{"start":{"line":913,"column":4},"end":{"line":918,"column":5}},{"start":{"line":915,"column":11},"end":{"line":918,"column":5}}]},"27":{"loc":{"start":{"line":941,"column":4},"end":{"line":957,"column":5}},"type":"if","locations":[{"start":{"line":941,"column":4},"end":{"line":957,"column":5}},{"start":{},"end":{}}]},"28":{"loc":{"start":{"line":966,"column":4},"end":{"line":982,"column":5}},"type":"if","locations":[{"start":{"line":966,"column":4},"end":{"line":982,"column":5}},{"start":{},"end":{}}]},"29":{"loc":{"start":{"line":966,"column":8},"end":{"line":966,"column":76}},"type":"binary-expr","locations":[{"start":{"line":966,"column":8},"end":{"line":966,"column":38}},{"start":{"line":966,"column":42},"end":{"line":966,"column":76}}]},"30":{"loc":{"start":{"line":991,"column":4},"end":{"line":995,"column":5}},"type":"if","locations":[{"start":{"line":991,"column":4},"end":{"line":995,"column":5}},{"start":{},"end":{}}]},"31":{"loc":{"start":{"line":191,"column":35},"end":{"line":191,"column":null}},"type":"cond-expr","locations":[{"start":{"line":191,"column":48},"end":{"line":191,"column":null}},{"start":{"line":191,"column":48},"end":{"line":191,"column":null}}]},"32":{"loc":{"start":{"line":191,"column":35},"end":{"line":191,"column":48}},"type":"binary-expr","locations":[{"start":{"line":191,"column":35},"end":{"line":191,"column":null}},{"start":{"line":191,"column":35},"end":{"line":191,"column":48}}]},"33":{"loc":{"start":{"line":191,"column":48},"end":{"line":192,"column":null}},"type":"cond-expr","locations":[{"start":{"line":192,"column":73},"end":{"line":192,"column":null}},{"start":{"line":192,"column":73},"end":{"line":192,"column":null}}]},"34":{"loc":{"start":{"line":191,"column":48},"end":{"line":192,"column":73}},"type":"binary-expr","locations":[{"start":{"line":191,"column":48},"end":{"line":192,"column":null}},{"start":{"line":192,"column":56},"end":{"line":192,"column":73}}]}},"s":{"0":1,"1":1,"2":1,"3":1,"4":1,"5":1,"6":1,"7":1,"8":1,"9":1,"10":1,"11":1,"12":1,"13":1,"14":1,"15":1,"16":1,"17":1,"18":1,"19":1,"20":27,"21":27,"22":27,"23":27,"24":27,"25":27,"26":27,"27":27,"28":27,"29":26,"30":26,"31":9,"32":9,"33":9,"34":9,"35":9,"36":9,"37":9,"38":9,"39":0,"40":0,"41":1,"42":1,"43":0,"44":0,"45":1,"46":1,"47":0,"48":1,"49":1,"50":1,"51":1,"52":0,"53":0,"54":1,"55":1,"56":0,"57":0,"58":1,"59":1,"60":1,"61":1,"62":1,"63":1,"64":0,"65":0,"66":5,"67":9,"68":9,"69":1,"70":2,"71":8,"72":14,"73":14,"74":14,"75":14,"76":1,"77":13,"78":13,"79":6,"80":6,"81":1,"82":1,"83":0,"84":0,"85":1,"86":1,"87":1,"88":1,"89":1,"90":1,"91":1,"92":1,"93":1,"94":1,"95":1,"96":12,"97":12,"98":12,"99":12,"100":12,"101":12,"102":12,"103":12,"104":12,"105":2,"106":2,"107":2,"108":2,"109":2,"110":3,"111":3,"112":1,"113":2,"114":1,"115":1,"116":1,"117":0,"118":0,"119":1,"120":0,"121":0,"122":0,"123":0,"124":0,"125":1,"126":2,"127":1,"128":1,"129":26,"130":26,"131":28,"132":224,"133":224,"134":140,"135":140,"136":7,"137":7,"138":10,"139":10,"140":10,"141":9,"142":7,"143":1,"144":7,"145":1,"146":1,"147":1,"148":1,"149":1,"150":1,"151":0,"152":1,"153":0,"154":0,"155":1,"156":1,"157":1,"158":1,"159":0,"160":1,"161":1,"162":1,"163":1,"164":1,"165":0,"166":1,"167":1,"168":1,"169":1,"170":1,"171":1,"172":0,"173":1,"174":1,"175":1,"176":1,"177":1,"178":1,"179":1,"180":0,"181":1,"182":1,"183":1,"184":1,"185":1,"186":1,"187":1,"188":1,"189":1,"190":0,"191":1,"192":0,"193":0,"194":0,"195":0,"196":14,"197":14,"198":2,"199":12,"200":12,"201":14,"202":14,"203":14,"204":1,"205":14,"206":25,"207":25,"208":25,"209":0,"210":27,"211":27,"212":0,"213":0,"214":27,"215":26,"216":26,"217":26,"218":26,"219":0,"220":0,"221":0,"222":0,"223":0,"224":0,"225":0,"226":1,"227":1},"f":{"0":1,"1":1,"2":27,"3":26,"4":9,"5":1,"6":1,"7":5,"8":9,"9":2,"10":14,"11":3,"12":2,"13":1,"14":26,"15":28,"16":224,"17":140,"18":7,"19":1,"20":0,"21":1,"22":1,"23":1,"24":1,"25":1,"26":0,"27":14,"28":1,"29":25,"30":27,"31":0,"32":0,"33":26,"34":0,"35":0},"b":{"0":[1,1],"1":[1,1],"2":[9,9],"3":[0,1],"4":[0,1],"5":[0,1],"6":[5,1],"7":[1,8],"8":[1],"9":[13,1],"10":[1,13],"11":[13,12],"12":[6,1,0,1,1,1,1,1,1],"13":[2,2],"14":[1,2],"15":[1,1],"16":[0,1],"17":[1,0],"18":[0,1],"19":[1,0],"20":[0,0],"21":[7,2],"22":[1,0],"23":[1,0],"24":[1,0],"25":[12],"26":[2,12],"27":[25,0],"28":[27,0],"29":[27,27],"30":[26,0],"31":[1,0],"32":[1,1],"33":[1,0],"34":[1,1]}}
,"/home/arligle/V1/Aiofix/aiofix-ai-saas-platform/packages/cache/src/services/cache-manager.service.ts": {"path":"/home/arligle/V1/Aiofix/aiofix-ai-saas-platform/packages/cache/src/services/cache-manager.service.ts","statementMap":{"0":{"start":{"line":1,"column":0},"end":{"line":1,"column":52}},"1":{"start":{"line":2,"column":0},"end":{"line":2,"column":54}},"2":{"start":{"line":12,"column":0},"end":{"line":12,"column":62}},"3":{"start":{"line":13,"column":0},"end":{"line":13,"column":64}},"4":{"start":{"line":93,"column":7},"end":{"line":944,"column":null}},"5":{"start":{"line":136,"column":21},"end":{"line":136,"column":35}},"6":{"start":{"line":137,"column":48},"end":{"line":137,"column":56}},"7":{"start":{"line":97,"column":19},"end":{"line":97,"column":64}},"8":{"start":{"line":122,"column":10},"end":{"line":122,"column":27}},"9":{"start":{"line":127,"column":10},"end":{"line":127,"column":23}},"10":{"start":{"line":132,"column":10},"end":{"line":132,"column":32}},"11":{"start":{"line":139,"column":4},"end":{"line":148,"column":6}},"12":{"start":{"line":150,"column":4},"end":{"line":150,"column":40}},"13":{"start":{"line":151,"column":4},"end":{"line":151,"column":28}},"14":{"start":{"line":152,"column":4},"end":{"line":152,"column":27}},"15":{"start":{"line":153,"column":4},"end":{"line":153,"column":24}},"16":{"start":{"line":155,"column":4},"end":{"line":155,"column":74}},"17":{"start":{"line":165,"column":22},"end":{"line":165,"column":32}},"18":{"start":{"line":166,"column":4},"end":{"line":166,"column":24}},"19":{"start":{"line":168,"column":4},"end":{"line":203,"column":5}},"20":{"start":{"line":170,"column":6},"end":{"line":188,"column":7}},"21":{"start":{"line":171,"column":8},"end":{"line":171,"column":37}},"22":{"start":{"line":171,"column":28},"end":{"line":171,"column":37}},"23":{"start":{"line":173,"column":22},"end":{"line":173,"column":53}},"24":{"start":{"line":175,"column":8},"end":{"line":187,"column":9}},"25":{"start":{"line":177,"column":10},"end":{"line":177,"column":26}},"26":{"start":{"line":178,"column":10},"end":{"line":178,"column":38}},"27":{"start":{"line":181,"column":10},"end":{"line":183,"column":11}},"28":{"start":{"line":182,"column":12},"end":{"line":182,"column":71}},"29":{"start":{"line":185,"column":10},"end":{"line":185,"column":73}},"30":{"start":{"line":186,"column":10},"end":{"line":186,"column":23}},"31":{"start":{"line":191,"column":6},"end":{"line":191,"column":34}},"32":{"start":{"line":192,"column":6},"end":{"line":192,"column":44}},"33":{"start":{"line":193,"column":6},"end":{"line":193,"column":18}},"34":{"start":{"line":195,"column":6},"end":{"line":200,"column":8}},"35":{"start":{"line":201,"column":6},"end":{"line":201,"column":52}},"36":{"start":{"line":202,"column":6},"end":{"line":202,"column":18}},"37":{"start":{"line":219,"column":22},"end":{"line":219,"column":32}},"38":{"start":{"line":221,"column":4},"end":{"line":259,"column":5}},"39":{"start":{"line":222,"column":28},"end":{"line":222,"column":73}},"40":{"start":{"line":223,"column":20},"end":{"line":223,"column":25}},"41":{"start":{"line":226,"column":6},"end":{"line":246,"column":7}},"42":{"start":{"line":227,"column":8},"end":{"line":227,"column":55}},"43":{"start":{"line":227,"column":46},"end":{"line":227,"column":55}},"44":{"start":{"line":229,"column":8},"end":{"line":245,"column":9}},"45":{"start":{"line":230,"column":31},"end":{"line":233,"column":12}},"46":{"start":{"line":234,"column":10},"end":{"line":237,"column":11}},"47":{"start":{"line":235,"column":12},"end":{"line":235,"column":27}},"48":{"start":{"line":236,"column":12},"end":{"line":236,"column":75}},"49":{"start":{"line":239,"column":10},"end":{"line":244,"column":12}},"50":{"start":{"line":248,"column":6},"end":{"line":248,"column":34}},"51":{"start":{"line":249,"column":6},"end":{"line":249,"column":21}},"52":{"start":{"line":251,"column":6},"end":{"line":256,"column":8}},"53":{"start":{"line":257,"column":6},"end":{"line":257,"column":52}},"54":{"start":{"line":258,"column":6},"end":{"line":258,"column":19}},"55":{"start":{"line":269,"column":22},"end":{"line":269,"column":32}},"56":{"start":{"line":271,"column":4},"end":{"line":305,"column":5}},"57":{"start":{"line":272,"column":20},"end":{"line":272,"column":25}},"58":{"start":{"line":275,"column":6},"end":{"line":292,"column":7}},"59":{"start":{"line":276,"column":8},"end":{"line":276,"column":55}},"60":{"start":{"line":276,"column":46},"end":{"line":276,"column":55}},"61":{"start":{"line":278,"column":8},"end":{"line":291,"column":9}},"62":{"start":{"line":279,"column":31},"end":{"line":279,"column":62}},"63":{"start":{"line":280,"column":10},"end":{"line":283,"column":11}},"64":{"start":{"line":281,"column":12},"end":{"line":281,"column":27}},"65":{"start":{"line":282,"column":12},"end":{"line":282,"column":71}},"66":{"start":{"line":285,"column":10},"end":{"line":290,"column":12}},"67":{"start":{"line":294,"column":6},"end":{"line":294,"column":34}},"68":{"start":{"line":295,"column":6},"end":{"line":295,"column":21}},"69":{"start":{"line":297,"column":6},"end":{"line":302,"column":8}},"70":{"start":{"line":303,"column":6},"end":{"line":303,"column":52}},"71":{"start":{"line":304,"column":6},"end":{"line":304,"column":19}},"72":{"start":{"line":315,"column":22},"end":{"line":315,"column":32}},"73":{"start":{"line":316,"column":4},"end":{"line":316,"column":24}},"74":{"start":{"line":318,"column":4},"end":{"line":343,"column":5}},"75":{"start":{"line":320,"column":6},"end":{"line":330,"column":7}},"76":{"start":{"line":321,"column":8},"end":{"line":321,"column":37}},"77":{"start":{"line":321,"column":28},"end":{"line":321,"column":37}},"78":{"start":{"line":323,"column":23},"end":{"line":323,"column":54}},"79":{"start":{"line":324,"column":8},"end":{"line":329,"column":9}},"80":{"start":{"line":325,"column":10},"end":{"line":325,"column":26}},"81":{"start":{"line":326,"column":10},"end":{"line":326,"column":38}},"82":{"start":{"line":327,"column":10},"end":{"line":327,"column":69}},"83":{"start":{"line":328,"column":10},"end":{"line":328,"column":22}},"84":{"start":{"line":332,"column":6},"end":{"line":332,"column":34}},"85":{"start":{"line":333,"column":6},"end":{"line":333,"column":19}},"86":{"start":{"line":335,"column":6},"end":{"line":340,"column":8}},"87":{"start":{"line":341,"column":6},"end":{"line":341,"column":52}},"88":{"start":{"line":342,"column":6},"end":{"line":342,"column":19}},"89":{"start":{"line":353,"column":22},"end":{"line":353,"column":32}},"90":{"start":{"line":355,"column":4},"end":{"line":389,"column":5}},"91":{"start":{"line":356,"column":20},"end":{"line":356,"column":25}},"92":{"start":{"line":359,"column":6},"end":{"line":376,"column":7}},"93":{"start":{"line":360,"column":8},"end":{"line":360,"column":55}},"94":{"start":{"line":360,"column":46},"end":{"line":360,"column":55}},"95":{"start":{"line":362,"column":8},"end":{"line":375,"column":9}},"96":{"start":{"line":363,"column":31},"end":{"line":363,"column":67}},"97":{"start":{"line":364,"column":10},"end":{"line":367,"column":11}},"98":{"start":{"line":365,"column":12},"end":{"line":365,"column":27}},"99":{"start":{"line":366,"column":12},"end":{"line":366,"column":76}},"100":{"start":{"line":369,"column":10},"end":{"line":374,"column":12}},"101":{"start":{"line":378,"column":6},"end":{"line":378,"column":34}},"102":{"start":{"line":379,"column":6},"end":{"line":379,"column":21}},"103":{"start":{"line":381,"column":6},"end":{"line":386,"column":8}},"104":{"start":{"line":387,"column":6},"end":{"line":387,"column":47}},"105":{"start":{"line":388,"column":6},"end":{"line":388,"column":19}},"106":{"start":{"line":398,"column":4},"end":{"line":435,"column":5}},"107":{"start":{"line":400,"column":50},"end":{"line":400,"column":52}},"108":{"start":{"line":401,"column":6},"end":{"line":415,"column":7}},"109":{"start":{"line":402,"column":8},"end":{"line":414,"column":9}},"110":{"start":{"line":403,"column":10},"end":{"line":413,"column":11}},"111":{"start":{"line":404,"column":12},"end":{"line":404,"column":62}},"112":{"start":{"line":406,"column":12},"end":{"line":411,"column":14}},"113":{"start":{"line":412,"column":12},"end":{"line":412,"column":36}},"114":{"start":{"line":418,"column":6},"end":{"line":419,"column":70}},"115":{"start":{"line":420,"column":6},"end":{"line":422,"column":15}},"116":{"start":{"line":421,"column":17},"end":{"line":421,"column":30}},"117":{"start":{"line":423,"column":6},"end":{"line":423,"column":41}},"118":{"start":{"line":424,"column":6},"end":{"line":424,"column":42}},"119":{"start":{"line":426,"column":6},"end":{"line":426,"column":31}},"120":{"start":{"line":428,"column":6},"end":{"line":433,"column":8}},"121":{"start":{"line":434,"column":6},"end":{"line":434,"column":24}},"122":{"start":{"line":444,"column":4},"end":{"line":496,"column":5}},"123":{"start":{"line":445,"column":26},"end":{"line":445,"column":27}},"124":{"start":{"line":446,"column":30},"end":{"line":446,"column":31}},"125":{"start":{"line":447,"column":21},"end":{"line":447,"column":26}},"126":{"start":{"line":448,"column":25},"end":{"line":448,"column":27}},"127":{"start":{"line":451,"column":6},"end":{"line":467,"column":7}},"128":{"start":{"line":452,"column":8},"end":{"line":466,"column":9}},"129":{"start":{"line":453,"column":10},"end":{"line":465,"column":11}},"130":{"start":{"line":454,"column":32},"end":{"line":454,"column":63}},"131":{"start":{"line":455,"column":12},"end":{"line":455,"column":58}},"132":{"start":{"line":456,"column":12},"end":{"line":461,"column":13}},"133":{"start":{"line":457,"column":14},"end":{"line":457,"column":30}},"134":{"start":{"line":459,"column":14},"end":{"line":459,"column":30}},"135":{"start":{"line":460,"column":14},"end":{"line":460,"column":68}},"136":{"start":{"line":463,"column":12},"end":{"line":463,"column":28}},"137":{"start":{"line":464,"column":12},"end":{"line":464,"column":52}},"138":{"start":{"line":469,"column":27},"end":{"line":471,"column":14}},"139":{"start":{"line":470,"column":17},"end":{"line":470,"column":30}},"140":{"start":{"line":473,"column":8},"end":{"line":473,"column":63}},"141":{"start":{"line":475,"column":6},"end":{"line":481,"column":8}},"142":{"start":{"line":483,"column":6},"end":{"line":488,"column":8}},"143":{"start":{"line":489,"column":6},"end":{"line":495,"column":8}},"144":{"start":{"line":506,"column":4},"end":{"line":538,"column":5}},"145":{"start":{"line":507,"column":6},"end":{"line":512,"column":7}},"146":{"start":{"line":508,"column":8},"end":{"line":511,"column":10}},"147":{"start":{"line":514,"column":6},"end":{"line":519,"column":9}},"148":{"start":{"line":521,"column":6},"end":{"line":524,"column":8}},"149":{"start":{"line":525,"column":6},"end":{"line":528,"column":9}},"150":{"start":{"line":529,"column":6},"end":{"line":529,"column":18}},"151":{"start":{"line":531,"column":6},"end":{"line":536,"column":8}},"152":{"start":{"line":537,"column":6},"end":{"line":537,"column":19}},"153":{"start":{"line":548,"column":4},"end":{"line":569,"column":5}},"154":{"start":{"line":549,"column":6},"end":{"line":555,"column":7}},"155":{"start":{"line":550,"column":8},"end":{"line":553,"column":10}},"156":{"start":{"line":554,"column":8},"end":{"line":554,"column":21}},"157":{"start":{"line":557,"column":6},"end":{"line":557,"column":31}},"158":{"start":{"line":558,"column":6},"end":{"line":558,"column":73}},"159":{"start":{"line":559,"column":6},"end":{"line":559,"column":55}},"160":{"start":{"line":560,"column":6},"end":{"line":560,"column":18}},"161":{"start":{"line":562,"column":6},"end":{"line":567,"column":8}},"162":{"start":{"line":568,"column":6},"end":{"line":568,"column":19}},"163":{"start":{"line":580,"column":4},"end":{"line":605,"column":5}},"164":{"start":{"line":581,"column":20},"end":{"line":581,"column":41}},"165":{"start":{"line":582,"column":6},"end":{"line":588,"column":7}},"166":{"start":{"line":583,"column":8},"end":{"line":586,"column":10}},"167":{"start":{"line":587,"column":8},"end":{"line":587,"column":21}},"168":{"start":{"line":590,"column":6},"end":{"line":590,"column":30}},"169":{"start":{"line":591,"column":6},"end":{"line":594,"column":8}},"170":{"start":{"line":595,"column":6},"end":{"line":595,"column":64}},"171":{"start":{"line":596,"column":6},"end":{"line":596,"column":18}},"172":{"start":{"line":598,"column":6},"end":{"line":603,"column":8}},"173":{"start":{"line":604,"column":6},"end":{"line":604,"column":19}},"174":{"start":{"line":614,"column":4},"end":{"line":614,"column":73}},"175":{"start":{"line":614,"column":58},"end":{"line":614,"column":70}},"176":{"start":{"line":622,"column":4},"end":{"line":654,"column":5}},"177":{"start":{"line":624,"column":6},"end":{"line":637,"column":7}},"178":{"start":{"line":625,"column":8},"end":{"line":636,"column":9}},"179":{"start":{"line":626,"column":10},"end":{"line":635,"column":11}},"180":{"start":{"line":627,"column":12},"end":{"line":627,"column":45}},"181":{"start":{"line":629,"column":12},"end":{"line":634,"column":14}},"182":{"start":{"line":640,"column":6},"end":{"line":640,"column":28}},"183":{"start":{"line":641,"column":6},"end":{"line":641,"column":24}},"184":{"start":{"line":642,"column":6},"end":{"line":642,"column":33}},"185":{"start":{"line":643,"column":6},"end":{"line":643,"column":42}},"186":{"start":{"line":645,"column":6},"end":{"line":645,"column":75}},"187":{"start":{"line":646,"column":6},"end":{"line":646,"column":40}},"188":{"start":{"line":648,"column":6},"end":{"line":653,"column":8}},"189":{"start":{"line":662,"column":4},"end":{"line":662,"column":26}},"190":{"start":{"line":663,"column":4},"end":{"line":663,"column":23}},"191":{"start":{"line":664,"column":4},"end":{"line":664,"column":72}},"192":{"start":{"line":676,"column":4},"end":{"line":689,"column":6}},"193":{"start":{"line":698,"column":4},"end":{"line":702,"column":5}},"194":{"start":{"line":699,"column":6},"end":{"line":701,"column":7}},"195":{"start":{"line":700,"column":8},"end":{"line":700,"column":35}},"196":{"start":{"line":712,"column":4},"end":{"line":714,"column":47}},"197":{"start":{"line":713,"column":23},"end":{"line":713,"column":36}},"198":{"start":{"line":714,"column":22},"end":{"line":714,"column":45}},"199":{"start":{"line":730,"column":4},"end":{"line":765,"column":5}},"200":{"start":{"line":731,"column":27},"end":{"line":738,"column":48}},"201":{"start":{"line":734,"column":12},"end":{"line":736,"column":44}},"202":{"start":{"line":738,"column":24},"end":{"line":738,"column":47}},"203":{"start":{"line":740,"column":6},"end":{"line":757,"column":7}},"204":{"start":{"line":741,"column":8},"end":{"line":756,"column":9}},"205":{"start":{"line":742,"column":10},"end":{"line":742,"column":46}},"206":{"start":{"line":743,"column":10},"end":{"line":748,"column":13}},"207":{"start":{"line":750,"column":10},"end":{"line":755,"column":12}},"208":{"start":{"line":759,"column":6},"end":{"line":764,"column":8}},"209":{"start":{"line":775,"column":25},"end":{"line":775,"column":47}},"210":{"start":{"line":776,"column":4},"end":{"line":776,"column":43}},"211":{"start":{"line":777,"column":4},"end":{"line":777,"column":36}},"212":{"start":{"line":778,"column":4},"end":{"line":778,"column":58}},"213":{"start":{"line":789,"column":4},"end":{"line":805,"column":5}},"214":{"start":{"line":790,"column":6},"end":{"line":804,"column":7}},"215":{"start":{"line":791,"column":8},"end":{"line":796,"column":11}},"216":{"start":{"line":798,"column":8},"end":{"line":803,"column":10}},"217":{"start":{"line":814,"column":4},"end":{"line":830,"column":5}},"218":{"start":{"line":815,"column":6},"end":{"line":824,"column":41}},"219":{"start":{"line":816,"column":8},"end":{"line":823,"column":11}},"220":{"start":{"line":817,"column":10},"end":{"line":822,"column":12}},"221":{"start":{"line":826,"column":6},"end":{"line":829,"column":8}},"222":{"start":{"line":839,"column":4},"end":{"line":843,"column":5}},"223":{"start":{"line":840,"column":6},"end":{"line":840,"column":42}},"224":{"start":{"line":841,"column":6},"end":{"line":841,"column":39}},"225":{"start":{"line":842,"column":6},"end":{"line":842,"column":69}},"226":{"start":{"line":852,"column":4},"end":{"line":868,"column":5}},"227":{"start":{"line":853,"column":6},"end":{"line":862,"column":38}},"228":{"start":{"line":854,"column":8},"end":{"line":861,"column":11}},"229":{"start":{"line":855,"column":10},"end":{"line":860,"column":12}},"230":{"start":{"line":864,"column":6},"end":{"line":867,"column":8}},"231":{"start":{"line":877,"column":4},"end":{"line":881,"column":5}},"232":{"start":{"line":878,"column":6},"end":{"line":878,"column":39}},"233":{"start":{"line":879,"column":6},"end":{"line":879,"column":36}},"234":{"start":{"line":880,"column":6},"end":{"line":880,"column":66}},"235":{"start":{"line":890,"column":4},"end":{"line":907,"column":5}},"236":{"start":{"line":891,"column":21},"end":{"line":891,"column":43}},"237":{"start":{"line":892,"column":20},"end":{"line":892,"column":41}},"238":{"start":{"line":894,"column":6},"end":{"line":894,"column":54}},"239":{"start":{"line":897,"column":6},"end":{"line":899,"column":7}},"240":{"start":{"line":898,"column":8},"end":{"line":898,"column":72}},"241":{"start":{"line":901,"column":6},"end":{"line":906,"column":8}},"242":{"start":{"line":916,"column":4},"end":{"line":942,"column":5}},"243":{"start":{"line":918,"column":6},"end":{"line":932,"column":7}},"244":{"start":{"line":919,"column":8},"end":{"line":931,"column":9}},"245":{"start":{"line":920,"column":10},"end":{"line":930,"column":11}},"246":{"start":{"line":922,"column":12},"end":{"line":922,"column":61}},"247":{"start":{"line":924,"column":12},"end":{"line":929,"column":14}},"248":{"start":{"line":934,"column":6},"end":{"line":934,"column":69}},"249":{"start":{"line":936,"column":6},"end":{"line":941,"column":8}},"250":{"start":{"line":93,"column":13},"end":{"line":93,"column":32}},"251":{"start":{"line":93,"column":13},"end":{"line":944,"column":null}}},"fnMap":{"0":{"name":"(anonymous_4)","decl":{"start":{"line":134,"column":2},"end":{"line":134,"column":null}},"loc":{"start":{"line":137,"column":73},"end":{"line":156,"column":3}}},"1":{"name":"(anonymous_5)","decl":{"start":{"line":164,"column":2},"end":{"line":164,"column":7}},"loc":{"start":{"line":164,"column":38},"end":{"line":204,"column":3}}},"2":{"name":"(anonymous_6)","decl":{"start":{"line":214,"column":2},"end":{"line":214,"column":7}},"loc":{"start":{"line":217,"column":35},"end":{"line":260,"column":3}}},"3":{"name":"(anonymous_7)","decl":{"start":{"line":268,"column":2},"end":{"line":268,"column":7}},"loc":{"start":{"line":268,"column":28},"end":{"line":306,"column":3}}},"4":{"name":"(anonymous_8)","decl":{"start":{"line":314,"column":2},"end":{"line":314,"column":7}},"loc":{"start":{"line":314,"column":28},"end":{"line":344,"column":3}}},"5":{"name":"(anonymous_9)","decl":{"start":{"line":352,"column":2},"end":{"line":352,"column":7}},"loc":{"start":{"line":352,"column":32},"end":{"line":390,"column":3}}},"6":{"name":"(anonymous_10)","decl":{"start":{"line":397,"column":2},"end":{"line":397,"column":7}},"loc":{"start":{"line":397,"column":16},"end":{"line":436,"column":3}}},"7":{"name":"(anonymous_11)","decl":{"start":{"line":421,"column":8},"end":{"line":421,"column":13}},"loc":{"start":{"line":421,"column":17},"end":{"line":421,"column":30}}},"8":{"name":"(anonymous_12)","decl":{"start":{"line":443,"column":2},"end":{"line":443,"column":7}},"loc":{"start":{"line":443,"column":17},"end":{"line":497,"column":3}}},"9":{"name":"(anonymous_13)","decl":{"start":{"line":470,"column":8},"end":{"line":470,"column":13}},"loc":{"start":{"line":470,"column":17},"end":{"line":470,"column":30}}},"10":{"name":"(anonymous_14)","decl":{"start":{"line":505,"column":2},"end":{"line":505,"column":10}},"loc":{"start":{"line":505,"column":35},"end":{"line":539,"column":3}}},"11":{"name":"(anonymous_15)","decl":{"start":{"line":547,"column":2},"end":{"line":547,"column":13}},"loc":{"start":{"line":547,"column":26},"end":{"line":570,"column":3}}},"12":{"name":"(anonymous_16)","decl":{"start":{"line":579,"column":2},"end":{"line":579,"column":13}},"loc":{"start":{"line":579,"column":44},"end":{"line":606,"column":3}}},"13":{"name":"(anonymous_17)","decl":{"start":{"line":613,"column":2},"end":{"line":613,"column":11}},"loc":{"start":{"line":613,"column":11},"end":{"line":615,"column":3}}},"14":{"name":"(anonymous_18)","decl":{"start":{"line":614,"column":48},"end":{"line":614,"column":53}},"loc":{"start":{"line":614,"column":58},"end":{"line":614,"column":70}}},"15":{"name":"(anonymous_19)","decl":{"start":{"line":621,"column":2},"end":{"line":621,"column":7}},"loc":{"start":{"line":621,"column":18},"end":{"line":655,"column":3}}},"16":{"name":"(anonymous_20)","decl":{"start":{"line":661,"column":2},"end":{"line":661,"column":11}},"loc":{"start":{"line":661,"column":11},"end":{"line":665,"column":3}}},"17":{"name":"(anonymous_21)","decl":{"start":{"line":675,"column":10},"end":{"line":675,"column":25}},"loc":{"start":{"line":675,"column":25},"end":{"line":690,"column":3}}},"18":{"name":"(anonymous_22)","decl":{"start":{"line":697,"column":10},"end":{"line":697,"column":26}},"loc":{"start":{"line":697,"column":26},"end":{"line":703,"column":3}}},"19":{"name":"(anonymous_23)","decl":{"start":{"line":711,"column":10},"end":{"line":711,"column":25}},"loc":{"start":{"line":711,"column":25},"end":{"line":715,"column":3}}},"20":{"name":"(anonymous_24)","decl":{"start":{"line":713,"column":14},"end":{"line":713,"column":19}},"loc":{"start":{"line":713,"column":23},"end":{"line":713,"column":36}}},"21":{"name":"(anonymous_25)","decl":{"start":{"line":714,"column":12},"end":{"line":714,"column":13}},"loc":{"start":{"line":714,"column":22},"end":{"line":714,"column":45}}},"22":{"name":"(anonymous_26)","decl":{"start":{"line":725,"column":10},"end":{"line":725,"column":15}},"loc":{"start":{"line":728,"column":27},"end":{"line":766,"column":3}}},"23":{"name":"(anonymous_27)","decl":{"start":{"line":733,"column":10},"end":{"line":733,"column":15}},"loc":{"start":{"line":734,"column":12},"end":{"line":736,"column":44}}},"24":{"name":"(anonymous_28)","decl":{"start":{"line":738,"column":14},"end":{"line":738,"column":15}},"loc":{"start":{"line":738,"column":24},"end":{"line":738,"column":47}}},"25":{"name":"(anonymous_29)","decl":{"start":{"line":774,"column":10},"end":{"line":774,"column":21}},"loc":{"start":{"line":774,"column":39},"end":{"line":779,"column":3}}},"26":{"name":"(anonymous_30)","decl":{"start":{"line":788,"column":10},"end":{"line":788,"column":19}},"loc":{"start":{"line":788,"column":64},"end":{"line":806,"column":3}}},"27":{"name":"(anonymous_31)","decl":{"start":{"line":813,"column":10},"end":{"line":813,"column":25}},"loc":{"start":{"line":813,"column":25},"end":{"line":831,"column":3}}},"28":{"name":"(anonymous_32)","decl":{"start":{"line":815,"column":41},"end":{"line":815,"column":44}},"loc":{"start":{"line":815,"column":46},"end":{"line":824,"column":7}}},"29":{"name":"(anonymous_33)","decl":{"start":{"line":816,"column":39},"end":{"line":816,"column":44}},"loc":{"start":{"line":816,"column":47},"end":{"line":823,"column":9}}},"30":{"name":"(anonymous_34)","decl":{"start":{"line":838,"column":10},"end":{"line":838,"column":24}},"loc":{"start":{"line":838,"column":24},"end":{"line":844,"column":3}}},"31":{"name":"(anonymous_35)","decl":{"start":{"line":851,"column":10},"end":{"line":851,"column":22}},"loc":{"start":{"line":851,"column":22},"end":{"line":869,"column":3}}},"32":{"name":"(anonymous_36)","decl":{"start":{"line":853,"column":38},"end":{"line":853,"column":41}},"loc":{"start":{"line":853,"column":43},"end":{"line":862,"column":7}}},"33":{"name":"(anonymous_37)","decl":{"start":{"line":854,"column":36},"end":{"line":854,"column":41}},"loc":{"start":{"line":854,"column":44},"end":{"line":861,"column":9}}},"34":{"name":"(anonymous_38)","decl":{"start":{"line":876,"column":10},"end":{"line":876,"column":21}},"loc":{"start":{"line":876,"column":21},"end":{"line":882,"column":3}}},"35":{"name":"(anonymous_39)","decl":{"start":{"line":889,"column":10},"end":{"line":889,"column"
[...]
},"end":{"line":69,"column":null}}]},"12":{"loc":{"start":{"line":69,"column":35},"end":{"line":69,"column":48}},"type":"binary-expr","locations":[{"start":{"line":69,"column":35},"end":{"line":69,"column":null}},{"start":{"line":69,"column":35},"end":{"line":69,"column":48}}]},"13":{"loc":{"start":{"line":69,"column":48},"end":{"line":70,"column":null}},"type":"cond-expr","locations":[{"start":{"line":70,"column":59},"end":{"line":70,"column":null}},{"start":{"line":70,"column":59},"end":{"line":70,"column":null}}]},"14":{"loc":{"start":{"line":69,"column":48},"end":{"line":70,"column":59}},"type":"binary-expr","locations":[{"start":{"line":69,"column":48},"end":{"line":70,"column":null}},{"start":{"line":70,"column":36},"end":{"line":70,"column":59}}]},"15":{"loc":{"start":{"line":70,"column":59},"end":{"line":71,"column":null}},"type":"cond-expr","locations":[{"start":{"line":71,"column":53},"end":{"line":71,"column":null}},{"start":{"line":71,"column":53},"end":{"line":71,"column":null}}]},"16":{"loc":{"start":{"line":70,"column":59},"end":{"line":71,"column":53}},"type":"binary-expr","locations":[{"start":{"line":70,"column":59},"end":{"line":71,"column":null}},{"start":{"line":71,"column":36},"end":{"line":71,"column":53}}]},"17":{"loc":{"start":{"line":71,"column":53},"end":{"line":72,"column":null}},"type":"cond-expr","locations":[{"start":{"line":72,"column":36},"end":{"line":72,"column":null}},{"start":{"line":72,"column":36},"end":{"line":72,"column":null}}]},"18":{"loc":{"start":{"line":71,"column":53},"end":{"line":72,"column":36}},"type":"binary-expr","locations":[{"start":{"line":71,"column":53},"end":{"line":72,"column":null}},{"start":{"line":72,"column":26},"end":{"line":72,"column":36}}]}},"s":{"0":18,"1":18,"2":18,"3":18,"4":18,"5":18,"6":18,"7":19,"8":19,"9":19,"10":19,"11":19,"12":19,"13":19,"14":19,"15":1,"16":4,"17":2,"18":2,"19":1,"20":1,"21":1,"22":1,"23":1,"24":1,"25":1,"26":1,"27":1,"28":1,"29":1,"30":1,"31":1,"32":1,"33":1,"34":1,"35":1,"36":1,"37":3,"38":0,"39":0,"40":0,"41":2,"42":1,"43":2,"44":2,"45":21,"46":15,"47":13,"48":14,"49":14,"50":14,"51":14,"52":14,"53":14,"54":14,"55":1,"56":14,"57":14,"58":14,"59":14,"60":14,"61":14,"62":14,"63":14,"64":18,"65":18},"f":{"0":19,"1":1,"2":4,"3":2,"4":2,"5":1,"6":1,"7":1,"8":1,"9":1,"10":1,"11":1,"12":1,"13":1,"14":1,"15":3,"16":2,"17":1,"18":2,"19":2,"20":21,"21":15,"22":14,"23":14},"b":{"0":[1,0],"1":[0,3],"2":[0,0],"3":[0,0,0],"4":[1,1],"5":[13,2],"6":[14,1],"7":[1,13],"8":[1,0],"9":[14,1],"10":[14,1],"11":[18,0],"12":[18,18],"13":[18,0],"14":[18,18],"15":[18,0],"16":[18,18],"17":[18,0],"18":[18,18]}}
,"/home/arligle/V1/Aiofix/aiofix-ai-saas-platform/packages/shared/src/common/email.vo.ts": {"path":"/home/arligle/V1/Aiofix/aiofix-ai-saas-platform/packages/shared/src/common/email.vo.ts","statementMap":{"0":{"start":{"line":1,"column":0},"end":{"line":1,"column":43}},"1":{"start":{"line":36,"column":4},"end":{"line":36,"column":38}},"2":{"start":{"line":37,"column":4},"end":{"line":37,"column":20}},"3":{"start":{"line":48,"column":4},"end":{"line":50,"column":5}},"4":{"start":{"line":49,"column":6},"end":{"line":49,"column":46}},"5":{"start":{"line":53,"column":4},"end":{"line":55,"column":5}},"6":{"start":{"line":54,"column":6},"end":{"line":54,"column":49}},"7":{"start":{"line":59,"column":6},"end":{"line":59,"column":140}},"8":{"start":{"line":60,"column":4},"end":{"line":62,"column":5}},"9":{"start":{"line":61,"column":6},"end":{"line":61,"column":60}},"10":{"start":{"line":65,"column":4},"end":{"line":67,"column":5}},"11":{"start":{"line":66,"column":6},"end":{"line":66,"column":44}},"12":{"start":{"line":70,"column":24},"end":{"line":70,"column":45}},"13":{"start":{"line":71,"column":4},"end":{"line":73,"column":5}},"14":{"start":{"line":72,"column":6},"end":{"line":72,"column":46}},"15":{"start":{"line":83,"column":4},"end":{"line":85,"column":5}},"16":{"start":{"line":84,"column":6},"end":{"line":84,"column":19}},"17":{"start":{"line":86,"column":4},"end":{"line":86,"column":66}},"18":{"start":{"line":95,"column":4},"end":{"line":95,"column":36}},"19":{"start":{"line":104,"column":4},"end":{"line":104,"column":36}},"20":{"start":{"line":114,"column":4},"end":{"line":114,"column":67}},"21":{"start":{"line":123,"column":4},"end":{"line":123,"column":42}},"22":{"start":{"line":132,"column":4},"end":{"line":132,"column":80}},"23":{"start":{"line":141,"column":26},"end":{"line":149,"column":6}},"24":{"start":{"line":150,"column":4},"end":{"line":150,"column":67}},"25":{"start":{"line":159,"column":4},"end":{"line":159,"column":22}},"26":{"start":{"line":170,"column":4},"end":{"line":170,"column":28}},"27":{"start":{"line":181,"column":4},"end":{"line":186,"column":5}},"28":{"start":{"line":182,"column":6},"end":{"line":182,"column":23}},"29":{"start":{"line":183,"column":6},"end":{"line":183,"column":18}},"30":{"start":{"line":185,"column":6},"end":{"line":185,"column":19}},"31":{"start":{"line":34,"column":0},"end":{"line":34,"column":13}},"32":{"start":{"line":212,"column":4},"end":{"line":212,"column":19}},"33":{"start":{"line":213,"column":4},"end":{"line":213,"column":36}},"34":{"start":{"line":210,"column":0},"end":{"line":210,"column":13}}},"fnMap":{"0":{"name":"(anonymous_0)","decl":{"start":{"line":35,"column":2},"end":{"line":35,"column":14}},"loc":{"start":{"line":35,"column":27},"end":{"line":38,"column":3}}},"1":{"name":"(anonymous_1)","decl":{"start":{"line":47,"column":10},"end":{"line":47,"column":18}},"loc":{"start":{"line":47,"column":18},"end":{"line":74,"column":3}}},"2":{"name":"(anonymous_2)","decl":{"start":{"line":82,"column":2},"end":{"line":82,"column":8}},"loc":{"start":{"line":82,"column":21},"end":{"line":87,"column":3}}},"3":{"name":"(anonymous_3)","decl":{"start":{"line":94,"column":2},"end":{"line":94,"column":14}},"loc":{"start":{"line":94,"column":14},"end":{"line":96,"column":3}}},"4":{"name":"(anonymous_4)","decl":{"start":{"line":103,"column":2},"end":{"line":103,"column":11}},"loc":{"start":{"line":103,"column":11},"end":{"line":105,"column":3}}},"5":{"name":"(anonymous_5)","decl":{"start":{"line":113,"column":2},"end":{"line":113,"column":14}},"loc":{"start":{"line":113,"column":29},"end":{"line":115,"column":3}}},"6":{"name":"(anonymous_6)","decl":{"start":{"line":122,"column":2},"end":{"line":122,"column":9}},"loc":{"start":{"line":122,"column":9},"end":{"line":124,"column":3}}},"7":{"name":"(anonymous_7)","decl":{"start":{"line":131,"column":2},"end":{"line":131,"column":11}},"loc":{"start":{"line":131,"column":11},"end":{"line":133,"column":3}}},"8":{"name":"(anonymous_8)","decl":{"start":{"line":140,"column":2},"end":{"line":140,"column":13}},"loc":{"start":{"line":140,"column":13},"end":{"line":151,"column":3}}},"9":{"name":"(anonymous_9)","decl":{"start":{"line":158,"column":2},"end":{"line":158,"column":10}},"loc":{"start":{"line":158,"column":10},"end":{"line":160,"column":3}}},"10":{"name":"(anonymous_10)","decl":{"start":{"line":169,"column":2},"end":{"line":169,"column":8}},"loc":{"start":{"line":169,"column":33},"end":{"line":171,"column":3}}},"11":{"name":"(anonymous_11)","decl":{"start":{"line":180,"column":2},"end":{"line":180,"column":8}},"loc":{"start":{"line":180,"column":30},"end":{"line":187,"column":3}}},"12":{"name":"(anonymous_12)","decl":{"start":{"line":211,"column":2},"end":{"line":211,"column":14}},"loc":{"start":{"line":211,"column":29},"end":{"line":214,"column":3}}}},"branchMap":{"0":{"loc":{"start":{"line":48,"column":4},"end":{"line":50,"column":5}},"type":"if","locations":[{"start":{"line":48,"column":4},"end":{"line":50,"column":5}},{"start":{},"end":{}}]},"1":{"loc":{"start":{"line":48,"column":8},"end":{"line":48,"column":53}},"type":"binary-expr","locations":[{"start":{"line":48,"column":8},"end":{"line":48,"column":19}},{"start":{"line":48,"column":23},"end":{"line":48,"column":53}}]},"2":{"loc":{"start":{"line":53,"column":4},"end":{"line":55,"column":5}},"type":"if","locations":[{"start":{"line":53,"column":4},"end":{"line":55,"column":5}},{"start":{},"end":{}}]},"3":{"loc":{"start":{"line":60,"column":4},"end":{"line":62,"column":5}},"type":"if","locations":[{"start":{"line":60,"column":4},"end":{"line":62,"column":5}},{"start":{},"end":{}}]},"4":{"loc":{"start":{"line":65,"column":4},"end":{"line":67,"column":5}},"type":"if","locations":[{"start":{"line":65,"column":4},"end":{"line":67,"column":5}},{"start":{},"end":{}}]},"5":{"loc":{"start":{"line":71,"column":4},"end":{"line":73,"column":5}},"type":"if","locations":[{"start":{"line":71,"column":4},"end":{"line":73,"column":5}},{"start":{},"end":{}}]},"6":{"loc":{"start":{"line":83,"column":4},"end":{"line":85,"column":5}},"type":"if","locations":[{"start":{"line":83,"column":4},"end":{"line":85,"column":5}},{"start":{},"end":{}}]},"7":{"loc":{"start":{"line":132,"column":11},"end":{"line":132,"column":79}},"type":"binary-expr","locations":[{"start":{"line":132,"column":11},"end":{"line":132,"column":43}},{"start":{"line":132,"column":47},"end":{"line":132,"column":79}}]}},"s":{"0":1,"1":36,"2":36,"3":36,"4":2,"5":34,"6":4,"7":30,"8":30,"9":0,"10":30,"11":1,"12":29,"13":29,"14":1,"15":4,"16":1,"17":3,"18":2,"19":15,"20":10,"21":2,"22":3,"23":3,"24":3,"25":1,"26":2,"27":3,"28":3,"29":1,"30":2,"31":1,"32":9,"33":9,"34":1},"f":{"0":36,"1":36,"2":4,"3":2,"4":15,"5":10,"6":2,"7":3,"8":3,"9":1,"10":2,"11":3,"12":9},"b":{"0":[2,34],"1":[36,34],"2":[4,30],"3":[0,30],"4":[1,29],"5":[1,28],"6":[1,3],"7":[3,2]}}
,"/home/arligle/V1/Aiofix/aiofix-ai-saas-platform/packages/shared/src/enums/status.enum.ts": {"path":"/home/arligle/V1/Aiofix/aiofix-ai-saas-platform/packages/shared/src/enums/status.enum.ts","statementMap":{"0":{"start":{"line":14,"column":0},"end":{"line":14,"column":null}},"1":{"start":{"line":16,"column":2},"end":{"line":16,"column":null}},"2":{"start":{"line":18,"column":2},"end":{"line":18,"column":null}},"3":{"start":{"line":20,"column":2},"end":{"line":20,"column":null}},"4":{"start":{"line":22,"column":2},"end":{"line":22,"column":null}},"5":{"start":{"line":24,"column":2},"end":{"line":24,"column":null}},"6":{"start":{"line":26,"column":2},"end":{"line":26,"column":null}},"7":{"start":{"line":59,"column":4},"end":{"line":61,"column":5}},"8":{"start":{"line":60,"column":6},"end":{"line":60,"column":18}},"9":{"start":{"line":63,"column":27},"end":{"line":63,"column":66}},"10":{"start":{"line":64,"column":4},"end":{"line":64,"column":70}},"11":{"start":{"line":74,"column":27},"end":{"line":74,"column":69}},"12":{"start":{"line":75,"column":4},"end":{"line":75,"column":53}},"13":{"start":{"line":86,"column":4},"end":{"line":90,"column":5}},"14":{"start":{"line":87,"column":6},"end":{"line":89,"column":8}},"15":{"start":{"line":35,"column":0},"end":{"line":35,"column":13}},"16":{"start":{"line":36,"column":26},"end":{"line":46,"column":5}},"17":{"start":{"line":108,"column":4},"end":{"line":108,"column":36}},"18":{"start":{"line":118,"column":4},"end":{"line":123,"column":23}},"19":{"start":{"line":133,"column":4},"end":{"line":133,"column":37}},"20":{"start":{"line":143,"column":4},"end":{"line":143,"column":37}},"21":{"start":{"line":153,"column":49},"end":{"line":160,"column":6}},"22":{"start":{"line":162,"column":4},"end":{"line":162,"column":42}},"23":{"start":{"line":172,"column":49},"end":{"line":179,"column":6}},"24":{"start":{"line":181,"column":4},"end":{"line":181,"column":42}},"25":{"start":{"line":100,"column":0},"end":{"line":100,"column":13}},"26":{"start":{"line":193,"column":4},"end":{"line":193,"column":19}},"27":{"start":{"line":194,"column":4},"end":{"line":194,"column":47}},"28":{"start":{"line":191,"column":0},"end":{"line":191,"column":13}}},"fnMap":{"0":{"name":"(anonymous_0)","decl":{"start":{"line":14,"column":0},"end":{"line":14,"column":12}},"loc":{"start":{"line":14,"column":18},"end":{"line":27,"column":1}}},"1":{"name":"(anonymous_1)","decl":{"start":{"line":55,"column":9},"end":{"line":55,"column":15}},"loc":{"start":{"line":57,"column":20},"end":{"line":65,"column":3}}},"2":{"name":"(anonymous_2)","decl":{"start":{"line":73,"column":9},"end":{"line":73,"column":15}},"loc":{"start":{"line":73,"column":59},"end":{"line":76,"column":3}}},"3":{"name":"(anonymous_3)","decl":{"start":{"line":85,"column":9},"end":{"line":85,"column":15}},"loc":{"start":{"line":85,"column":71},"end":{"line":91,"column":3}}},"4":{"name":"(anonymous_4)","decl":{"start":{"line":107,"column":9},"end":{"line":107,"column":15}},"loc":{"start":{"line":107,"column":39},"end":{"line":109,"column":3}}},"5":{"name":"(anonymous_5)","decl":{"start":{"line":117,"column":9},"end":{"line":117,"column":15}},"loc":{"start":{"line":117,"column":41},"end":{"line":124,"column":3}}},"6":{"name":"(anonymous_6)","decl":{"start":{"line":132,"column":9},"end":{"line":132,"column":15}},"loc":{"start":{"line":132,"column":46},"end":{"line":134,"column":3}}},"7":{"name":"(anonymous_7)","decl":{"start":{"line":142,"column":9},"end":{"line":142,"column":15}},"loc":{"start":{"line":142,"column":40},"end":{"line":144,"column":3}}},"8":{"name":"(anonymous_8)","decl":{"start":{"line":152,"column":9},"end":{"line":152,"column":15}},"loc":{"start":{"line":152,"column":45},"end":{"line":163,"column":3}}},"9":{"name":"(anonymous_9)","decl":{"start":{"line":171,"column":9},"end":{"line":171,"column":15}},"loc":{"start":{"line":171,"column":45},"end":{"line":182,"column":3}}},"10":{"name":"(anonymous_10)","decl":{"start":{"line":192,"column":2},"end":{"line":192,"column":14}},"loc":{"start":{"line":192,"column":29},"end":{"line":195,"column":3}}}},"branchMap":{"0":{"loc":{"start":{"line":14,"column":12},"end":{"line":14,"column":null}},"type":"binary-expr","locations":[{"start":{"line":14,"column":12},"end":{"line":14,"column":18}},{"start":{"line":14,"column":18},"end":{"line":14,"column":null}}]},"1":{"loc":{"start":{"line":59,"column":4},"end":{"line":61,"column":5}},"type":"if","locations":[{"start":{"line":59,"column":4},"end":{"line":61,"column":5}},{"start":{},"end":{}}]},"2":{"loc":{"start":{"line":64,"column":11},"end":{"line":64,"column":69}},"type":"cond-expr","locations":[{"start":{"line":64,"column":28},"end":{"line":64,"column":61}},{"start":{"line":64,"column":64},"end":{"line":64,"column":69}}]},"3":{"loc":{"start":{"line":75,"column":11},"end":{"line":75,"column":52}},"type":"cond-expr","locations":[{"start":{"line":75,"column":28},"end":{"line":75,"column":47}},{"start":{"line":75,"column":50},"end":{"line":75,"column":52}}]},"4":{"loc":{"start":{"line":86,"column":4},"end":{"line":90,"column":5}},"type":"if","locations":[{"start":{"line":86,"column":4},"end":{"line":90,"column":5}},{"start":{},"end":{}}]},"5":{"loc":{"start":{"line":162,"column":11},"end":{"line":162,"column":41}},"type":"binary-expr","locations":[{"start":{"line":162,"column":11},"end":{"line":162,"column":31}},{"start":{"line":162,"column":35},"end":{"line":162,"column":41}}]},"6":{"loc":{"start":{"line":181,"column":11},"end":{"line":181,"column":41}},"type":"binary-expr","locations":[{"start":{"line":181,"column":11},"end":{"line":181,"column":31}},{"start":{"line":181,"column":35},"end":{"line":181,"column":41}}]}},"s":{"0":1,"1":1,"2":1,"3":1,"4":1,"5":1,"6":1,"7":20,"8":1,"9":19,"10":19,"11":3,"12":3,"13":2,"14":1,"15":1,"16":1,"17":6,"18":6,"19":6,"20":6,"21":6,"22":6,"23":6,"24":6,"25":1,"26":2,"27":2,"28":1},"f":{"0":1,"1":20,"2":3,"3":2,"4":6,"5":6,"6":6,"7":6,"8":6,"9":6,"10":2},"b":{"0":[1,1],"1":[1,19],"2":[19,0],"3":[3,0],"4":[1,1],"5":[6,0],"6":[6,0]}}
,"/home/arligle/V1/Aiofix/aiofix-ai-saas-platform/packages/shared/src/identifiers/user-id.vo.ts": {"path":"/home/arligle/V1/Aiofix/aiofix-ai-saas-platform/packages/shared/src/identifiers/user-id.vo.ts","statementMap":{"0":{"start":{"line":1,"column":0},"end":{"line":1,"column":43}},"1":{"start":{"line":2,"column":0},"end":{"line":2,"column":36}},"2":{"start":{"line":37,"column":4},"end":{"line":37,"column":29}},"3":{"start":{"line":38,"column":4},"end":{"line":38,"column":20}},"4":{"start":{"line":49,"column":4},"end":{"line":51,"column":5}},"5":{"start":{"line":50,"column":6},"end":{"line":50,"column":47}},"6":{"start":{"line":55,"column":6},"end":{"line":55,"column":82}},"7":{"start":{"line":56,"column":4},"end":{"line":58,"column":5}},"8":{"start":{"line":57,"column":6},"end":{"line":57,"column":63}},"9":{"start":{"line":68,"column":4},"end":{"line":70,"column":5}},"10":{"start":{"line":69,"column":6},"end":{"line":69,"column":19}},"11":{"start":{"line":71,"column":4},"end":{"line":71,"column":66}},"12":{"start":{"line":80,"column":4},"end":{"line":80,"column":22}},"13":{"start":{"line":90,"column":4},"end":{"line":90,"column":32}},"14":{"start":{"line":101,"column":4},"end":{"line":101,"column":29}},"15":{"start":{"line":112,"column":4},"end":{"line":117,"column":5}},"16":{"start":{"line":113,"column":6},"end":{"line":113,"column":24}},"17":{"start":{"line":114,"column":6},"end":{"line":114,"column":18}},"18":{"start":{"line":116,"column":6},"end":{"line":116,"column":19}},"19":{"start":{"line":35,"column":0},"end":{"line":35,"column":13}},"20":{"start":{"line":143,"column":4},"end":{"line":143,"column":19}},"21":{"start":{"line":144,"column":4},"end":{"line":144,"column":37}},"22":{"start":{"line":141,"column":0},"end":{"line":141,"column":13}}},"fnMap":{"0":{"name":"(anonymous_0)","decl":{"start":{"line":36,"column":2},"end":{"line":36,"column":14}},"loc":{"start":{"line":36,"column":28},"end":{"line":39,"column":3}}},"1":{"name":"(anonymous_1)","decl":{"start":{"line":48,"column":10},"end":{"line":48,"column":18}},"loc":{"start":{"line":48,"column":18},"end":{"line":59,"column":3}}},"2":{"name":"(anonymous_2)","decl":{"start":{"line":67,"column":2},"end":{"line":67,"column":8}},"loc":{"start":{"line":67,"column":22},"end":{"line":72,"column":3}}},"3":{"name":"(anonymous_3)","decl":{"start":{"line":79,"column":2},"end":{"line":79,"column":10}},"loc":{"start":{"line":79,"column":10},"end":{"line":81,"column":3}}},"4":{"name":"(anonymous_4)","decl":{"start":{"line":89,"column":2},"end":{"line":89,"column":8}},"loc":{"start":{"line":89,"column":17},"end":{"line":91,"column":3}}},"5":{"name":"(anonymous_5)","decl":{"start":{"line":100,"column":2},"end":{"line":100,"column":8}},"loc":{"start":{"line":100,"column":33},"end":{"line":102,"column":3}}},"6":{"name":"(anonymous_6)","decl":{"start":{"line":111,"column":2},"end":{"line":111,"column":8}},"loc":{"start":{"line":111,"column":30},"end":{"line":118,"column":3}}},"7":{"name":"(anonymous_7)","decl":{"start":{"line":142,"column":2},"end":{"line":142,"column":14}},"loc":{"start":{"line":142,"column":29},"end":{"line":145,"column":3}}}},"branchMap":{"0":{"loc":{"start":{"line":37,"column":10},"end":{"line":37,"column":27}},"type":"binary-expr","locations":[{"start":{"line":37,"column":10},"end":{"line":37,"column":15}},{"start":{"line":37,"column":19},"end":{"line":37,"column":27}}]},"1":{"loc":{"start":{"line":49,"column":4},"end":{"line":51,"column":5}},"type":"if","locations":[{"start":{"line":49,"column":4},"end":{"line":51,"column":5}},{"start":{},"end":{}}]},"2":{"loc":{"start":{"line":49,"column":8},"end":{"line":49,"column":53}},"type":"binary-expr","locations":[{"start":{"line":49,"column":8},"end":{"line":49,"column":19}},{"start":{"line":49,"column":23},"end":{"line":49,"column":53}}]},"3":{"loc":{"start":{"line":56,"column":4},"end":{"line":58,"column":5}},"type":"if","locations":[{"start":{"line":56,"column":4},"end":{"line":58,"column":5}},{"start":{},"end":{}}]},"4":{"loc":{"start":{"line":68,"column":4},"end":{"line":70,"column":5}},"type":"if","locations":[{"start":{"line":68,"column":4},"end":{"line":70,"column":5}},{"start":{},"end":{}}]}},"s":{"0":1,"1":1,"2":18,"3":18,"4":18,"5":2,"6":16,"7":16,"8":3,"9":3,"10":1,"11":2,"12":1,"13":0,"14":2,"15":4,"16":4,"17":2,"18":2,"19":1,"20":6,"21":6,"22":1},"f":{"0":18,"1":18,"2":3,"3":1,"4":0,"5":2,"6":4,"7":6},"b":{"0":[18,4],"1":[2,16],"2":[18,16],"3":[3,13],"4":[1,2]}}
}
