TN:
SF:../cache/src/factories/cache-key.factory.ts
FN:32,(anonymous_1)
FN:45,(anonymous_2)
FN:64,(anonymous_3)
FN:83,(anonymous_4)
FN:102,(anonymous_5)
FN:121,(anonymous_6)
FN:138,(anonymous_7)
FN:176,(anonymous_8)
FN:227,(anonymous_9)
FN:247,(anonymous_10)
FN:290,(anonymous_11)
FN:303,(anonymous_12)
FN:313,(anonymous_13)
FN:323,(anonymous_14)
FN:333,(anonymous_15)
FN:343,(anonymous_16)
FN:368,(anonymous_17)
FN:393,(anonymous_18)
FN:418,(anonymous_19)
FN:424,(anonymous_20)
FN:425,(anonymous_21)
FN:426,(anonymous_22)
FN:427,(anonymous_23)
FN:428,(anonymous_24)
FNF:24
FNH:24
FNDA:61,(anonymous_1)
FNDA:60,(anonymous_2)
FNDA:4,(anonymous_3)
FNDA:2,(anonymous_4)
FNDA:2,(anonymous_5)
FNDA:3,(anonymous_6)
FNDA:7,(anonymous_7)
FNDA:4,(anonymous_8)
FNDA:2,(anonymous_9)
FNDA:1,(anonymous_10)
FNDA:3,(anonymous_11)
FNDA:1,(anonymous_12)
FNDA:1,(anonymous_13)
FNDA:1,(anonymous_14)
FNDA:1,(anonymous_15)
FNDA:60,(anonymous_16)
FNDA:5,(anonymous_17)
FNDA:5,(anonymous_18)
FNDA:3,(anonymous_19)
FNDA:6,(anonymous_20)
FNDA:6,(anonymous_21)
FNDA:6,(anonymous_22)
FNDA:6,(anonymous_23)
FNDA:6,(anonymous_24)
DA:15,2
DA:17,2
DA:32,2
DA:34,61
DA:36,61
DA:46,60
DA:69,4
DA:88,2
DA:107,2
DA:126,3
DA:139,7
DA:142,7
DA:145,7
DA:146,5
DA:150,7
DA:151,4
DA:155,7
DA:156,1
DA:160,7
DA:161,1
DA:165,7
DA:167,7
DA:177,4
DA:178,4
DA:183,4
DA:186,4
DA:187,4
DA:188,4
DA:192,4
DA:200,2
DA:201,2
DA:205,4
DA:206,1
DA:207,1
DA:208,1
DA:209,1
DA:214,4
DA:215,1
DA:216,1
DA:217,1
DA:218,1
DA:223,4
DA:224,1
DA:225,1
DA:226,1
DA:227,2
DA:228,1
DA:233,4
DA:234,4
DA:237,4
DA:248,1
DA:251,1
DA:252,0
DA:254,1
DA:258,1
DA:259,1
DA:263,1
DA:264,1
DA:268,1
DA:269,0
DA:273,1
DA:274,0
DA:278,1
DA:280,1
DA:291,3
DA:294,3
DA:304,1
DA:314,1
DA:324,1
DA:334,1
DA:344,60
DA:345,2
DA:349,58
DA:352,58
DA:355,58
DA:356,0
DA:359,58
DA:369,5
DA:370,0
DA:374,5
DA:377,5
DA:380,5
DA:381,0
DA:384,5
DA:394,5
DA:395,0
DA:399,5
DA:402,5
DA:405,5
DA:406,0
DA:409,5
DA:419,3
DA:420,0
DA:423,3
DA:424,6
DA:425,6
DA:426,6
DA:427,6
DA:428,6
LF:99
LH:90
BRDA:52,0,0,58
BRDA:52,0,1,53
BRDA:142,1,0,7
BRDA:142,1,1,6
BRDA:145,2,0,5
BRDA:145,2,1,2
BRDA:150,3,0,4
BRDA:150,3,1,3
BRDA:155,4,0,1
BRDA:155,4,1,6
BRDA:160,5,0,1
BRDA:160,5,1,6
BRDA:160,6,0,7
BRDA:160,6,1,7
BRDA:186,7,0,4
BRDA:186,7,1,0
BRDA:192,8,0,2
BRDA:192,8,1,2
BRDA:193,9,0,4
BRDA:193,9,1,4
BRDA:193,9,2,4
BRDA:193,9,3,4
BRDA:193,9,4,4
BRDA:205,10,0,1
BRDA:205,10,1,3
BRDA:205,11,0,4
BRDA:205,11,1,4
BRDA:207,12,0,1
BRDA:207,12,1,0
BRDA:214,13,0,1
BRDA:214,13,1,3
BRDA:214,14,0,4
BRDA:214,14,1,4
BRDA:216,15,0,1
BRDA:216,15,1,0
BRDA:223,16,0,1
BRDA:223,16,1,3
BRDA:223,17,0,4
BRDA:223,17,1,4
BRDA:225,18,0,1
BRDA:225,18,1,0
BRDA:233,19,0,4
BRDA:233,19,1,0
BRDA:251,20,0,0
BRDA:251,20,1,1
BRDA:258,21,0,1
BRDA:258,21,1,0
BRDA:263,22,0,1
BRDA:263,22,1,0
BRDA:268,23,0,0
BRDA:268,23,1,1
BRDA:273,24,0,0
BRDA:273,24,1,1
BRDA:273,25,0,1
BRDA:273,25,1,0
BRDA:334,26,0,1
BRDA:334,26,1,0
BRDA:344,27,0,2
BRDA:344,27,1,58
BRDA:344,28,0,60
BRDA:344,28,1,58
BRDA:355,29,0,0
BRDA:355,29,1,58
BRDA:369,30,0,0
BRDA:369,30,1,5
BRDA:369,31,0,5
BRDA:369,31,1,5
BRDA:380,32,0,0
BRDA:380,32,1,5
BRDA:394,33,0,0
BRDA:394,33,1,5
BRDA:394,34,0,5
BRDA:394,34,1,5
BRDA:405,35,0,0
BRDA:405,35,1,5
BRDA:419,36,0,0
BRDA:419,36,1,3
BRDA:424,37,0,6
BRDA:424,37,1,6
BRF:79
BRH:61
end_of_record
TN:
SF:../cache/src/interfaces/cache.interface.ts
FN:5,(anonymous_0)
FN:15,(anonymous_1)
FNF:2
FNH:2
FNDA:3,(anonymous_0)
FNDA:3,(anonymous_1)
DA:5,3
DA:6,3
DA:7,3
DA:8,3
DA:15,3
DA:16,3
DA:17,3
DA:18,3
DA:19,3
LF:9
LH:9
BRDA:5,0,0,3
BRDA:5,0,1,3
BRDA:15,1,0,3
BRDA:15,1,1,3
BRF:4
BRH:4
end_of_record
TN:
SF:../cache/src/services/cache-invalidation.service.ts
FN:15,(anonymous_4)
FN:39,(anonymous_5)
FN:188,(anonymous_6)
FN:219,(anonymous_7)
FN:233,(anonymous_8)
FN:274,(anonymous_9)
FN:314,(anonymous_10)
FN:359,(anonymous_11)
FN:369,(anonymous_12)
FN:373,(anonymous_13)
FN:387,(anonymous_14)
FN:502,(anonymous_15)
FN:585,(anonymous_16)
FN:593,(anonymous_17)
FN:602,(anonymous_18)
FN:615,(anonymous_19)
FN:625,(anonymous_20)
FN:632,(anonymous_21)
FN:648,(anonymous_22)
FN:679,(anonymous_23)
FN:710,(anonymous_24)
FN:727,(anonymous_25)
FN:757,(anonymous_26)
FN:787,(anonymous_27)
FN:816,(anonymous_28)
FN:845,(anonymous_29)
FN:877,(anonymous_30)
FN:905,(anonymous_31)
FN:927,(anonymous_32)
FN:940,(anonymous_33)
FN:965,(anonymous_34)
FN:967,(anonymous_35)
FN:968,(anonymous_36)
FN:990,(anonymous_37)
FN:1003,(anonymous_38)
FN:1010,(anonymous_39)
FNF:36
FNH:30
FNDA:1,(anonymous_4)
FNDA:1,(anonymous_5)
FNDA:27,(anonymous_6)
FNDA:26,(anonymous_7)
FNDA:9,(anonymous_8)
FNDA:1,(anonymous_9)
FNDA:1,(anonymous_10)
FNDA:5,(anonymous_11)
FNDA:9,(anonymous_12)
FNDA:2,(anonymous_13)
FNDA:14,(anonymous_14)
FNDA:3,(anonymous_15)
FNDA:2,(anonymous_16)
FNDA:1,(anonymous_17)
FNDA:26,(anonymous_18)
FNDA:28,(anonymous_19)
FNDA:224,(anonymous_20)
FNDA:140,(anonymous_21)
FNDA:7,(anonymous_22)
FNDA:1,(anonymous_23)
FNDA:0,(anonymous_24)
FNDA:1,(anonymous_25)
FNDA:1,(anonymous_26)
FNDA:1,(anonymous_27)
FNDA:1,(anonymous_28)
FNDA:1,(anonymous_29)
FNDA:0,(anonymous_30)
FNDA:14,(anonymous_31)
FNDA:1,(anonymous_32)
FNDA:25,(anonymous_33)
FNDA:27,(anonymous_34)
FNDA:0,(anonymous_35)
FNDA:0,(anonymous_36)
FNDA:26,(anonymous_37)
FNDA:0,(anonymous_38)
FNDA:0,(anonymous_39)
DA:1,1
DA:2,1
DA:3,1
DA:8,1
DA:15,1
DA:17,1
DA:19,1
DA:21,1
DA:23,1
DA:25,1
DA:27,1
DA:29,1
DA:31,1
DA:39,1
DA:41,1
DA:43,1
DA:45,1
DA:47,1
DA:49,1
DA:162,1
DA:166,27
DA:171,27
DA:190,27
DA:191,27
DA:192,27
DA:194,27
DA:208,27
DA:209,27
DA:211,27
DA:220,26
DA:221,26
DA:238,9
DA:239,9
DA:240,9
DA:242,9
DA:249,9
DA:251,9
DA:255,9
DA:256,9
DA:258,0
DA:264,0
DA:275,1
DA:276,1
DA:277,0
DA:281,0
DA:284,1
DA:285,1
DA:286,0
DA:288,1
DA:290,1
DA:294,1
DA:295,1
DA:297,0
DA:303,0
DA:318,1
DA:319,1
DA:320,0
DA:324,0
DA:327,1
DA:328,1
DA:334,1
DA:336,1
DA:340,1
DA:341,1
DA:343,0
DA:349,0
DA:360,5
DA:370,9
DA:372,9
DA:373,2
DA:376,8
DA:398,14
DA:399,14
DA:401,14
DA:402,14
DA:403,1
DA:406,13
DA:420,13
DA:422,6
DA:423,6
DA:425,1
DA:426,1
DA:428,0
DA:429,0
DA:431,1
DA:432,1
DA:434,1
DA:435,1
DA:437,1
DA:438,1
DA:440,1
DA:441,1
DA:443,1
DA:444,1
DA:446,1
DA:451,12
DA:452,12
DA:453,12
DA:454,12
DA:455,12
DA:458,12
DA:460,12
DA:464,12
DA:466,12
DA:468,2
DA:469,2
DA:471,2
DA:477,2
DA:479,2
DA:506,3
DA:507,3
DA:508,1
DA:511,2
DA:512,1
DA:516,1
DA:531,1
DA:532,0
DA:536,0
DA:551,1
DA:552,0
DA:553,0
DA:554,0
DA:555,0
DA:559,0
DA:575,1
DA:586,2
DA:594,1
DA:595,1
DA:603,26
DA:604,26
DA:616,28
DA:626,224
DA:627,224
DA:633,140
DA:634,140
DA:649,7
DA:651,7
DA:652,10
DA:654,10
DA:655,10
DA:656,9
DA:657,7
DA:660,1
DA:669,7
DA:681,1
DA:683,1
DA:684,1
DA:686,1
DA:687,1
DA:688,1
DA:691,0
DA:700,1
DA:712,0
DA:717,0
DA:728,1
DA:730,1
DA:731,1
DA:733,1
DA:738,0
DA:747,1
DA:758,1
DA:760,1
DA:761,1
DA:763,1
DA:768,0
DA:777,1
DA:789,1
DA:791,1
DA:792,1
DA:794,1
DA:795,1
DA:797,0
DA:806,1
DA:817,1
DA:819,1
DA:820,1
DA:821,1
DA:822,1
DA:823,1
DA:826,0
DA:835,1
DA:846,1
DA:847,1
DA:850,1
DA:851,1
DA:853,1
DA:854,1
DA:855,1
DA:857,0
DA:866,1
DA:881,0
DA:884,0
DA:886,0
DA:892,0
DA:911,14
DA:913,14
DA:914,2
DA:916,12
DA:917,12
DA:920,14
DA:925,14
DA:926,14
DA:927,1
DA:930,14
DA:941,25
DA:942,25
DA:943,25
DA:950,0
DA:966,27
DA:967,27
DA:968,0
DA:969,0
DA:978,27
DA:991,26
DA:992,26
DA:993,26
DA:994,26
DA:1004,0
DA:1005,0
DA:1006,0
DA:1009,0
DA:1010,0
DA:1012,0
DA:1017,0
LF:224
LH:182
BRDA:15,0,0,1
BRDA:15,0,1,1
BRDA:39,1,0,1
BRDA:39,1,1,1
BRDA:239,2,0,9
BRDA:239,2,1,9
BRDA:276,3,0,0
BRDA:276,3,1,1
BRDA:285,4,0,0
BRDA:285,4,1,1
BRDA:319,5,0,0
BRDA:319,5,1,1
BRDA:360,6,0,5
BRDA:360,6,1,1
BRDA:372,7,0,1
BRDA:372,7,1,8
BRDA:389,8,0,1
BRDA:399,9,0,13
BRDA:399,9,1,1
BRDA:402,10,0,1
BRDA:402,10,1,13
BRDA:416,11,0,13
BRDA:416,11,1,12
BRDA:420,12,0,6
BRDA:420,12,1,1
BRDA:420,12,2,0
BRDA:420,12,3,1
BRDA:420,12,4,1
BRDA:420,12,5,1
BRDA:420,12,6,1
BRDA:420,12,7,1
BRDA:420,12,8,1
BRDA:490,13,0,2
BRDA:490,13,1,2
BRDA:507,14,0,1
BRDA:507,14,1,2
BRDA:511,15,0,1
BRDA:511,15,1,1
BRDA:531,16,0,0
BRDA:531,16,1,1
BRDA:531,17,0,1
BRDA:531,17,1,0
BRDA:551,18,0,0
BRDA:551,18,1,1
BRDA:551,19,0,1
BRDA:551,19,1,0
BRDA:554,20,0,0
BRDA:554,20,1,0
BRDA:656,21,0,7
BRDA:656,21,1,2
BRDA:687,22,0,1
BRDA:687,22,1,0
BRDA:822,23,0,1
BRDA:822,23,1,0
BRDA:847,24,0,1
BRDA:847,24,1,0
BRDA:909,25,0,12
BRDA:913,26,0,2
BRDA:913,26,1,12
BRDA:941,27,0,25
BRDA:941,27,1,0
BRDA:966,28,0,27
BRDA:966,28,1,0
BRDA:966,29,0,27
BRDA:966,29,1,27
BRDA:991,30,0,26
BRDA:991,30,1,0
BRDA:191,31,0,1
BRDA:191,31,1,0
BRDA:191,32,0,1
BRDA:191,32,1,1
BRDA:191,33,0,1
BRDA:191,33,1,0
BRDA:191,34,0,1
BRDA:191,34,1,1
BRF:75
BRH:57
end_of_record
TN:
SF:../cache/src/services/cache-manager.service.ts
FN:134,(anonymous_4)
FN:164,(anonymous_5)
FN:214,(anonymous_6)
FN:268,(anonymous_7)
FN:314,(anonymous_8)
FN:352,(anonymous_9)
FN:397,(anonymous_10)
FN:421,(anonymous_11)
FN:443,(anonymous_12)
FN:470,(anonymous_13)
FN:505,(anonymous_14)
FN:547,(anonymous_15)
FN:579,(anonymous_16)
FN:613,(anonymous_17)
FN:614,(anonymous_18)
FN:621,(anonymous_19)
FN:661,(anonymous_20)
FN:675,(anonymous_21)
FN:697,(anonymous_22)
FN:711,(anonymous_23)
FN:713,(anonymous_24)
FN:714,(anonymous_25)
FN:725,(anonymous_26)
FN:733,(anonymous_27)
FN:738,(anonymous_28)
FN:774,(anonymous_29)
FN:788,(anonymous_30)
FN:813,(anonymous_31)
FN:815,(anonymous_32)
FN:816,(anonymous_33)
FN:838,(anonymous_34)
FN:851,(anonymous_35)
FN:853,(anonymous_36)
FN:854,(anonymous_37)
FN:876,(anonymous_38)
FN:889,(anonymous_39)
FN:915,(anonymous_40)
FNF:37
FNH:28
FNDA:17,(anonymous_4)
FNDA:6,(anonymous_5)
FNDA:8,(anonymous_6)
FNDA:1,(anonymous_7)
FNDA:1,(anonymous_8)
FNDA:1,(anonymous_9)
FNDA:2,(anonymous_10)
FNDA:2,(anonymous_11)
FNDA:1,(anonymous_12)
FNDA:1,(anonymous_13)
FNDA:22,(anonymous_14)
FNDA:1,(anonymous_15)
FNDA:2,(anonymous_16)
FNDA:2,(anonymous_17)
FNDA:1,(anonymous_18)
FNDA:1,(anonymous_19)
FNDA:17,(anonymous_20)
FNDA:18,(anonymous_21)
FNDA:17,(anonymous_22)
FNDA:17,(anonymous_23)
FNDA:26,(anonymous_24)
FNDA:9,(anonymous_25)
FNDA:0,(anonymous_26)
FNDA:0,(anonymous_27)
FNDA:0,(anonymous_28)
FNDA:16,(anonymous_29)
FNDA:47,(anonymous_30)
FNDA:17,(anonymous_31)
FNDA:0,(anonymous_32)
FNDA:0,(anonymous_33)
FNDA:17,(anonymous_34)
FNDA:17,(anonymous_35)
FNDA:0,(anonymous_36)
FNDA:0,(anonymous_37)
FNDA:17,(anonymous_38)
FNDA:0,(anonymous_39)
FNDA:0,(anonymous_40)
DA:1,1
DA:2,1
DA:12,1
DA:13,1
DA:93,1
DA:97,17
DA:122,17
DA:127,17
DA:132,17
DA:136,17
DA:137,17
DA:139,17
DA:150,17
DA:151,17
DA:152,17
DA:153,17
DA:155,17
DA:165,6
DA:166,6
DA:168,6
DA:170,6
DA:171,6
DA:173,6
DA:175,5
DA:177,3
DA:178,3
DA:181,3
DA:182,0
DA:185,3
DA:186,3
DA:191,2
DA:192,2
DA:193,2
DA:195,1
DA:201,1
DA:202,1
DA:219,8
DA:221,8
DA:222,8
DA:223,8
DA:226,8
DA:227,12
DA:229,11
DA:230,11
DA:234,10
DA:235,10
DA:236,10
DA:239,1
DA:248,8
DA:249,8
DA:251,0
DA:257,0
DA:258,0
DA:269,1
DA:271,1
DA:272,1
DA:275,1
DA:276,2
DA:278,2
DA:279,2
DA:280,2
DA:281,2
DA:282,2
DA:285,0
DA:294,1
DA:295,1
DA:297,0
DA:303,0
DA:304,0
DA:315,1
DA:316,1
DA:318,1
DA:320,1
DA:321,1
DA:323,1
DA:324,1
DA:325,1
DA:326,1
DA:327,1
DA:328,1
DA:332,0
DA:333,0
DA:335,0
DA:341,0
DA:342,0
DA:353,1
DA:355,1
DA:356,1
DA:359,1
DA:360,2
DA:362,2
DA:363,2
DA:364,2
DA:365,2
DA:366,2
DA:369,0
DA:378,1
DA:379,1
DA:381,0
DA:387,0
DA:388,0
DA:398,2
DA:400,2
DA:401,2
DA:402,2
DA:403,2
DA:404,2
DA:406,0
DA:412,0
DA:418,2
DA:420,2
DA:421,2
DA:423,2
DA:424,2
DA:426,2
DA:428,0
DA:434,0
DA:444,1
DA:445,1
DA:446,1
DA:447,1
DA:448,1
DA:451,1
DA:452,1
DA:453,1
DA:454,1
DA:455,1
DA:456,1
DA:457,1
DA:459,0
DA:460,0
DA:463,0
DA:464,0
DA:469,1
DA:470,1
DA:473,1
DA:475,1
DA:483,0
DA:489,0
DA:506,22
DA:507,22
DA:508,0
DA:514,22
DA:521,22
DA:525,22
DA:529,22
DA:531,0
DA:537,0
DA:548,1
DA:549,1
DA:550,0
DA:554,0
DA:557,1
DA:558,1
DA:559,1
DA:560,1
DA:562,0
DA:568,0
DA:580,2
DA:581,2
DA:582,2
DA:583,0
DA:587,0
DA:590,2
DA:591,2
DA:595,2
DA:596,2
DA:598,0
DA:604,0
DA:614,2
DA:622,1
DA:624,1
DA:625,1
DA:626,1
DA:627,1
DA:629,0
DA:640,1
DA:641,1
DA:642,1
DA:643,1
DA:645,1
DA:646,1
DA:648,0
DA:662,17
DA:663,17
DA:664,17
DA:676,18
DA:698,17
DA:699,0
DA:700,0
DA:712,17
DA:713,26
DA:714,9
DA:730,0
DA:731,0
DA:734,0
DA:738,0
DA:740,0
DA:741,0
DA:742,0
DA:743,0
DA:750,0
DA:759,0
DA:775,16
DA:776,16
DA:777,16
DA:778,16
DA:789,47
DA:790,47
DA:791,47
DA:798,0
DA:814,17
DA:815,17
DA:816,0
DA:817,0
DA:826,17
DA:839,17
DA:840,17
DA:841,17
DA:842,17
DA:852,17
DA:853,17
DA:854,0
DA:855,0
DA:864,17
DA:877,17
DA:878,17
DA:879,17
DA:880,17
DA:890,0
DA:891,0
DA:892,0
DA:894,0
DA:897,0
DA:898,0
DA:901,0
DA:916,0
DA:918,0
DA:919,0
DA:920,0
DA:922,0
DA:924,0
DA:934,0
DA:936,0
LF:244
LH:172
BRDA:171,0,0,0
BRDA:171,0,1,6
BRDA:175,1,0,3
BRDA:175,1,1,2
BRDA:181,2,0,0
BRDA:181,2,1,3
BRDA:227,3,0,1
BRDA:227,3,1,11
BRDA:227,4,0,12
BRDA:227,4,1,12
BRDA:234,5,0,10
BRDA:234,5,1,0
BRDA:276,6,0,0
BRDA:276,6,1,2
BRDA:276,7,0,2
BRDA:276,7,1,2
BRDA:280,8,0,2
BRDA:280,8,1,0
BRDA:321,9,0,0
BRDA:321,9,1,1
BRDA:324,10,0,1
BRDA:324,10,1,0
BRDA:360,11,0,0
BRDA:360,11,1,2
BRDA:360,12,0,2
BRDA:360,12,1,2
BRDA:364,13,0,2
BRDA:364,13,1,0
BRDA:402,14,0,2
BRDA:402,14,1,0
BRDA:419,15,0,0
BRDA:419,15,1,2
BRDA:452,16,0,1
BRDA:452,16,1,0
BRDA:456,17,0,1
BRDA:456,17,1,0
BRDA:460,18,0,0
BRDA:460,18,1,0
BRDA:473,19,0,1
BRDA:473,19,1,0
BRDA:476,20,0,1
BRDA:476,20,1,1
BRDA:479,21,0,0
BRDA:479,21,1,1
BRDA:507,22,0,0
BRDA:507,22,1,22
BRDA:549,23,0,0
BRDA:549,23,1,1
BRDA:582,24,0,0
BRDA:582,24,1,2
BRDA:592,25,0,1
BRDA:592,25,1,1
BRDA:625,26,0,1
BRDA:625,26,1,0
BRDA:698,27,0,0
BRDA:698,27,1,17
BRDA:734,28,0,0
BRDA:734,28,1,0
BRDA:734,28,2,0
BRDA:789,29,0,47
BRDA:789,29,1,0
BRDA:814,30,0,17
BRDA:814,30,1,0
BRDA:814,31,0,17
BRDA:814,31,1,17
BRDA:839,32,0,17
BRDA:839,32,1,0
BRDA:852,33,0,17
BRDA:852,33,1,0
BRDA:852,34,0,17
BRDA:852,34,1,17
BRDA:877,35,0,17
BRDA:877,35,1,0
BRDA:897,36,0,0
BRDA:897,36,1,0
BRDA:919,37,0,0
BRDA:919,37,1,0
BRDA:919,38,0,0
BRDA:919,38,1,0
BRDA:136,39,0,1
BRDA:136,39,1,0
BRDA:136,40,0,1
BRDA:136,40,1,1
BRDA:136,41,0,1
BRDA:136,41,1,0
BRDA:136,42,0,1
BRDA:136,42,1,1
BRF:87
BRH:49
end_of_record
TN:
SF:../cache/src/services/memory-cache.service.ts
FN:102,(anonymous_4)
FN:133,(anonymous_5)
FN:154,(anonymous_6)
FN:201,(anonymous_7)
FN:284,(anonymous_8)
FN:324,(anonymous_9)
FN:360,(anonymous_10)
FN:451,(anonymous_11)
FN:460,(anonymous_12)
FN:499,(anonymous_13)
FN:518,(anonymous_14)
FN:519,(anonymous_15)
FN:529,(anonymous_16)
FN:572,(anonymous_17)
FN:583,(anonymous_18)
FN:598,(anonymous_19)
FN:624,(anonymous_20)
FN:634,(anonymous_21)
FN:647,(anonymous_22)
FN:742,(anonymous_23)
FNF:20
FNH:17
FNDA:28,(anonymous_4)
FNDA:26,(anonymous_5)
FNDA:33,(anonymous_6)
FNDA:39,(anonymous_7)
FNDA:3,(anonymous_8)
FNDA:3,(anonymous_9)
FNDA:2,(anonymous_10)
FNDA:4,(anonymous_11)
FNDA:2,(anonymous_12)
FNDA:1,(anonymous_13)
FNDA:28,(anonymous_14)
FNDA:0,(anonymous_15)
FNDA:0,(anonymous_16)
FNDA:29,(anonymous_17)
FNDA:39,(anonymous_18)
FNDA:28,(anonymous_19)
FNDA:39,(anonymous_20)
FNDA:30,(anonymous_21)
FNDA:0,(anonymous_22)
FNDA:33,(anonymous_23)
DA:1,1
DA:2,1
DA:12,1
DA:70,1
DA:72,28
DA:75,28
DA:78,28
DA:84,28
DA:100,28
DA:105,28
DA:106,28
DA:109,28
DA:119,28
DA:121,28
DA:134,26
DA:136,26
DA:137,25
DA:138,25
DA:141,26
DA:142,26
DA:143,26
DA:145,26
DA:155,33
DA:156,33
DA:157,33
DA:159,33
DA:160,5
DA:161,5
DA:165,28
DA:166,0
DA:167,0
DA:168,0
DA:169,0
DA:170,0
DA:171,0
DA:175,28
DA:178,28
DA:180,28
DA:182,0
DA:188,0
DA:189,0
DA:206,39
DA:207,39
DA:208,39
DA:209,39
DA:212,39
DA:215,39
DA:231,39
DA:232,0
DA:236,39
DA:246,39
DA:247,39
DA:248,20
DA:252,19
DA:255,39
DA:256,39
DA:257,39
DA:260,39
DA:261,39
DA:266,39
DA:268,0
DA:274,0
DA:285,3
DA:286,3
DA:287,3
DA:289,3
DA:290,1
DA:294,2
DA:295,2
DA:296,2
DA:299,2
DA:300,2
DA:301,2
DA:306,2
DA:308,0
DA:314,0
DA:325,3
DA:326,3
DA:327,3
DA:329,3
DA:330,2
DA:334,1
DA:335,0
DA:336,0
DA:337,0
DA:338,0
DA:339,0
DA:342,1
DA:344,0
DA:350,0
DA:361,2
DA:362,2
DA:364,1
DA:366,1
DA:367,1
DA:368,1
DA:369,0
DA:370,0
DA:374,1
DA:379,1
DA:380,1
DA:381,1
DA:385,0
DA:391,1
DA:392,1
DA:393,1
DA:394,0
DA:400,1
DA:401,1
DA:402,1
DA:403,1
DA:404,0
DA:409,1
DA:410,0
DA:411,0
DA:412,0
DA:413,0
DA:414,0
DA:415,0
DA:419,1
DA:420,1
DA:426,1
DA:427,1
DA:428,1
DA:429,1
DA:430,1
DA:431,1
DA:434,2
DA:436,0
DA:442,0
DA:452,4
DA:461,2
DA:463,2
DA:465,2
DA:466,0
DA:468,0
DA:469,0
DA:471,0
DA:473,0
DA:480,2
DA:484,2
DA:500,1
DA:519,28
DA:520,0
DA:530,0
DA:532,0
DA:534,0
DA:535,0
DA:536,0
DA:540,0
DA:541,0
DA:542,0
DA:543,0
DA:544,0
DA:545,0
DA:546,0
DA:547,0
DA:551,0
DA:552,0
DA:557,0
DA:558,0
DA:573,29
DA:584,39
DA:585,39
DA:587,0
DA:599,28
DA:602,28
DA:603,28
DA:604,28
DA:605,28
DA:608,28
DA:609,28
DA:610,28
DA:611,28
DA:614,28
DA:615,28
DA:625,39
DA:635,30
DA:636,30
DA:637,30
DA:650,0
DA:653,0
DA:654,0
DA:656,0
DA:660,0
DA:661,0
DA:662,0
DA:663,0
DA:664,0
DA:667,0
DA:672,0
DA:673,0
DA:674,0
DA:675,0
DA:676,0
DA:679,0
DA:684,0
DA:685,0
DA:686,0
DA:687,0
DA:688,0
DA:691,0
DA:695,0
DA:696,0
DA:697,0
DA:698,0
DA:699,0
DA:700,0
DA:701,0
DA:702,0
DA:703,0
DA:704,0
DA:711,0
DA:712,0
DA:713,0
DA:714,0
DA:715,0
DA:716,0
DA:717,0
DA:718,0
DA:719,0
DA:720,0
DA:721,0
DA:730,0
DA:731,0
DA:732,0
DA:743,33
DA:744,28
DA:746,5
DA:749,33
DA:750,33
LF:231
LH:127
BRDA:136,0,0,25
BRDA:136,0,1,1
BRDA:159,1,0,5
BRDA:159,1,1,28
BRDA:165,2,0,0
BRDA:165,2,1,28
BRDA:208,3,0,39
BRDA:208,3,1,39
BRDA:209,4,0,39
BRDA:209,4,1,36
BRDA:218,5,0,38
BRDA:218,5,1,1
BRDA:231,6,0,0
BRDA:231,6,1,39
BRDA:247,7,0,20
BRDA:247,7,1,19
BRDA:262,8,0,39
BRDA:262,8,1,0
BRDA:289,9,0,1
BRDA:289,9,1,2
BRDA:302,10,0,0
BRDA:302,10,1,2
BRDA:329,11,0,2
BRDA:329,11,1,1
BRDA:334,12,0,0
BRDA:334,12,1,1
BRDA:362,13,0,1
BRDA:362,13,1,1
BRDA:369,14,0,0
BRDA:369,14,1,0
BRDA:379,15,0,1
BRDA:379,15,1,0
BRDA:381,16,0,0
BRDA:381,16,1,1
BRDA:382,17,0,1
BRDA:382,17,1,1
BRDA:391,18,0,1
BRDA:391,18,1,0
BRDA:393,19,0,0
BRDA:393,19,1,1
BRDA:400,20,0,1
BRDA:400,20,1,0
BRDA:403,21,0,0
BRDA:403,21,1,1
BRDA:411,22,0,0
BRDA:411,22,1,0
BRDA:421,23,0,1
BRDA:421,23,1,0
BRDA:530,24,0,0
BRDA:530,24,1,0
BRDA:535,25,0,0
BRDA:535,25,1,0
BRDA:542,26,0,0
BRDA:542,26,1,0
BRDA:553,27,0,0
BRDA:553,27,1,0
BRDA:557,28,0,0
BRDA:557,28,1,0
BRDA:573,29,0,29
BRDA:573,29,1,28
BRDA:608,30,0,28
BRDA:608,30,1,0
BRDA:636,31,0,30
BRDA:636,31,1,0
BRDA:650,32,0,0
BRDA:650,32,1,0
BRDA:650,32,2,0
BRDA:650,32,3,0
BRDA:653,33,0,0
BRDA:653,33,1,0
BRDA:662,34,0,0
BRDA:662,34,1,0
BRDA:674,35,0,0
BRDA:674,35,1,0
BRDA:686,36,0,0
BRDA:686,36,1,0
BRDA:686,37,0,0
BRDA:686,37,1,0
BRDA:695,38,0,0
BRDA:695,38,1,0
BRDA:697,39,0,0
BRDA:697,39,1,0
BRDA:705,40,0,0
BRDA:705,40,1,0
BRDA:711,41,0,0
BRDA:711,41,1,0
BRDA:714,42,0,0
BRDA:714,42,1,0
BRDA:722,43,0,0
BRDA:722,43,1,0
BRDA:730,44,0,0
BRDA:730,44,1,0
BRDA:743,45,0,28
BRDA:743,45,1,5
BRDA:750,46,0,33
BRDA:750,46,1,0
BRDA:106,47,0,1
BRDA:106,47,1,0
BRDA:106,48,0,1
BRDA:106,48,1,1
BRF:100
BRH:42
end_of_record
TN:
SF:../cache/src/services/redis-cache.service.ts
FN:95,(anonymous_5)
FN:105,(anonymous_6)
FN:113,(anonymous_7)
FN:121,(anonymous_8)
FN:156,(anonymous_9)
FN:161,(anonymous_10)
FN:166,(anonymous_11)
FN:176,(anonymous_12)
FN:181,(anonymous_13)
FN:206,(anonymous_14)
FN:218,(anonymous_15)
FN:270,(anonymous_16)
FN:334,(anonymous_17)
FN:363,(anonymous_18)
FN:385,(anonymous_19)
FN:421,(anonymous_20)
FN:455,(anonymous_21)
FN:485,(anonymous_22)
FN:503,(anonymous_23)
FNF:19
FNH:16
FNDA:24,(anonymous_5)
FNDA:2,(anonymous_6)
FNDA:1,(anonymous_7)
FNDA:2,(anonymous_8)
FNDA:2,(anonymous_9)
FNDA:2,(anonymous_10)
FNDA:0,(anonymous_11)
FNDA:0,(anonymous_12)
FNDA:0,(anonymous_13)
FNDA:1,(anonymous_14)
FNDA:4,(anonymous_15)
FNDA:3,(anonymous_16)
FNDA:4,(anonymous_17)
FNDA:3,(anonymous_18)
FNDA:3,(anonymous_19)
FNDA:3,(anonymous_20)
FNDA:2,(anonymous_21)
FNDA:1,(anonymous_22)
FNDA:5,(anonymous_23)
DA:14,1
DA:20,1
DA:21,1
DA:32,1
DA:78,1
DA:81,24
DA:82,24
DA:83,24
DA:96,24
DA:97,24
DA:98,24
DA:106,2
DA:114,1
DA:122,2
DA:123,2
DA:124,0
DA:133,2
DA:134,0
DA:144,2
DA:156,2
DA:157,2
DA:158,2
DA:161,2
DA:162,2
DA:163,2
DA:166,2
DA:167,0
DA:173,0
DA:176,2
DA:177,0
DA:178,0
DA:181,2
DA:182,0
DA:186,2
DA:187,1
DA:192,1
DA:198,1
DA:207,1
DA:208,1
DA:209,1
DA:219,4
DA:220,4
DA:221,4
DA:223,3
DA:224,1
DA:225,1
DA:226,1
DA:229,2
DA:230,2
DA:232,2
DA:235,2
DA:236,1
DA:237,1
DA:238,1
DA:239,1
DA:240,1
DA:244,1
DA:245,1
DA:246,1
DA:248,1
DA:250,1
DA:256,1
DA:257,1
DA:258,1
DA:275,3
DA:276,3
DA:277,3
DA:279,3
DA:293,3
DA:294,1
DA:297,3
DA:298,3
DA:301,3
DA:302,1
DA:308,2
DA:312,2
DA:313,2
DA:314,2
DA:316,2
DA:318,1
DA:324,1
DA:335,4
DA:336,4
DA:337,4
DA:339,3
DA:340,2
DA:342,2
DA:345,1
DA:347,1
DA:353,1
DA:364,3
DA:365,3
DA:366,3
DA:367,2
DA:369,1
DA:375,1
DA:386,3
DA:387,3
DA:389,1
DA:390,1
DA:392,1
DA:393,1
DA:394,1
DA:398,2
DA:399,1
DA:400,1
DA:401,1
DA:404,2
DA:406,1
DA:412,1
DA:422,3
DA:424,3
DA:425,2
DA:428,2
DA:429,5
DA:430,0
DA:431,0
DA:432,0
DA:433,0
DA:438,2
DA:440,1
DA:446,1
DA:456,2
DA:458,2
DA:459,2
DA:460,1
DA:462,1
DA:469,1
DA:471,1
DA:486,1
DA:504,5
DA:505,5
LF:132
LH:121
BRDA:123,0,0,0
BRDA:123,0,1,2
BRDA:123,1,0,2
BRDA:123,1,1,0
BRDA:127,2,0,0
BRDA:127,2,1,0
BRDA:128,3,0,0
BRDA:128,3,1,0
BRDA:129,4,0,0
BRDA:129,4,1,0
BRDA:130,5,0,0
BRDA:130,5,1,0
BRDA:133,6,0,0
BRDA:133,6,1,2
BRDA:133,7,0,2
BRDA:133,7,1,0
BRDA:136,8,0,0
BRDA:136,8,1,0
BRDA:138,9,0,0
BRDA:138,9,1,0
BRDA:139,10,0,0
BRDA:139,10,1,0
BRDA:140,11,0,0
BRDA:140,11,1,0
BRDA:141,12,0,0
BRDA:141,12,1,0
BRDA:148,13,0,2
BRDA:148,13,1,0
BRDA:149,14,0,2
BRDA:149,14,1,0
BRDA:150,15,0,2
BRDA:150,15,1,0
BRDA:151,16,0,2
BRDA:151,16,1,0
BRDA:223,17,0,1
BRDA:223,17,1,2
BRDA:235,18,0,1
BRDA:235,18,1,1
BRDA:235,19,0,2
BRDA:235,19,1,1
BRDA:288,20,0,3
BRDA:288,20,1,2
BRDA:293,21,0,1
BRDA:293,21,1,2
BRDA:301,22,0,1
BRDA:301,22,1,2
BRDA:339,23,0,2
BRDA:339,23,1,1
BRDA:387,24,0,1
BRDA:387,24,1,2
BRDA:392,25,0,1
BRDA:392,25,1,0
BRDA:429,26,0,0
BRDA:429,26,1,5
BRDA:431,27,0,0
BRDA:431,27,1,0
BRDA:505,28,0,5
BRDA:505,28,1,0
BRDA:98,29,0,1
BRDA:98,29,1,0
BRDA:98,30,0,1
BRDA:98,30,1,1
BRF:62
BRH:30
end_of_record
TN:
SF:../config/src/config-loader.ts
FN:27,deepMerge
FN:75,defineConfig
FN:107,getConfig
FN:129,resetConfig
FNF:4
FNH:4
FNDA:1139,deepMerge
FNDA:12,defineConfig
FNDA:18,getConfig
FNDA:14,resetConfig
DA:1,8
DA:31,1139
DA:33,1139
DA:34,4913
DA:39,1112
DA:44,3801
DA:48,1139
DA:51,8
DA:75,8
DA:78,12
DA:79,3
DA:84,9
DA:107,8
DA:108,18
DA:129,8
DA:130,14
DA:131,14
LF:17
LH:17
BRDA:34,0,0,1112
BRDA:34,0,1,3801
BRDA:35,1,0,4913
BRDA:35,1,1,4365
BRDA:35,1,2,1239
BRDA:40,2,0,1112
BRDA:40,2,1,1098
BRDA:78,3,0,3
BRDA:78,3,1,9
BRDA:78,4,0,12
BRDA:78,4,1,10
BRF:11
BRH:11
end_of_record
TN:
SF:../config/src/config.module.ts
FNF:0
FNH:0
DA:1,6
DA:2,6
DA:3,6
DA:4,6
DA:48,6
LF:5
LH:5
BRF:0
BRH:0
end_of_record
TN:
SF:../config/src/config.service.ts
FN:90,(anonymous_2)
FN:117,(anonymous_3)
FN:122,(anonymous_4)
FN:162,(anonymous_5)
FN:195,(anonymous_6)
FN:222,(anonymous_7)
FN:233,(anonymous_8)
FN:244,(anonymous_9)
FN:255,(anonymous_10)
FN:266,(anonymous_11)
FN:277,(anonymous_12)
FN:288,(anonymous_13)
FN:299,(anonymous_14)
FN:310,(anonymous_15)
FN:321,(anonymous_16)
FN:352,(anonymous_17)
FN:358,(anonymous_18)
FN:394,(anonymous_19)
FNF:18
FNH:6
FNDA:5,(anonymous_2)
FNDA:5,(anonymous_3)
FNDA:0,(anonymous_4)
FNDA:0,(anonymous_5)
FNDA:0,(anonymous_6)
FNDA:1,(anonymous_7)
FNDA:1,(anonymous_8)
FNDA:1,(anonymous_9)
FNDA:1,(anonymous_10)
FNDA:0,(anonymous_11)
FNDA:0,(anonymous_12)
FNDA:0,(anonymous_13)
FNDA:0,(anonymous_14)
FNDA:0,(anonymous_15)
FNDA:0,(anonymous_16)
FNDA:0,(anonymous_17)
FNDA:0,(anonymous_18)
FNDA:0,(anonymous_19)
DA:1,7
DA:4,7
DA:5,7
DA:71,7
DA:73,5
DA:80,5
DA:91,5
DA:92,5
DA:118,5
DA:121,5
DA:122,5
DA:123,0
DA:127,5
DA:128,5
DA:163,0
DA:167,0
DA:198,0
DA:199,0
DA:204,0
DA:207,0
DA:212,0
DA:223,1
DA:234,1
DA:245,1
DA:256,1
DA:267,0
DA:278,0
DA:289,0
DA:300,0
DA:311,0
DA:322,0
DA:353,0
DA:354,0
DA:355,0
DA:359,0
DA:363,0
DA:366,0
DA:372,0
DA:395,0
LF:39
LH:17
BRDA:121,0,0,5
BRDA:121,0,1,0
BRDA:127,1,0,5
BRDA:127,1,1,0
BRDA:198,2,0,0
BRDA:198,2,1,0
BRDA:223,3,0,1
BRDA:223,3,1,0
BRDA:234,4,0,1
BRDA:234,4,1,0
BRDA:245,5,0,1
BRDA:245,5,1,0
BRDA:256,6,0,1
BRDA:256,6,1,0
BRDA:267,7,0,0
BRDA:267,7,1,0
BRDA:278,8,0,0
BRDA:278,8,1,0
BRDA:289,9,0,0
BRDA:289,9,1,0
BRDA:300,10,0,0
BRDA:300,10,1,0
BRDA:311,11,0,0
BRDA:311,11,1,0
BRDA:322,12,0,0
BRDA:322,12,1,0
BRDA:354,13,0,0
BRDA:354,13,1,0
BRDA:359,14,0,0
BRDA:359,14,1,0
BRDA:359,14,2,0
BRDA:90,15,0,7
BRDA:90,15,1,0
BRDA:90,16,0,7
BRDA:90,16,1,7
BRF:35
BRH:9
end_of_record
TN:
SF:../config/src/default-config.ts
FNF:0
FNH:0
DA:1,10
DA:2,10
DA:23,10
LF:3
LH:3
BRDA:25,0,0,10
BRDA:25,0,1,9
BRDA:26,1,0,10
BRDA:26,1,1,10
BRDA:28,2,0,10
BRDA:28,2,1,10
BRDA:30,3,0,10
BRDA:30,3,1,0
BRDA:33,4,0,10
BRDA:33,4,1,10
BRDA:34,5,0,10
BRDA:34,5,1,10
BRDA:35,6,0,10
BRDA:35,6,1,10
BRDA:38,7,0,10
BRDA:38,7,1,10
BRDA:40,8,0,10
BRDA:40,8,1,10
BRDA:41,9,0,10
BRDA:41,9,1,10
BRDA:42,10,0,10
BRDA:42,10,1,10
BRDA:43,11,0,10
BRDA:43,11,1,10
BRDA:44,12,0,10
BRDA:44,12,1,10
BRDA:45,13,0,10
BRDA:45,13,1,10
BRDA:47,14,0,10
BRDA:47,14,1,10
BRDA:51,15,0,10
BRDA:51,15,1,10
BRDA:53,16,0,10
BRDA:53,16,1,10
BRDA:60,17,0,10
BRDA:60,17,1,10
BRDA:61,18,0,10
BRDA:61,18,1,10
BRDA:63,19,0,10
BRDA:63,19,1,10
BRDA:67,20,0,10
BRDA:67,20,1,10
BRDA:71,21,0,10
BRDA:71,21,1,10
BRDA:74,22,0,10
BRDA:74,22,1,10
BRDA:75,23,0,10
BRDA:75,23,1,10
BRDA:77,24,0,10
BRDA:77,24,1,10
BRDA:92,25,0,10
BRDA:92,25,1,10
BRDA:94,26,0,10
BRDA:94,26,1,10
BRDA:101,27,0,10
BRDA:101,27,1,10
BRDA:102,28,0,10
BRDA:102,28,1,10
BRDA:103,29,0,10
BRDA:103,29,1,10
BRDA:104,30,0,10
BRDA:104,30,1,10
BRDA:105,31,0,10
BRDA:105,31,1,10
BRDA:108,32,0,10
BRDA:108,32,1,10
BRDA:109,33,0,10
BRDA:109,33,1,10
BRDA:111,34,0,10
BRDA:111,34,1,10
BRDA:115,35,0,10
BRDA:115,35,1,10
BRDA:119,36,0,10
BRDA:119,36,1,10
BRDA:123,37,0,10
BRDA:123,37,1,10
BRDA:127,38,0,10
BRDA:127,38,1,10
BRDA:131,39,0,10
BRDA:131,39,1,10
BRDA:136,40,0,10
BRDA:136,40,1,10
BRDA:137,41,0,10
BRDA:137,41,1,10
BRDA:138,42,0,10
BRDA:138,42,1,10
BRDA:140,43,0,10
BRDA:140,43,1,10
BRDA:143,44,0,10
BRDA:143,44,1,10
BRDA:144,45,0,10
BRDA:144,45,1,10
BRDA:147,46,0,10
BRDA:147,46,1,10
BRDA:148,47,0,10
BRDA:148,47,1,10
BRDA:149,48,0,10
BRDA:149,48,1,10
BRDA:153,49,0,10
BRDA:153,49,1,10
BRDA:155,50,0,10
BRDA:155,50,1,10
BRDA:161,51,0,10
BRDA:161,51,1,10
BRDA:162,52,0,10
BRDA:162,52,1,10
BRDA:163,53,0,10
BRDA:163,53,1,10
BRDA:168,54,0,10
BRDA:168,54,1,10
BRDA:171,55,0,10
BRDA:171,55,1,10
BRDA:177,56,0,10
BRDA:177,56,1,10
BRDA:180,57,0,10
BRDA:180,57,1,10
BRDA:183,58,0,10
BRDA:183,58,1,10
BRDA:186,59,0,10
BRDA:186,59,1,10
BRDA:191,60,0,10
BRDA:191,60,1,10
BRDA:194,61,0,10
BRDA:194,61,1,10
BRDA:195,62,0,10
BRDA:195,62,1,10
BRDA:196,63,0,10
BRDA:196,63,1,10
BRDA:200,64,0,10
BRDA:200,64,1,10
BRDA:203,65,0,10
BRDA:203,65,1,10
BRDA:204,66,0,10
BRDA:204,66,1,10
BRDA:205,67,0,10
BRDA:205,67,1,10
BRDA:209,68,0,10
BRDA:209,68,1,10
BRDA:212,69,0,10
BRDA:212,69,1,10
BRDA:216,70,0,10
BRDA:216,70,1,10
BRDA:219,71,0,10
BRDA:219,71,1,10
BRDA:223,72,0,10
BRDA:223,72,1,10
BRDA:225,73,0,10
BRDA:225,73,1,10
BRDA:226,74,0,10
BRDA:226,74,1,10
BRDA:230,75,0,10
BRDA:230,75,1,10
BRDA:233,76,0,10
BRDA:233,76,1,10
BRDA:239,77,0,10
BRDA:239,77,1,10
BRDA:240,78,0,10
BRDA:240,78,1,10
BRDA:244,79,0,10
BRDA:244,79,1,10
BRDA:246,80,0,10
BRDA:246,80,1,10
BRDA:247,81,0,10
BRDA:247,81,1,10
BRDA:250,82,0,10
BRDA:250,82,1,10
BRDA:251,83,0,10
BRDA:251,83,1,10
BRDA:259,84,0,10
BRDA:259,84,1,10
BRDA:260,85,0,10
BRDA:260,85,1,10
BRDA:261,86,0,10
BRDA:261,86,1,10
BRDA:264,87,0,10
BRDA:264,87,1,10
BRDA:265,88,0,10
BRDA:265,88,1,10
BRDA:266,89,0,10
BRDA:266,89,1,10
BRDA:267,90,0,10
BRDA:267,90,1,10
BRDA:268,91,0,10
BRDA:268,91,1,10
BRDA:271,92,0,10
BRDA:271,92,1,10
BRDA:272,93,0,10
BRDA:272,93,1,10
BRDA:273,94,0,10
BRDA:273,94,1,10
BRDA:274,95,0,10
BRDA:274,95,1,10
BRDA:275,96,0,10
BRDA:275,96,1,10
BRDA:276,97,0,10
BRDA:276,97,1,10
BRDA:277,98,0,10
BRDA:277,98,1,10
BRDA:280,99,0,10
BRDA:280,99,1,10
BRDA:281,100,0,10
BRDA:281,100,1,10
BRDA:282,101,0,10
BRDA:282,101,1,10
BRDA:289,102,0,10
BRDA:289,102,1,10
BRDA:291,103,0,10
BRDA:291,103,1,10
BRDA:295,104,0,10
BRDA:295,104,1,10
BRDA:296,105,0,10
BRDA:296,105,1,10
BRDA:300,106,0,10
BRDA:300,106,1,10
BRDA:301,107,0,10
BRDA:301,107,1,10
BRDA:305,108,0,10
BRDA:305,108,1,10
BRDA:306,109,0,10
BRDA:306,109,1,10
BRDA:310,110,0,10
BRDA:310,110,1,10
BRDA:311,111,0,10
BRDA:311,111,1,10
BRDA:318,112,0,10
BRDA:318,112,1,10
BRDA:322,113,0,10
BRDA:322,113,1,10
BRDA:326,114,0,10
BRDA:326,114,1,10
BRDA:332,115,0,10
BRDA:332,115,1,10
BRDA:333,116,0,10
BRDA:333,116,1,10
BRDA:334,117,0,10
BRDA:334,117,1,10
BRDA:339,118,0,10
BRDA:339,118,1,0
BRDA:340,119,0,10
BRDA:340,119,1,10
BRDA:341,120,0,10
BRDA:341,120,1,10
BRDA:342,121,0,10
BRDA:342,121,1,10
BRDA:343,122,0,10
BRDA:343,122,1,10
BRDA:344,123,0,10
BRDA:344,123,1,10
BRDA:347,124,0,10
BRDA:347,124,1,10
BRDA:359,125,0,10
BRDA:359,125,1,10
BRDA:363,126,0,10
BRDA:363,126,1,10
BRDA:364,127,0,10
BRDA:364,127,1,10
BRDA:365,128,0,10
BRDA:365,128,1,10
BRDA:366,129,0,10
BRDA:366,129,1,10
BRDA:367,130,0,10
BRDA:367,130,1,10
BRDA:371,131,0,10
BRDA:371,131,1,10
BRDA:372,132,0,10
BRDA:372,132,1,10
BRDA:373,133,0,10
BRDA:373,133,1,10
BRDA:374,134,0,10
BRDA:374,134,1,10
BRDA:375,135,0,10
BRDA:375,135,1,10
BRDA:380,136,0,10
BRDA:380,136,1,10
BRDA:381,137,0,10
BRDA:381,137,1,10
BRDA:382,138,0,10
BRDA:382,138,1,10
BRDA:385,139,0,10
BRDA:385,139,1,10
BRDA:392,140,0,10
BRDA:392,140,1,10
BRDA:397,141,0,10
BRDA:397,141,1,10
BRDA:404,142,0,10
BRDA:404,142,1,10
BRDA:406,143,0,10
BRDA:406,143,1,10
BRDA:409,144,0,10
BRDA:409,144,1,10
BRDA:414,145,0,10
BRDA:414,145,1,10
BRDA:416,146,0,10
BRDA:416,146,1,10
BRDA:430,147,0,10
BRDA:430,147,1,10
BRDA:434,148,0,10
BRDA:434,148,1,10
BRDA:438,149,0,10
BRDA:438,149,1,10
BRDA:442,150,0,10
BRDA:442,150,1,10
BRDA:459,151,0,10
BRDA:459,151,1,10
BRDA:460,152,0,10
BRDA:460,152,1,10
BRDA:461,153,0,10
BRDA:461,153,1,10
BRDA:462,154,0,10
BRDA:462,154,1,10
BRDA:468,155,0,10
BRDA:468,155,1,10
BRDA:471,156,0,10
BRDA:471,156,1,10
BRDA:476,157,0,10
BRDA:476,157,1,10
BRDA:477,158,0,10
BRDA:477,158,1,10
BRF:318
BRH:316
end_of_record
TN:
SF:../config/src/index.ts
FNF:0
FNH:0
DA:28,6
DA:29,6
DA:30,6
DA:31,6
LF:4
LH:4
BRF:0
BRH:0
end_of_record
TN:
SF:../config/src/config/app.ts
FN:12,(anonymous_0)
FNF:1
FNH:0
FNDA:0,(anonymous_0)
DA:1,6
DA:12,6
LF:2
LH:2
BRDA:17,0,0,0
BRDA:17,0,1,0
BRDA:22,1,0,0
BRDA:22,1,1,0
BRDA:28,2,0,0
BRDA:28,2,1,0
BRDA:36,3,0,0
BRDA:36,3,1,0
BRDA:42,4,0,0
BRDA:42,4,1,0
BRDA:57,5,0,0
BRDA:57,5,1,0
BRDA:62,6,0,0
BRDA:62,6,1,0
BRDA:67,7,0,0
BRDA:67,7,1,0
BRF:16
BRH:0
end_of_record
TN:
SF:../config/src/config/database.ts
FN:23,(anonymous_0)
FNF:1
FNH:0
FNDA:0,(anonymous_0)
DA:1,6
DA:23,6
LF:2
LH:2
BRDA:27,0,0,0
BRDA:27,0,1,0
BRDA:33,1,0,0
BRDA:33,1,1,0
BRDA:34,2,0,0
BRDA:34,2,1,0
BRDA:35,3,0,0
BRDA:35,3,1,0
BRDA:36,4,0,0
BRDA:36,4,1,0
BRDA:37,5,0,0
BRDA:37,5,1,0
BRDA:38,6,0,0
BRDA:38,6,1,0
BRDA:40,7,0,0
BRDA:40,7,1,0
BRDA:48,8,0,0
BRDA:48,8,1,0
BRDA:49,9,0,0
BRDA:49,9,1,0
BRDA:60,10,0,0
BRDA:60,10,1,0
BRDA:61,11,0,0
BRDA:61,11,1,0
BRDA:63,12,0,0
BRDA:63,12,1,0
BRDA:66,13,0,0
BRDA:66,13,1,0
BRDA:68,14,0,0
BRDA:68,14,1,0
BRDA:71,15,0,0
BRDA:71,15,1,0
BRDA:72,16,0,0
BRDA:72,16,1,0
BRDA:74,17,0,0
BRDA:74,17,1,0
BRDA:85,18,0,0
BRDA:85,18,1,0
BRDA:86,19,0,0
BRDA:86,19,1,0
BRDA:94,20,0,0
BRDA:94,20,1,0
BRDA:96,21,0,0
BRDA:96,21,1,0
BRF:44
BRH:0
end_of_record
TN:
SF:../config/src/config/email.ts
FN:23,(anonymous_0)
FNF:1
FNH:0
FNDA:0,(anonymous_0)
DA:1,6
DA:23,6
LF:2
LH:2
BRDA:27,0,0,0
BRDA:27,0,1,0
BRDA:33,1,0,0
BRDA:33,1,1,0
BRDA:34,2,0,0
BRDA:34,2,1,0
BRDA:37,3,0,0
BRDA:37,3,1,0
BRDA:38,4,0,0
BRDA:38,4,1,0
BRDA:49,5,0,0
BRDA:49,5,1,0
BRDA:50,6,0,0
BRDA:50,6,1,0
BRDA:51,7,0,0
BRDA:51,7,1,0
BRDA:58,8,0,0
BRDA:58,8,1,0
BRDA:59,9,0,0
BRDA:59,9,1,0
BRDA:60,10,0,0
BRDA:60,10,1,0
BRDA:61,11,0,0
BRDA:61,11,1,0
BRDA:62,12,0,0
BRDA:62,12,1,0
BRDA:72,13,0,0
BRDA:72,13,1,0
BRDA:77,14,0,0
BRDA:77,14,1,0
BRDA:82,15,0,0
BRDA:82,15,1,0
BRDA:87,16,0,0
BRDA:87,16,1,0
BRDA:92,17,0,0
BRDA:92,17,1,0
BRDA:97,18,0,0
BRDA:97,18,1,0
BRDA:102,19,0,0
BRDA:102,19,1,0
BRDA:112,20,0,0
BRDA:112,20,1,0
BRDA:117,21,0,0
BRDA:117,21,1,0
BRDA:122,22,0,0
BRDA:122,22,1,0
BRDA:136,23,0,0
BRDA:136,23,1,0
BRDA:137,24,0,0
BRDA:137,24,1,0
BRDA:145,25,0,0
BRDA:145,25,1,0
BRDA:146,26,0,0
BRDA:146,26,1,0
BRDA:154,27,0,0
BRDA:154,27,1,0
BRDA:155,28,0,0
BRDA:155,28,1,0
BRDA:163,29,0,0
BRDA:163,29,1,0
BRDA:164,30,0,0
BRDA:164,30,1,0
BRDA:172,31,0,0
BRDA:172,31,1,0
BRDA:173,32,0,0
BRDA:173,32,1,0
BRDA:191,33,0,0
BRDA:191,33,1,0
BRDA:199,34,0,0
BRDA:199,34,1,0
BRDA:206,35,0,0
BRDA:206,35,1,0
BRDA:221,36,0,0
BRDA:221,36,1,0
BRDA:226,37,0,0
BRDA:226,37,1,0
BRDA:231,38,0,0
BRDA:231,38,1,0
BRF:78
BRH:0
end_of_record
TN:
SF:../config/src/config/index.ts
FNF:0
FNH:0
DA:1,6
DA:2,6
DA:3,6
DA:4,6
DA:5,6
DA:6,6
DA:7,6
DA:29,6
LF:8
LH:8
BRF:0
BRH:0
end_of_record
TN:
SF:../config/src/config/jwt.ts
FN:23,(anonymous_0)
FNF:1
FNH:0
FNDA:0,(anonymous_0)
DA:1,6
DA:23,6
LF:2
LH:2
BRDA:32,0,0,0
BRDA:32,0,1,0
BRDA:39,1,0,0
BRDA:39,1,1,0
BRDA:46,2,0,0
BRDA:46,2,1,0
BRDA:53,3,0,0
BRDA:53,3,1,0
BRDA:64,4,0,0
BRDA:64,4,1,0
BRDA:69,5,0,0
BRDA:69,5,1,0
BRDA:74,6,0,0
BRDA:74,6,1,0
BRDA:79,7,0,0
BRDA:79,7,1,0
BRDA:90,8,0,0
BRDA:90,8,1,0
BRDA:97,9,0,0
BRDA:97,9,1,0
BRDA:102,10,0,0
BRDA:102,10,1,0
BRDA:107,11,0,0
BRDA:107,11,1,0
BRDA:118,12,0,0
BRDA:118,12,1,0
BRDA:125,13,0,0
BRDA:125,13,1,0
BRDA:136,14,0,0
BRDA:136,14,1,0
BRDA:143,15,0,0
BRDA:143,15,1,0
BRDA:158,16,0,0
BRDA:158,16,1,0
BRDA:164,17,0,0
BRDA:164,17,1,0
BRDA:169,18,0,0
BRDA:169,18,1,0
BRDA:184,19,0,0
BRDA:184,19,1,0
BRDA:195,20,0,0
BRDA:195,20,1,0
BRDA:212,21,0,0
BRDA:212,21,1,0
BRDA:217,22,0,0
BRDA:217,22,1,0
BRF:46
BRH:0
end_of_record
TN:
SF:../config/src/config/logging.ts
FN:30,(anonymous_0)
FNF:1
FNH:0
FNDA:0,(anonymous_0)
DA:1,6
DA:30,6
LF:2
LH:2
BRDA:38,0,0,0
BRDA:38,0,1,0
BRDA:43,1,0,0
BRDA:43,1,1,0
BRDA:48,2,0,0
BRDA:48,2,1,0
BRDA:53,3,0,0
BRDA:53,3,1,0
BRDA:58,4,0,0
BRDA:58,4,1,0
BRDA:63,5,0,0
BRDA:63,5,1,0
BRDA:73,6,0,0
BRDA:73,6,1,0
BRDA:120,7,0,0
BRDA:120,7,1,0
BRDA:128,8,0,0
BRDA:128,8,1,0
BRDA:129,9,0,0
BRDA:129,9,1,0
BRDA:130,10,0,0
BRDA:130,10,1,0
BRDA:131,11,0,0
BRDA:131,11,1,0
BRDA:132,12,0,0
BRDA:132,12,1,0
BRDA:140,13,0,0
BRDA:140,13,1,0
BRDA:141,14,0,0
BRDA:141,14,1,0
BRDA:142,15,0,0
BRDA:142,15,1,0
BRDA:143,16,0,0
BRDA:143,16,1,0
BRDA:144,17,0,0
BRDA:144,17,1,0
BRDA:160,18,0,0
BRDA:160,18,1,0
BRDA:165,19,0,0
BRDA:165,19,1,0
BRDA:170,20,0,0
BRDA:170,20,1,0
BRDA:180,21,0,0
BRDA:180,21,1,0
BRDA:191,22,0,0
BRDA:191,22,1,0
BRDA:200,23,0,0
BRDA:200,23,1,0
BRDA:218,24,0,0
BRDA:218,24,1,0
BRDA:224,25,0,0
BRDA:224,25,1,0
BRDA:231,26,0,0
BRDA:231,26,1,0
BRDA:243,27,0,0
BRDA:243,27,1,0
BRDA:253,28,0,0
BRDA:253,28,1,0
BRF:58
BRH:0
end_of_record
TN:
SF:../config/src/config/redis.ts
FN:23,(anonymous_0)
FNF:1
FNH:0
FNDA:0,(anonymous_0)
DA:1,6
DA:23,6
LF:2
LH:2
BRDA:28,0,0,0
BRDA:28,0,1,0
BRDA:29,1,0,0
BRDA:29,1,1,0
BRDA:30,2,0,0
BRDA:30,2,1,0
BRDA:31,3,0,0
BRDA:31,3,1,0
BRDA:32,4,0,0
BRDA:32,4,1,0
BRDA:39,5,0,0
BRDA:39,5,1,0
BRDA:40,6,0,0
BRDA:40,6,1,0
BRDA:42,7,0,0
BRDA:42,7,1,0
BRDA:46,8,0,0
BRDA:46,8,1,0
BRDA:50,9,0,0
BRDA:50,9,1,0
BRDA:53,10,0,0
BRDA:53,10,1,0
BRDA:54,11,0,0
BRDA:54,11,1,0
BRDA:56,12,0,0
BRDA:56,12,1,0
BRDA:68,13,0,0
BRDA:68,13,1,0
BRDA:73,14,0,0
BRDA:73,14,1,0
BRDA:78,15,0,0
BRDA:78,15,1,0
BRDA:84,16,0,0
BRDA:84,16,1,0
BRDA:91,17,0,0
BRDA:91,17,1,0
BRDA:96,18,0,0
BRDA:96,18,1,0
BRDA:106,19,0,0
BRDA:106,19,1,0
BRDA:111,20,0,0
BRDA:111,20,1,0
BRDA:116,21,0,0
BRDA:116,21,1,0
BRDA:124,22,0,0
BRDA:124,22,1,0
BRDA:126,23,0,0
BRDA:126,23,1,0
BRDA:136,24,0,0
BRDA:136,24,1,0
BRDA:137,25,0,0
BRDA:137,25,1,0
BRDA:138,26,0,0
BRDA:138,26,1,0
BRDA:146,27,0,0
BRDA:146,27,1,0
BRDA:147,28,0,0
BRDA:147,28,1,0
BRF:58
BRH:0
end_of_record
TN:
SF:../config/src/config/setting.ts
FN:25,(anonymous_0)
FNF:1
FNH:0
FNDA:0,(anonymous_0)
DA:1,6
DA:25,6
LF:2
LH:2
BRDA:51,0,0,0
BRDA:51,0,1,0
BRDA:58,1,0,0
BRDA:58,1,1,0
BRDA:64,2,0,0
BRDA:64,2,1,0
BRDA:69,3,0,0
BRDA:69,3,1,0
BRDA:76,4,0,0
BRDA:76,4,1,0
BRDA:89,5,0,0
BRDA:89,5,1,0
BRDA:95,6,0,0
BRDA:95,6,1,0
BRDA:106,7,0,0
BRDA:106,7,1,0
BRDA:113,8,0,0
BRDA:113,8,1,0
BRDA:130,9,0,0
BRDA:130,9,1,0
BRDA:141,10,0,0
BRDA:141,10,1,0
BRDA:147,11,0,0
BRDA:147,11,1,0
BRDA:150,12,0,0
BRDA:150,12,1,0
BRF:26
BRH:0
end_of_record
TN:
SF:../config/src/environments/environment.helper.ts
FN:12,(anonymous_9)
FNF:1
FNH:1
FNDA:49,(anonymous_9)
DA:2,1
DA:3,1
DA:12,1
DA:13,49
LF:4
LH:4
BRDA:13,0,0,15
BRDA:13,0,1,34
BRF:2
BRH:2
end_of_record
TN:
SF:../core/src/index.ts
FN:9,(anonymous_4)
FN:10,(anonymous_5)
FN:11,(anonymous_6)
FN:12,(anonymous_7)
FN:13,(anonymous_8)
FN:17,(anonymous_9)
FN:20,(anonymous_10)
FN:23,(anonymous_11)
FN:24,(anonymous_12)
FN:24,(anonymous_13)
FNF:10
FNH:1
FNDA:0,(anonymous_4)
FNDA:0,(anonymous_5)
FNDA:0,(anonymous_6)
FNDA:0,(anonymous_7)
FNDA:0,(anonymous_8)
FNDA:0,(anonymous_9)
FNDA:0,(anonymous_10)
FNDA:2,(anonymous_11)
FNDA:0,(anonymous_12)
FNDA:0,(anonymous_13)
DA:8,2
DA:9,2
DA:10,2
DA:11,2
DA:12,2
DA:13,2
DA:17,2
DA:20,2
DA:23,4
DA:24,2
DA:27,2
LF:11
LH:11
BRF:0
BRH:0
end_of_record
TN:
SF:../core/src/domain/domain-event.ts
FN:116,(anonymous_0)
FN:157,(anonymous_1)
FN:172,(anonymous_2)
FN:180,(anonymous_3)
FN:188,(anonymous_4)
FN:196,(anonymous_5)
FN:204,(anonymous_6)
FN:212,(anonymous_7)
FN:220,(anonymous_8)
FN:228,(anonymous_9)
FN:240,(anonymous_10)
FNF:11
FNH:0
FNDA:0,(anonymous_0)
FNDA:0,(anonymous_1)
FNDA:0,(anonymous_2)
FNDA:0,(anonymous_3)
FNDA:0,(anonymous_4)
FNDA:0,(anonymous_5)
FNDA:0,(anonymous_6)
FNDA:0,(anonymous_7)
FNDA:0,(anonymous_8)
FNDA:0,(anonymous_9)
FNDA:0,(anonymous_10)
DA:1,2
DA:70,2
DA:121,0
DA:122,0
DA:125,0
DA:126,0
DA:129,0
DA:130,0
DA:131,0
DA:132,0
DA:133,0
DA:134,0
DA:158,0
DA:173,0
DA:181,0
DA:189,0
DA:197,0
DA:205,0
DA:213,0
DA:221,0
DA:229,0
DA:241,0
DA:242,0
DA:245,0
DA:246,0
DA:249,0
DA:250,0
DA:253,0
DA:254,0
DA:257,0
DA:258,0
LF:31
LH:2
BRDA:118,0,0,0
BRDA:121,1,0,0
BRDA:121,1,1,0
BRDA:121,2,0,0
BRDA:121,2,1,0
BRDA:125,3,0,0
BRDA:125,3,1,0
BRDA:241,4,0,0
BRDA:241,4,1,0
BRDA:241,5,0,0
BRDA:241,5,1,0
BRDA:245,6,0,0
BRDA:245,6,1,0
BRDA:245,7,0,0
BRDA:245,7,1,0
BRDA:249,8,0,0
BRDA:249,8,1,0
BRDA:253,9,0,0
BRDA:253,9,1,0
BRDA:253,10,0,0
BRDA:253,10,1,0
BRDA:257,11,0,0
BRDA:257,11,1,0
BRF:23
BRH:0
end_of_record
TN:
SF:../core/src/domain/value-object.ts
FN:49,(anonymous_0)
FN:58,(anonymous_1)
FN:68,(anonymous_2)
FN:83,(anonymous_3)
FN:145,(anonymous_4)
FN:157,(anonymous_5)
FNF:6
FNH:2
FNDA:54,(anonymous_0)
FNDA:282,(anonymous_1)
FNDA:0,(anonymous_2)
FNDA:0,(anonymous_3)
FNDA:0,(anonymous_4)
FNDA:0,(anonymous_5)
DA:46,2
DA:50,54
DA:59,282
DA:69,0
DA:70,0
DA:73,0
DA:84,0
DA:85,0
DA:88,0
DA:89,0
DA:92,0
DA:93,0
DA:96,0
DA:97,0
DA:98,0
DA:101,0
DA:102,0
DA:103,0
DA:105,0
DA:106,0
DA:107,0
DA:110,0
DA:113,0
DA:114,0
DA:116,0
DA:117,0
DA:120,0
DA:121,0
DA:122,0
DA:124,0
DA:130,0
DA:134,0
DA:137,0
DA:146,0
DA:147,0
DA:149,0
DA:158,0
LF:37
LH:3
BRDA:69,0,0,0
BRDA:69,0,1,0
BRDA:84,1,0,0
BRDA:84,1,1,0
BRDA:88,2,0,0
BRDA:88,2,1,0
BRDA:88,3,0,0
BRDA:88,3,1,0
BRDA:88,3,2,0
BRDA:88,3,3,0
BRDA:92,4,0,0
BRDA:92,4,1,0
BRDA:96,5,0,0
BRDA:96,5,1,0
BRDA:97,6,0,0
BRDA:97,6,1,0
BRDA:101,7,0,0
BRDA:101,7,1,0
BRDA:102,8,0,0
BRDA:102,8,1,0
BRDA:102,9,0,0
BRDA:102,9,1,0
BRDA:106,10,0,0
BRDA:106,10,1,0
BRDA:116,11,0,0
BRDA:116,11,1,0
BRDA:121,12,0,0
BRDA:121,12,1,0
BRDA:124,13,0,0
BRDA:124,13,1,0
BRDA:146,14,0,0
BRDA:146,14,1,0
BRF:32
BRH:0
end_of_record
TN:
SF:../core/src/domain/base/base-entity.ts
FN:55,(anonymous_0)
FN:72,(anonymous_1)
FN:85,(anonymous_2)
FN:103,(anonymous_3)
FN:119,(anonymous_4)
FN:128,(anonymous_5)
FN:137,(anonymous_6)
FN:146,(anonymous_7)
FN:155,(anonymous_8)
FN:164,(anonymous_9)
FN:173,(anonymous_10)
FN:182,(anonymous_11)
FN:191,(anonymous_12)
FN:211,(anonymous_13)
FN:244,(anonymous_14)
FN:254,(anonymous_15)
FN:269,(anonymous_16)
FN:282,(anonymous_17)
FN:292,(anonymous_18)
FN:310,(anonymous_19)
FN:319,(anonymous_20)
FN:360,(anonymous_21)
FN:371,(anonymous_22)
FN:382,(anonymous_23)
FNF:24
FNH:0
FNDA:0,(anonymous_0)
FNDA:0,(anonymous_1)
FNDA:0,(anonymous_2)
FNDA:0,(anonymous_3)
FNDA:0,(anonymous_4)
FNDA:0,(anonymous_5)
FNDA:0,(anonymous_6)
FNDA:0,(anonymous_7)
FNDA:0,(anonymous_8)
FNDA:0,(anonymous_9)
FNDA:0,(anonymous_10)
FNDA:0,(anonymous_11)
FNDA:0,(anonymous_12)
FNDA:0,(anonymous_13)
FNDA:0,(anonymous_14)
FNDA:0,(anonymous_15)
FNDA:0,(anonymous_16)
FNDA:0,(anonymous_17)
FNDA:0,(anonymous_18)
FNDA:0,(anonymous_19)
FNDA:0,(anonymous_20)
FNDA:0,(anonymous_21)
FNDA:0,(anonymous_22)
FNDA:0,(anonymous_23)
DA:45,2
DA:56,0
DA:57,0
DA:58,0
DA:59,0
DA:60,0
DA:61,0
DA:62,0
DA:73,0
DA:74,0
DA:75,0
DA:86,0
DA:87,0
DA:90,0
DA:91,0
DA:92,0
DA:93,0
DA:104,0
DA:105,0
DA:108,0
DA:109,0
DA:110,0
DA:111,0
DA:120,0
DA:129,0
DA:138,0
DA:147,0
DA:156,0
DA:165,0
DA:174,0
DA:183,0
DA:192,0
DA:212,0
DA:213,0
DA:216,0
DA:217,0
DA:220,0
DA:221,0
DA:224,0
DA:225,0
DA:230,0
DA:231,0
DA:245,0
DA:255,0
DA:256,0
DA:257,0
DA:259,0
DA:270,0
DA:271,0
DA:274,0
DA:284,0
DA:293,0
DA:311,0
DA:320,0
DA:359,2
DA:361,0
DA:362,0
DA:370,2
DA:372,0
DA:373,0
DA:381,2
DA:383,0
DA:384,0
LF:63
LH:4
BRDA:55,0,0,0
BRDA:85,1,0,0
BRDA:86,2,0,0
BRDA:86,2,1,0
BRDA:103,3,0,0
BRDA:104,4,0,0
BRDA:104,4,1,0
BRDA:212,5,0,0
BRDA:212,5,1,0
BRDA:216,6,0,0
BRDA:216,6,1,0
BRDA:220,7,0,0
BRDA:220,7,1,0
BRDA:224,8,0,0
BRDA:224,8,1,0
BRDA:224,9,0,0
BRDA:224,9,1,0
BRDA:230,10,0,0
BRDA:230,10,1,0
BRDA:230,11,0,0
BRDA:230,11,1,0
BRDA:270,12,0,0
BRDA:270,12,1,0
BRDA:271,13,0,0
BRDA:271,13,1,0
BRF:25
BRH:0
end_of_record
TN:
SF:../core/src/domain/base/event-sourced-aggregate-root.ts
FN:49,(anonymous_0)
FN:90,(anonymous_1)
FN:128,(anonymous_2)
FN:172,(anonymous_3)
FN:216,(anonymous_4)
FNF:5
FNH:0
FNDA:0,(anonymous_0)
FNDA:0,(anonymous_1)
FNDA:0,(anonymous_2)
FNDA:0,(anonymous_3)
FNDA:0,(anonymous_4)
DA:49,2
DA:54,0
DA:91,0
DA:129,0
DA:173,0
DA:217,0
LF:6
LH:1
BRF:0
BRH:0
end_of_record
TN:
SF:../core/src/domain/interfaces/index.ts
FNF:0
FNH:0
DA:2,2
DA:3,2
DA:4,2
DA:5,2
DA:8,2
LF:5
LH:5
BRF:0
BRH:0
end_of_record
TN:
SF:../core/src/domain/utils/uuid.ts
FN:11,generateUUID
FN:12,(anonymous_1)
FN:30,validateUUID
FNF:3
FNH:0
FNDA:0,generateUUID
FNDA:0,(anonymous_1)
FNDA:0,validateUUID
DA:11,2
DA:12,0
DA:13,0
DA:14,0
DA:15,0
DA:30,2
DA:32,0
DA:33,0
LF:8
LH:2
BRDA:14,0,0,0
BRDA:14,0,1,0
BRF:2
BRH:0
end_of_record
TN:
SF:src/database.module.ts
FN:46,(anonymous_1)
FN:56,(anonymous_2)
FN:76,(anonymous_3)
FN:122,(anonymous_4)
FN:129,(anonymous_5)
FNF:5
FNH:1
FNDA:5,(anonymous_1)
FNDA:0,(anonymous_2)
FNDA:0,(anonymous_3)
FNDA:0,(anonymous_4)
FNDA:0,(anonymous_5)
DA:12,1
DA:13,1
DA:14,1
DA:15,1
DA:16,1
DA:19,1
DA:22,1
DA:45,1
DA:47,5
DA:49,5
DA:60,0
DA:81,0
DA:85,0
DA:115,5
DA:116,0
DA:119,5
DA:123,0
DA:130,0
LF:18
LH:12
BRDA:46,0,0,0
BRDA:47,1,0,5
BRDA:47,2,0,0
BRDA:72,3,0,0
BRDA:72,3,1,5
BRDA:111,4,0,0
BRDA:111,4,1,5
BRDA:115,5,0,0
BRDA:115,5,1,5
BRDA:122,6,0,0
BRDA:129,7,0,0
BRF:11
BRH:4
end_of_record
TN:
SF:src/adapters/database-adapter.factory.ts
FN:18,(anonymous_0)
FN:26,(anonymous_1)
FN:52,(anonymous_2)
FN:85,(anonymous_3)
FN:124,(anonymous_4)
FN:159,(anonymous_5)
FN:180,(anonymous_6)
FN:201,(anonymous_7)
FNF:8
FNH:8
FNDA:9,(anonymous_0)
FNDA:5,(anonymous_1)
FNDA:1,(anonymous_2)
FNDA:1,(anonymous_3)
FNDA:2,(anonymous_4)
FNDA:1,(anonymous_5)
FNDA:1,(anonymous_6)
FNDA:2,(anonymous_7)
DA:6,1
DA:10,1
DA:17,1
DA:18,9
DA:27,5
DA:28,5
DA:30,5
DA:32,1
DA:35,1
DA:38,2
DA:41,1
DA:56,1
DA:71,1
DA:72,1
DA:75,1
DA:90,1
DA:105,1
DA:106,1
DA:110,1
DA:111,1
DA:114,1
DA:128,2
DA:143,2
DA:144,2
DA:146,2
DA:147,1
DA:151,2
DA:160,1
DA:181,1
DA:202,2
LF:30
LH:30
BRDA:30,0,0,1
BRDA:30,0,1,1
BRDA:30,0,2,2
BRDA:30,0,3,1
BRDA:59,1,0,1
BRDA:59,1,1,1
BRDA:60,2,0,1
BRDA:60,2,1,1
BRDA:62,3,0,1
BRDA:62,3,1,1
BRDA:63,4,0,1
BRDA:63,4,1,1
BRDA:71,5,0,1
BRDA:71,5,1,0
BRDA:93,6,0,1
BRDA:93,6,1,1
BRDA:94,7,0,1
BRDA:94,7,1,1
BRDA:96,8,0,1
BRDA:96,8,1,1
BRDA:97,9,0,1
BRDA:97,9,1,1
BRDA:105,10,0,1
BRDA:105,10,1,0
BRDA:110,11,0,1
BRDA:110,11,1,0
BRDA:131,12,0,2
BRDA:131,12,1,2
BRDA:132,13,0,2
BRDA:132,13,1,2
BRDA:134,14,0,2
BRDA:134,14,1,2
BRDA:135,15,0,2
BRDA:135,15,1,2
BRDA:143,16,0,2
BRDA:143,16,1,0
BRDA:146,17,0,1
BRDA:146,17,1,1
BRDA:163,18,0,1
BRDA:163,18,1,1
BRDA:164,19,0,1
BRDA:164,19,1,1
BRDA:166,20,0,1
BRDA:166,20,1,1
BRDA:167,21,0,1
BRDA:167,21,1,1
BRDA:184,22,0,1
BRDA:184,22,1,1
BRDA:185,23,0,1
BRDA:185,23,1,1
BRDA:187,24,0,1
BRDA:187,24,1,1
BRDA:188,25,0,1
BRDA:188,25,1,1
BRDA:206,26,0,2
BRDA:206,26,1,1
BRDA:206,26,2,1
BRDA:210,27,0,2
BRDA:210,27,1,1
BRDA:210,27,2,1
BRDA:214,28,0,2
BRDA:214,28,1,1
BRDA:214,28,2,1
BRDA:218,29,0,2
BRDA:218,29,1,1
BRDA:218,29,2,1
BRF:66
BRH:62
end_of_record
TN:
SF:src/adapters/postgresql.adapter.ts
FN:65,(anonymous_4)
FN:81,(anonymous_5)
FN:95,(anonymous_6)
FN:104,(anonymous_7)
FN:154,(anonymous_8)
FN:203,(anonymous_9)
FN:286,(anonymous_10)
FN:301,(anonymous_11)
FN:313,(anonymous_12)
FN:375,(anonymous_13)
FN:416,(anonymous_14)
FN:427,(anonymous_15)
FN:441,(anonymous_16)
FN:458,(anonymous_17)
FN:472,(anonymous_18)
FN:481,(anonymous_19)
FN:490,(anonymous_20)
FN:504,(anonymous_21)
FN:510,(anonymous_22)
FN:525,(anonymous_23)
FN:551,(anonymous_24)
FN:572,(anonymous_25)
FN:611,(anonymous_26)
FN:623,(anonymous_27)
FN:632,(anonymous_28)
FN:641,(anonymous_29)
FN:650,(anonymous_30)
FN:658,(anonymous_31)
FN:666,(anonymous_32)
FN:675,(anonymous_33)
FNF:30
FNH:18
FNDA:19,(anonymous_4)
FNDA:19,(anonymous_5)
FNDA:3,(anonymous_6)
FNDA:29,(anonymous_7)
FNDA:1,(anonymous_8)
FNDA:9,(anonymous_9)
FNDA:1,(anonymous_10)
FNDA:2,(anonymous_11)
FNDA:2,(anonymous_12)
FNDA:2,(anonymous_13)
FNDA:3,(anonymous_14)
FNDA:1,(anonymous_15)
FNDA:0,(anonymous_16)
FNDA:2,(anonymous_17)
FNDA:0,(anonymous_18)
FNDA:0,(anonymous_19)
FNDA:19,(anonymous_20)
FNDA:0,(anonymous_21)
FNDA:0,(anonymous_22)
FNDA:19,(anonymous_23)
FNDA:20,(anonymous_24)
FNDA:10,(anonymous_25)
FNDA:41,(anonymous_26)
FNDA:0,(anonymous_27)
FNDA:0,(anonymous_28)
FNDA:0,(anonymous_29)
FNDA:0,(anonymous_30)
FNDA:0,(anonymous_31)
FNDA:0,(anonymous_32)
FNDA:0,(anonymous_33)
DA:16,3
DA:17,3
DA:18,3
DA:19,3
DA:20,3
DA:21,3
DA:49,3
DA:53,19
DA:54,19
DA:59,19
DA:60,19
DA:61,19
DA:71,19
DA:72,19
DA:73,19
DA:74,19
DA:75,19
DA:76,19
DA:77,19
DA:78,19
DA:81,19
DA:82,19
DA:96,3
DA:105,29
DA:106,29
DA:113,29
DA:114,28
DA:115,9
DA:117,9
DA:119,9
DA:125,9
DA:131,20
DA:132,20
DA:139,20
DA:145,20
DA:155,1
DA:156,1
DA:162,1
DA:163,1
DA:165,1
DA:167,1
DA:173,1
DA:178,0
DA:185,0
DA:191,0
DA:208,9
DA:209,9
DA:211,9
DA:212,9
DA:213,1
DA:220,9
DA:226,9
DA:227,7
DA:229,7
DA:231,7
DA:232,1
DA:239,7
DA:248,6
DA:250,3
DA:251,3
DA:253,3
DA:265,3
DA:274,3
DA:291,1
DA:305,2
DA:307,2
DA:308,2
DA:313,2
DA:314,2
DA:315,0
DA:320,2
DA:321,0
DA:324,2
DA:327,1
DA:329,1
DA:335,1
DA:342,1
DA:344,1
DA:346,1
DA:358,1
DA:366,1
DA:376,2
DA:378,2
DA:380,2
DA:382,1
DA:384,1
DA:391,1
DA:399,1
DA:401,1
DA:418,3
DA:419,3
DA:429,1
DA:430,1
DA:431,1
DA:443,0
DA:444,0
DA:459,2
DA:460,2
DA:461,1
DA:463,1
DA:473,0
DA:482,0
DA:491,19
DA:504,19
DA:505,0
DA:510,19
DA:511,0
DA:526,19
DA:552,20
DA:573,10
DA:574,7
DA:576,3
DA:580,10
DA:581,10
DA:582,10
DA:583,10
DA:585,0
DA:589,0
DA:593,0
DA:600,10
DA:601,10
DA:612,41
DA:624,0
DA:633,0
DA:642,0
DA:651,0
DA:659,0
DA:667,0
DA:676,0
LF:129
LH:108
BRDA:205,0,0,3
BRDA:206,1,0,4
BRDA:212,2,0,1
BRDA:212,2,1,8
BRDA:223,3,0,9
BRDA:223,3,1,5
BRDA:231,4,0,1
BRDA:231,4,1,6
BRDA:288,5,0,0
BRDA:289,6,0,1
BRDA:303,7,0,2
BRDA:314,8,0,0
BRDA:314,8,1,2
BRDA:320,9,0,0
BRDA:320,9,1,2
BRDA:446,10,0,0
BRDA:446,10,1,0
BRDA:497,11,0,0
BRDA:497,11,1,19
BRDA:498,12,0,19
BRDA:498,12,1,0
BRDA:499,13,0,19
BRDA:499,13,1,0
BRDA:500,14,0,19
BRDA:500,14,1,0
BRDA:534,15,0,0
BRDA:534,15,1,19
BRDA:537,16,0,19
BRDA:537,16,1,0
BRDA:538,17,0,19
BRDA:538,17,1,0
BRDA:539,18,0,19
BRDA:539,18,1,0
BRDA:573,19,0,7
BRDA:573,19,1,3
BRDA:580,20,0,10
BRDA:580,20,1,0
BRDA:68,21,0,3
BRDA:68,21,1,0
BRDA:68,22,0,3
BRDA:68,22,1,3
BRDA:68,23,0,3
BRDA:68,23,1,0
BRDA:68,24,0,3
BRDA:68,24,1,3
BRF:45
BRH:29
end_of_record
TN:
SF:src/config/database.config.ts
FN:35,(anonymous_2)
FN:51,(anonymous_3)
FN:110,(anonymous_4)
FN:163,(anonymous_5)
FN:177,(anonymous_6)
FN:190,(anonymous_7)
FNF:6
FNH:6
FNDA:10,(anonymous_2)
FNDA:10,(anonymous_3)
FNDA:5,(anonymous_4)
FNDA:2,(anonymous_5)
FNDA:2,(anonymous_6)
FNDA:3,(anonymous_7)
DA:1,2
DA:2,2
DA:3,2
DA:34,2
DA:36,10
DA:37,10
DA:52,10
DA:111,5
DA:164,2
DA:168,2
DA:178,2
DA:179,2
DA:191,3
DA:192,3
DA:193,3
DA:196,3
DA:201,1
DA:202,1
DA:206,2
DA:207,1
DA:208,1
DA:211,1
DA:212,1
DA:214,0
DA:217,0
LF:25
LH:23
BRDA:54,0,0,10
BRDA:54,0,1,6
BRDA:55,1,0,10
BRDA:55,1,1,9
BRDA:56,2,0,10
BRDA:56,2,1,6
BRDA:57,3,0,10
BRDA:57,3,1,6
BRDA:59,4,0,10
BRDA:59,4,1,8
BRDA:63,5,0,10
BRDA:63,5,1,9
BRDA:64,6,0,10
BRDA:64,6,1,9
BRDA:69,7,0,10
BRDA:69,7,1,10
BRDA:91,8,0,1
BRDA:91,8,1,9
BRDA:114,9,0,5
BRDA:114,9,1,1
BRDA:119,10,0,5
BRDA:119,10,1,4
BRDA:121,11,0,5
BRDA:121,11,1,4
BRDA:168,12,0,2
BRDA:168,12,1,1
BRDA:196,13,0,1
BRDA:196,13,1,2
BRDA:197,14,0,3
BRDA:197,14,1,2
BRDA:197,14,2,2
BRDA:206,15,0,1
BRDA:206,15,1,1
BRDA:215,16,0,0
BRDA:215,16,1,0
BRDA:36,17,0,2
BRDA:36,17,1,0
BRDA:36,18,0,2
BRDA:36,18,1,2
BRDA:36,19,0,2
BRDA:36,19,1,0
BRDA:36,20,0,2
BRDA:36,20,1,2
BRF:43
BRH:39
end_of_record
TN:
SF:src/config/isolation.config.ts
FN:13,(anonymous_2)
FN:68,(anonymous_3)
FN:75,(anonymous_4)
FN:125,(anonymous_5)
FN:137,(anonymous_6)
FN:149,(anonymous_7)
FN:161,(anonymous_8)
FN:173,(anonymous_9)
FN:186,(anonymous_10)
FN:202,(anonymous_11)
FN:217,(anonymous_12)
FN:229,(anonymous_13)
FN:241,(anonymous_14)
FN:253,(anonymous_15)
FN:265,(anonymous_16)
FN:277,(anonymous_17)
FN:289,(anonymous_18)
FN:301,(anonymous_19)
FN:338,(anonymous_20)
FN:368,(anonymous_21)
FN:374,(anonymous_22)
FN:389,(anonymous_23)
FN:395,(anonymous_24)
FNF:23
FNH:14
FNDA:3,(anonymous_2)
FNDA:38,(anonymous_3)
FNDA:18,(anonymous_4)
FNDA:0,(anonymous_5)
FNDA:5,(anonymous_6)
FNDA:4,(anonymous_7)
FNDA:3,(anonymous_8)
FNDA:1,(anonymous_9)
FNDA:0,(anonymous_10)
FNDA:0,(anonymous_11)
FNDA:4,(anonymous_12)
FNDA:1,(anonymous_13)
FNDA:1,(anonymous_14)
FNDA:2,(anonymous_15)
FNDA:3,(anonymous_16)
FNDA:2,(anonymous_17)
FNDA:0,(anonymous_18)
FNDA:0,(anonymous_19)
FNDA:5,(anonymous_20)
FNDA:0,(anonymous_21)
FNDA:0,(anonymous_22)
FNDA:0,(anonymous_23)
FNDA:0,(anonymous_24)
DA:6,3
DA:7,3
DA:13,3
DA:15,3
DA:17,3
DA:19,3
DA:65,3
DA:66,38
DA:68,38
DA:77,18
DA:80,18
DA:85,5
DA:88,13
DA:90,13
DA:126,0
DA:127,0
DA:129,0
DA:138,5
DA:139,5
DA:141,4
DA:150,4
DA:151,4
DA:153,4
DA:162,3
DA:163,0
DA:165,3
DA:174,1
DA:175,1
DA:177,1
DA:187,0
DA:188,0
DA:190,0
DA:191,0
DA:193,0
DA:203,0
DA:204,0
DA:206,0
DA:207,0
DA:209,0
DA:218,4
DA:219,1
DA:221,4
DA:230,1
DA:231,0
DA:233,1
DA:242,1
DA:243,0
DA:245,1
DA:254,2
DA:255,2
DA:257,1
DA:266,3
DA:267,3
DA:269,1
DA:278,2
DA:279,2
DA:281,1
DA:290,0
DA:291,0
DA:293,0
DA:302,0
DA:303,0
DA:305,0
DA:307,0
DA:308,0
DA:313,0
DA:314,0
DA:315,0
DA:321,0
DA:322,0
DA:325,0
DA:327,0
DA:328,0
DA:343,5
DA:345,5
DA:346,1
DA:347,1
DA:348,4
DA:349,1
DA:350,1
DA:351,1
DA:353,3
DA:354,3
DA:355,2
DA:359,5
DA:373,0
DA:375,0
DA:380,0
DA:381,0
DA:382,0
DA:384,0
DA:387,0
DA:390,0
DA:391,0
DA:393,0
DA:396,0
DA:397,0
DA:399,0
LF:98
LH:53
BRDA:13,0,0,3
BRDA:13,0,1,3
BRDA:77,1,0,18
BRDA:77,1,1,10
BRDA:80,2,0,5
BRDA:80,2,1,13
BRDA:93,3,0,13
BRDA:93,3,1,10
BRDA:97,4,0,13
BRDA:97,4,1,7
BRDA:99,5,0,13
BRDA:99,5,1,6
BRDA:101,6,0,13
BRDA:101,6,1,6
BRDA:103,7,0,13
BRDA:103,7,1,6
BRDA:107,8,0,13
BRDA:107,8,1,7
BRDA:109,9,0,13
BRDA:109,9,1,7
BRDA:113,10,0,13
BRDA:113,10,1,10
BRDA:126,11,0,0
BRDA:126,11,1,0
BRDA:138,12,0,5
BRDA:138,12,1,0
BRDA:150,13,0,4
BRDA:150,13,1,0
BRDA:162,14,0,0
BRDA:162,14,1,3
BRDA:174,15,0,1
BRDA:174,15,1,0
BRDA:187,16,0,0
BRDA:187,16,1,0
BRDA:190,17,0,0
BRDA:190,17,1,0
BRDA:203,18,0,0
BRDA:203,18,1,0
BRDA:206,19,0,0
BRDA:206,19,1,0
BRDA:218,20,0,1
BRDA:218,20,1,3
BRDA:230,21,0,0
BRDA:230,21,1,1
BRDA:242,22,0,0
BRDA:242,22,1,1
BRDA:254,23,0,2
BRDA:254,23,1,0
BRDA:266,24,0,3
BRDA:266,24,1,0
BRDA:278,25,0,2
BRDA:278,25,1,0
BRDA:290,26,0,0
BRDA:290,26,1,0
BRDA:302,27,0,0
BRDA:302,27,1,0
BRDA:307,28,0,0
BRDA:307,28,1,0
BRDA:314,29,0,0
BRDA:314,29,1,0
BRDA:321,30,0,0
BRDA:321,30,1,0
BRDA:345,31,0,1
BRDA:345,31,1,4
BRDA:345,32,0,5
BRDA:345,32,1,1
BRDA:348,33,0,1
BRDA:348,33,1,3
BRDA:348,34,0,4
BRDA:348,34,1,1
BRDA:354,35,0,2
BRDA:354,35,1,1
BRDA:375,36,0,0
BRDA:375,36,1,0
BRDA:376,37,0,0
BRDA:376,37,1,0
BRDA:376,37,2,0
BRDA:381,38,0,0
BRDA:381,38,1,0
BRDA:390,39,0,0
BRDA:390,39,1,0
BRDA:390,40,0,0
BRDA:390,40,1,0
BRDA:390,40,2,0
BRDA:396,41,0,0
BRDA:396,41,1,0
BRDA:396,42,0,0
BRDA:396,42,1,0
BRDA:68,43,0,3
BRDA:68,43,1,0
BRDA:68,44,0,3
BRDA:68,44,1,3
BRF:92
BRH:46
end_of_record
TN:
SF:src/config/redis.config.ts
FN:35,(anonymous_2)
FN:51,(anonymous_3)
FN:109,(anonymous_4)
FN:179,(anonymous_5)
FN:191,(anonymous_6)
FN:201,(anonymous_7)
FNF:6
FNH:4
FNDA:8,(anonymous_2)
FNDA:6,(anonymous_3)
FNDA:6,(anonymous_4)
FNDA:0,(anonymous_5)
FNDA:0,(anonymous_6)
FNDA:4,(anonymous_7)
DA:1,1
DA:2,1
DA:3,1
DA:34,1
DA:36,8
DA:37,8
DA:52,6
DA:110,6
DA:180,0
DA:181,0
DA:192,0
DA:193,0
DA:202,4
DA:203,4
DA:204,4
DA:207,4
DA:213,2
DA:214,2
DA:218,2
DA:224,1
DA:225,1
DA:228,1
DA:229,1
DA:231,0
DA:234,0
LF:25
LH:19
BRDA:54,0,0,6
BRDA:54,0,1,1
BRDA:55,1,0,6
BRDA:55,1,1,1
BRDA:56,2,0,6
BRDA:56,2,1,1
BRDA:57,3,0,6
BRDA:57,3,1,1
BRDA:61,4,0,6
BRDA:61,4,1,6
BRDA:62,5,0,6
BRDA:62,5,1,6
BRDA:64,6,0,6
BRDA:64,6,1,6
BRDA:70,7,0,6
BRDA:70,7,1,6
BRDA:71,8,0,6
BRDA:71,8,1,6
BRDA:73,9,0,6
BRDA:73,9,1,6
BRDA:113,10,0,6
BRDA:113,10,1,2
BRDA:114,11,0,6
BRDA:114,11,1,2
BRDA:115,12,0,6
BRDA:115,12,1,2
BRDA:116,13,0,6
BRDA:116,13,1,2
BRDA:122,14,0,6
BRDA:122,14,1,6
BRDA:124,15,0,6
BRDA:124,15,1,6
BRDA:128,16,0,6
BRDA:128,16,1,6
BRDA:207,17,0,2
BRDA:207,17,1,2
BRDA:208,18,0,4
BRDA:208,18,1,4
BRDA:208,18,2,4
BRDA:208,18,3,3
BRDA:218,19,0,1
BRDA:218,19,1,1
BRDA:219,20,0,2
BRDA:219,20,1,2
BRDA:219,20,2,2
BRDA:219,20,3,1
BRDA:232,21,0,0
BRDA:232,21,1,0
BRDA:36,22,0,1
BRDA:36,22,1,0
BRDA:36,23,0,1
BRDA:36,23,1,1
BRDA:36,24,0,1
BRDA:36,24,1,0
BRDA:36,25,0,1
BRDA:36,25,1,1
BRF:56
BRH:52
end_of_record
TN:
SF:src/repositories/tenant-aware.repository.ts
FN:21,(anonymous_0)
FN:35,(anonymous_1)
FN:68,(anonymous_2)
FN:85,(anonymous_3)
FN:132,(anonymous_4)
FN:143,(anonymous_5)
FN:162,(anonymous_6)
FN:166,(anonymous_7)
FN:188,(anonymous_8)
FN:204,(anonymous_9)
FN:211,(anonymous_10)
FN:236,(anonymous_11)
FN:248,(anonymous_12)
FN:292,(anonymous_13)
FN:302,(anonymous_14)
FN:312,(anonymous_15)
FNF:16
FNH:12
FNDA:13,(anonymous_0)
FNDA:2,(anonymous_1)
FNDA:4,(anonymous_2)
FNDA:0,(anonymous_3)
FNDA:1,(anonymous_4)
FNDA:5,(anonymous_5)
FNDA:1,(anonymous_6)
FNDA:5,(anonymous_7)
FNDA:2,(anonymous_8)
FNDA:1,(anonymous_9)
FNDA:0,(anonymous_10)
FNDA:2,(anonymous_11)
FNDA:10,(anonymous_12)
FNDA:0,(anonymous_13)
FNDA:0,(anonymous_14)
FNDA:1,(anonymous_15)
DA:6,1
DA:18,1
DA:22,13
DA:23,13
DA:24,13
DA:26,13
DA:40,2
DA:43,2
DA:46,2
DA:47,0
DA:51,2
DA:52,0
DA:53,0
DA:54,0
DA:58,2
DA:59,2
DA:69,4
DA:72,4
DA:74,4
DA:75,4
DA:89,0
DA:92,0
DA:93,0
DA:94,0
DA:95,0
DA:100,0
DA:101,0
DA:103,0
DA:104,0
DA:105,0
DA:106,0
DA:110,0
DA:111,0
DA:115,0
DA:116,0
DA:117,0
DA:118,0
DA:122,0
DA:123,0
DA:133,1
DA:136,1
DA:137,1
DA:138,1
DA:141,1
DA:142,1
DA:143,5
DA:145,1
DA:151,1
DA:152,1
DA:163,1
DA:164,1
DA:165,1
DA:166,5
DA:169,1
DA:176,1
DA:178,1
DA:179,1
DA:189,2
DA:192,2
DA:194,2
DA:195,2
DA:205,1
DA:206,1
DA:207,1
DA:210,1
DA:211,0
DA:212,0
DA:213,0
DA:214,0
DA:215,0
DA:218,0
DA:219,0
DA:224,1
DA:226,1
DA:227,1
DA:237,2
DA:238,2
DA:249,10
DA:250,0
DA:253,10
DA:255,10
DA:257,9
DA:258,9
DA:259,9
DA:260,2
DA:262,7
DA:265,0
DA:269,0
DA:273,1
DA:276,1
DA:293,0
DA:294,0
DA:303,0
DA:313,1
DA:319,1
LF:95
LH:59
BRDA:46,0,0,0
BRDA:46,0,1,2
BRDA:51,1,0,0
BRDA:51,1,1,2
BRDA:53,2,0,0
BRDA:53,2,1,0
BRDA:75,3,0,4
BRDA:75,3,1,2
BRDA:92,4,0,0
BRDA:92,4,1,0
BRDA:95,5,0,0
BRDA:95,5,1,0
BRDA:96,6,0,0
BRDA:96,6,1,0
BRDA:103,7,0,0
BRDA:103,7,1,0
BRDA:105,8,0,0
BRDA:105,8,1,0
BRDA:115,9,0,0
BRDA:115,9,1,0
BRDA:117,10,0,0
BRDA:117,10,1,0
BRDA:133,11,0,1
BRDA:133,11,1,0
BRDA:136,12,0,1
BRDA:136,12,1,0
BRDA:179,13,0,1
BRDA:179,13,1,0
BRDA:195,14,0,2
BRDA:195,14,1,0
BRDA:210,15,0,0
BRDA:210,15,1,1
BRDA:218,16,0,0
BRDA:218,16,1,0
BRDA:227,17,0,1
BRDA:227,17,1,0
BRDA:249,18,0,0
BRDA:249,18,1,10
BRDA:255,19,0,9
BRDA:255,19,1,0
BRDA:255,19,2,1
BRDA:257,20,0,9
BRDA:257,20,1,0
BRDA:259,21,0,2
BRDA:259,21,1,7
BRF:45
BRH:16
end_of_record
TN:
SF:../logging/src/index.ts
FN:18,(anonymous_4)
FNF:1
FNH:0
FNDA:0,(anonymous_4)
DA:17,14
DA:18,14
DA:19,14
DA:22,14
DA:25,14
DA:26,14
DA:27,14
DA:30,14
DA:31,14
LF:9
LH:9
BRF:0
BRH:0
end_of_record
TN:
SF:../logging/src/logging.module.ts
FN:91,(anonymous_1)
FN:107,(anonymous_2)
FN:165,(anonymous_3)
FN:182,(anonymous_4)
FNF:4
FNH:0
FNDA:0,(anonymous_1)
FNDA:0,(anonymous_2)
FNDA:0,(anonymous_3)
FNDA:0,(anonymous_4)
DA:16,14
DA:17,14
DA:18,14
DA:19,14
DA:20,14
DA:21,14
DA:22,14
DA:23,14
DA:82,14
DA:97,0
DA:99,0
DA:109,0
DA:113,0
DA:117,0
DA:118,0
DA:139,0
DA:140,0
DA:141,0
DA:144,0
DA:145,0
DA:146,0
DA:150,0
DA:151,0
DA:154,0
DA:166,0
DA:183,0
LF:26
LH:9
BRDA:91,0,0,0
BRDA:93,1,0,0
BRDA:94,2,0,0
BRDA:95,3,0,0
BRDA:96,4,0,0
BRDA:111,5,0,0
BRDA:111,5,1,0
BRDA:115,6,0,0
BRDA:115,6,1,0
BRDA:117,7,0,0
BRDA:117,7,1,0
BRDA:120,8,0,0
BRDA:120,8,1,0
BRDA:139,9,0,0
BRDA:139,9,1,0
BRDA:144,10,0,0
BRDA:144,10,1,0
BRDA:150,11,0,0
BRDA:150,11,1,0
BRDA:165,12,0,0
BRDA:182,13,0,0
BRF:21
BRH:0
end_of_record
TN:
SF:../logging/src/factories/pino-logger.factory.ts
FN:24,(anonymous_3)
FN:31,(anonymous_4)
FN:44,(anonymous_5)
FN:57,(anonymous_6)
FN:73,(anonymous_7)
FN:92,(anonymous_8)
FN:126,(anonymous_9)
FN:161,(anonymous_10)
FNF:8
FNH:1
FNDA:1,(anonymous_3)
FNDA:0,(anonymous_4)
FNDA:0,(anonymous_5)
FNDA:0,(anonymous_6)
FNDA:0,(anonymous_7)
FNDA:0,(anonymous_8)
FNDA:0,(anonymous_9)
FNDA:0,(anonymous_10)
DA:1,18
DA:2,18
DA:4,18
DA:23,18
DA:24,1
DA:32,0
DA:33,0
DA:34,0
DA:48,0
DA:59,0
DA:60,0
DA:63,0
DA:74,0
DA:80,0
DA:82,0
DA:97,0
DA:98,0
DA:109,0
DA:110,0
DA:114,0
DA:115,0
DA:130,0
DA:132,0
DA:141,0
DA:142,0
DA:143,0
DA:145,0
DA:150,0
DA:165,0
DA:167,0
DA:184,0
DA:185,0
DA:186,0
DA:188,0
DA:193,0
LF:35
LH:5
BRDA:59,0,0,0
BRDA:59,0,1,0
BRDA:59,1,0,0
BRDA:59,1,1,0
BRDA:76,2,0,0
BRDA:76,2,1,0
BRDA:97,3,0,0
BRDA:97,3,1,0
BRDA:109,4,0,0
BRDA:109,4,1,0
BRDA:114,5,0,0
BRDA:114,5,1,0
BRDA:130,6,0,0
BRDA:130,6,1,0
BRDA:141,7,0,0
BRDA:141,7,1,0
BRDA:142,8,0,0
BRDA:142,8,1,0
BRDA:165,9,0,0
BRDA:165,9,1,0
BRDA:173,10,0,0
BRDA:173,10,1,0
BRDA:184,11,0,0
BRDA:184,11,1,0
BRDA:185,12,0,0
BRDA:185,12,1,0
BRDA:24,13,0,18
BRDA:24,13,1,0
BRDA:24,14,0,18
BRDA:24,14,1,18
BRF:30
BRH:3
end_of_record
TN:
SF:../logging/src/interceptors/pino-logging.interceptor.ts
FN:62,(anonymous_2)
FN:71,(anonymous_3)
FN:105,(anonymous_4)
FN:115,(anonymous_5)
FN:124,(anonymous_6)
FN:135,(anonymous_7)
FN:146,(anonymous_8)
FN:150,(anonymous_9)
FN:165,(anonymous_10)
FN:166,(anonymous_11)
FN:176,(anonymous_12)
FN:187,(anonymous_13)
FN:194,(anonymous_14)
FN:218,(anonymous_15)
FN:240,(anonymous_16)
FN:278,(anonymous_17)
FNF:16
FNH:16
FNDA:12,(anonymous_2)
FNDA:12,(anonymous_3)
FNDA:11,(anonymous_4)
FNDA:1,(anonymous_5)
FNDA:1,(anonymous_6)
FNDA:12,(anonymous_7)
FNDA:12,(anonymous_8)
FNDA:35,(anonymous_9)
FNDA:12,(anonymous_10)
FNDA:11,(anonymous_11)
FNDA:11,(anonymous_12)
FNDA:27,(anonymous_13)
FNDA:2,(anonymous_14)
FNDA:12,(anonymous_15)
FNDA:11,(anonymous_16)
FNDA:1,(anonymous_17)
DA:1,16
DA:7,16
DA:9,16
DA:10,16
DA:11,16
DA:12,16
DA:52,16
DA:53,12
DA:62,12
DA:72,12
DA:73,12
DA:74,12
DA:77,12
DA:78,12
DA:79,12
DA:82,12
DA:83,12
DA:84,12
DA:87,12
DA:90,12
DA:102,12
DA:104,12
DA:107,11
DA:108,11
DA:113,11
DA:117,1
DA:118,1
DA:123,1
DA:124,1
DA:136,12
DA:147,12
DA:150,12
DA:152,35
DA:153,23
DA:154,11
DA:166,12
DA:177,11
DA:188,27
DA:189,0
DA:193,27
DA:194,2
DA:198,26
DA:200,26
DA:201,55
DA:202,8
DA:203,47
DA:204,3
DA:209,26
DA:219,12
DA:241,11
DA:257,11
DA:279,1
LF:52
LH:51
BRDA:152,0,0,12
BRDA:152,0,1,23
BRDA:152,1,0,35
BRDA:152,1,1,12
BRDA:153,2,0,12
BRDA:153,2,1,11
BRDA:153,3,0,23
BRDA:153,3,1,12
BRDA:188,4,0,0
BRDA:188,4,1,27
BRDA:188,5,0,27
BRDA:188,5,1,27
BRDA:193,6,0,1
BRDA:193,6,1,26
BRDA:201,7,0,8
BRDA:201,7,1,47
BRDA:203,8,0,3
BRDA:203,8,1,44
BRDA:203,9,0,47
BRDA:203,9,1,3
BRDA:259,10,0,11
BRDA:259,10,1,0
BRDA:62,11,0,16
BRDA:62,11,1,0
BRDA:62,12,0,16
BRDA:62,12,1,16
BRF:26
BRH:23
end_of_record
TN:
SF:../logging/src/interfaces/logging.interface.ts
FN:8,(anonymous_0)
FN:36,(anonymous_1)
FNF:2
FNH:2
FNDA:19,(anonymous_0)
FNDA:19,(anonymous_1)
DA:8,19
DA:10,19
DA:12,19
DA:14,19
DA:16,19
DA:18,19
DA:20,19
DA:22,19
DA:24,19
DA:26,19
DA:28,19
DA:36,19
DA:38,19
DA:40,19
DA:42,19
LF:15
LH:15
BRDA:8,0,0,19
BRDA:8,0,1,19
BRDA:36,1,0,19
BRDA:36,1,1,19
BRF:4
BRH:4
end_of_record
TN:
SF:../logging/src/middleware/pino-logging.middleware.ts
FN:50,(anonymous_2)
FN:59,(anonymous_3)
FN:89,(anonymous_4)
FN:108,(anonymous_5)
FN:124,(anonymous_6)
FN:135,(anonymous_7)
FN:163,(anonymous_8)
FN:190,(anonymous_9)
FN:206,(anonymous_10)
FN:227,(anonymous_11)
FN:274,(anonymous_12)
FN:280,(anonymous_13)
FN:296,(anonymous_14)
FN:302,(anonymous_15)
FNF:14
FNH:14
FNDA:12,(anonymous_2)
FNDA:11,(anonymous_3)
FNDA:3,(anonymous_4)
FNDA:3,(anonymous_5)
FNDA:11,(anonymous_6)
FNDA:11,(anonymous_7)
FNDA:11,(anonymous_8)
FNDA:11,(anonymous_9)
FNDA:11,(anonymous_10)
FNDA:3,(anonymous_11)
FNDA:11,(anonymous_12)
FNDA:44,(anonymous_13)
FNDA:11,(anonymous_14)
FNDA:33,(anonymous_15)
DA:1,16
DA:3,16
DA:4,16
DA:5,16
DA:49,16
DA:50,12
DA:60,11
DA:61,11
DA:62,11
DA:63,11
DA:66,11
DA:81,11
DA:85,11
DA:88,11
DA:89,11
DA:90,3
DA:91,3
DA:92,3
DA:99,3
DA:100,3
DA:108,3
DA:109,3
DA:112,3
DA:115,11
DA:125,11
DA:138,11
DA:139,11
DA:143,4
DA:145,4
DA:149,3
DA:151,3
DA:153,3
DA:165,11
DA:166,11
DA:170,4
DA:172,4
DA:176,4
DA:178,4
DA:180,3
DA:191,11
DA:207,11
DA:228,3
DA:229,3
DA:235,3
DA:275,11
DA:277,11
DA:278,11
DA:280,11
DA:281,44
DA:282,2
DA:286,11
DA:299,11
DA:300,11
DA:302,11
DA:303,33
DA:304,7
DA:308,11
LF:57
LH:57
BRDA:74,0,0,11
BRDA:74,0,1,0
BRDA:90,1,0,3
BRDA:90,1,1,0
BRDA:90,2,0,3
BRDA:90,2,1,3
BRDA:93,3,0,3
BRDA:93,3,1,0
BRDA:138,4,0,11
BRDA:138,4,1,4
BRDA:139,5,0,7
BRDA:139,5,1,4
BRDA:143,6,0,4
BRDA:143,6,1,3
BRDA:145,7,0,1
BRDA:145,7,1,3
BRDA:149,8,0,3
BRDA:149,8,1,3
BRDA:151,9,0,0
BRDA:151,9,1,3
BRDA:165,10,0,11
BRDA:165,10,1,4
BRDA:166,11,0,7
BRDA:166,11,1,4
BRDA:170,12,0,4
BRDA:170,12,1,4
BRDA:172,13,0,0
BRDA:172,13,1,4
BRDA:176,14,0,4
BRDA:176,14,1,3
BRDA:178,15,0,1
BRDA:178,15,1,3
BRDA:192,16,0,11
BRDA:192,16,1,10
BRDA:192,16,2,10
BRDA:192,16,3,1
BRDA:192,16,4,0
BRDA:228,17,0,1
BRDA:228,17,1,2
BRDA:275,18,0,0
BRDA:275,18,1,11
BRDA:275,19,0,11
BRDA:275,19,1,11
BRDA:281,20,0,2
BRDA:281,20,1,42
BRDA:303,21,0,7
BRDA:303,21,1,26
BRDA:50,22,0,16
BRDA:50,22,1,0
BRDA:50,23,0,16
BRDA:50,23,1,16
BRF:51
BRH:43
end_of_record
TN:
SF:../logging/src/services/pino-logger-config.service.ts
FN:27,(anonymous_4)
FN:40,(anonymous_5)
FN:49,(anonymous_6)
FN:59,(anonymous_7)
FN:68,(anonymous_8)
FN:77,(anonymous_9)
FN:86,(anonymous_10)
FN:95,(anonymous_11)
FN:104,(anonymous_12)
FN:113,(anonymous_13)
FN:121,(anonymous_14)
FN:131,(anonymous_15)
FN:185,(anonymous_16)
FN:233,(anonymous_17)
FNF:14
FNH:14
FNDA:50,(anonymous_4)
FNDA:12,(anonymous_5)
FNDA:32,(anonymous_6)
FNDA:9,(anonymous_7)
FNDA:7,(anonymous_8)
FNDA:5,(anonymous_9)
FNDA:6,(anonymous_10)
FNDA:54,(anonymous_11)
FNDA:56,(anonymous_12)
FNDA:3,(anonymous_13)
FNDA:1,(anonymous_14)
FNDA:83,(anonymous_15)
FNDA:51,(anonymous_16)
FNDA:81,(anonymous_17)
DA:1,19
DA:2,19
DA:24,19
DA:25,50
DA:30,50
DA:32,50
DA:41,12
DA:50,32
DA:51,32
DA:60,9
DA:69,7
DA:78,5
DA:87,6
DA:96,54
DA:105,56
DA:114,3
DA:122,1
DA:132,83
DA:140,83
DA:142,83
DA:143,1
DA:148,82
DA:149,1
DA:154,81
DA:155,81
DA:159,1
DA:165,80
DA:166,5
DA:167,1
DA:171,4
DA:172,1
DA:174,3
DA:175,1
DA:187,51
DA:190,51
DA:218,51
DA:223,51
DA:234,81
DA:235,81
DA:243,19
LF:40
LH:40
BRDA:114,0,0,3
BRDA:114,0,1,2
BRDA:142,1,0,1
BRDA:142,1,1,82
BRDA:148,2,0,1
BRDA:148,2,1,81
BRDA:154,3,0,81
BRDA:154,3,1,0
BRDA:155,4,0,1
BRDA:155,4,1,80
BRDA:156,5,0,81
BRDA:156,5,1,81
BRDA:165,6,0,5
BRDA:165,6,1,75
BRDA:166,7,0,1
BRDA:166,7,1,4
BRDA:171,8,0,1
BRDA:171,8,1,3
BRDA:171,9,0,4
BRDA:171,9,1,4
BRDA:174,10,0,1
BRDA:174,10,1,2
BRDA:174,11,0,3
BRDA:174,11,1,3
BRDA:187,12,0,2
BRDA:187,12,1,49
BRDA:191,13,0,51
BRDA:191,13,1,47
BRDA:193,14,0,51
BRDA:193,14,1,48
BRDA:207,15,0,1
BRDA:207,15,1,50
BRDA:30,16,0,0
BRDA:30,16,1,19
BRDA:30,17,0,19
BRDA:30,17,1,0
BRF:36
BRH:33
end_of_record
TN:
SF:../logging/src/services/pino-logger.service.ts
FN:68,(anonymous_2)
FN:83,(anonymous_3)
FN:96,(anonymous_4)
FN:109,(anonymous_5)
FN:122,(anonymous_6)
FN:135,(anonymous_7)
FN:148,(anonymous_8)
FN:161,(anonymous_9)
FN:185,(anonymous_10)
FN:193,(anonymous_11)
FN:201,(anonymous_12)
FN:235,(anonymous_13)
FN:244,(anonymous_14)
FN:252,(anonymous_15)
FN:261,(anonymous_16)
FN:269,(anonymous_17)
FN:282,(anonymous_18)
FN:290,(anonymous_19)
FN:298,(anonymous_20)
FN:321,(anonymous_21)
FN:332,(anonymous_22)
FN:364,(anonymous_23)
FN:375,(anonymous_24)
FN:431,(anonymous_25)
FNF:24
FNH:24
FNDA:19,(anonymous_2)
FNDA:1,(anonymous_3)
FNDA:4,(anonymous_4)
FNDA:2,(anonymous_5)
FNDA:2,(anonymous_6)
FNDA:1,(anonymous_7)
FNDA:1,(anonymous_8)
FNDA:1,(anonymous_9)
FNDA:1,(anonymous_10)
FNDA:1,(anonymous_11)
FNDA:1,(anonymous_12)
FNDA:1,(anonymous_13)
FNDA:1,(anonymous_14)
FNDA:1,(anonymous_15)
FNDA:1,(anonymous_16)
FNDA:3,(anonymous_17)
FNDA:2,(anonymous_18)
FNDA:1,(anonymous_19)
FNDA:2,(anonymous_20)
FNDA:2,(anonymous_21)
FNDA:21,(anonymous_22)
FNDA:15,(anonymous_23)
FNDA:14,(anonymous_24)
FNDA:14,(anonymous_25)
DA:1,18
DA:2,18
DA:3,18
DA:5,18
DA:11,18
DA:15,18
DA:35,18
DA:36,19
DA:37,19
DA:69,19
DA:70,19
DA:71,19
DA:72,19
DA:74,19
DA:76,19
DA:89,1
DA:102,4
DA:115,2
DA:128,2
DA:141,1
DA:154,1
DA:167,1
DA:173,1
DA:186,1
DA:194,1
DA:202,1
DA:203,1
DA:209,1
DA:216,1
DA:222,1
DA:228,1
DA:236,1
DA:237,1
DA:245,1
DA:253,1
DA:254,1
DA:262,1
DA:270,3
DA:271,0
DA:272,0
DA:273,0
DA:283,2
DA:291,1
DA:305,2
DA:322,2
DA:333,21
DA:365,15
DA:366,13
DA:382,14
DA:383,14
DA:386,14
DA:387,14
DA:388,14
DA:390,14
DA:400,14
DA:401,1
DA:410,14
DA:413,14
DA:416,14
DA:436,14
DA:437,14
DA:438,14
DA:439,14
DA:440,14
LF:64
LH:61
BRDA:176,0,0,1
BRDA:176,0,1,0
BRDA:270,1,0,0
BRDA:270,1,1,3
BRDA:272,2,0,0
BRDA:272,2,1,0
BRDA:272,3,0,0
BRDA:272,3,1,0
BRDA:272,3,2,0
BRDA:310,4,0,1
BRDA:310,4,1,1
BRDA:365,5,0,13
BRDA:365,5,1,2
BRDA:392,6,0,14
BRDA:392,6,1,1
BRDA:400,7,0,1
BRDA:400,7,1,13
BRDA:403,8,0,1
BRDA:403,8,1,0
BRDA:410,9,0,14
BRDA:410,9,1,1
BRDA:419,10,0,14
BRDA:419,10,1,1
BRDA:69,11,0,18
BRDA:69,11,1,0
BRDA:69,12,0,18
BRDA:69,12,1,18
BRDA:69,13,0,18
BRDA:69,13,1,0
BRDA:69,14,0,18
BRDA:69,14,1,18
BRDA:70,15,0,18
BRDA:70,15,1,0
BRDA:70,16,0,18
BRDA:70,16,1,18
BRDA:71,17,0,18
BRDA:71,17,1,0
BRDA:71,18,0,18
BRDA:71,18,1,18
BRF:39
BRH:27
end_of_record
TN:
SF:../shared/src/common/email.vo.ts
FN:35,(anonymous_0)
FN:47,(anonymous_1)
FN:82,(anonymous_2)
FN:94,(anonymous_3)
FN:103,(anonymous_4)
FN:113,(anonymous_5)
FN:122,(anonymous_6)
FN:131,(anonymous_7)
FN:140,(anonymous_8)
FN:158,(anonymous_9)
FN:169,(anonymous_10)
FN:180,(anonymous_11)
FN:211,(anonymous_12)
FNF:13
FNH:13
FNDA:36,(anonymous_0)
FNDA:36,(anonymous_1)
FNDA:4,(anonymous_2)
FNDA:2,(anonymous_3)
FNDA:15,(anonymous_4)
FNDA:10,(anonymous_5)
FNDA:2,(anonymous_6)
FNDA:3,(anonymous_7)
FNDA:3,(anonymous_8)
FNDA:1,(anonymous_9)
FNDA:2,(anonymous_10)
FNDA:3,(anonymous_11)
FNDA:9,(anonymous_12)
DA:1,1
DA:34,1
DA:36,36
DA:37,36
DA:48,36
DA:49,2
DA:53,34
DA:54,4
DA:59,30
DA:60,30
DA:61,0
DA:65,30
DA:66,1
DA:70,29
DA:71,29
DA:72,1
DA:83,4
DA:84,1
DA:86,3
DA:95,2
DA:104,15
DA:114,10
DA:123,2
DA:132,3
DA:141,3
DA:150,3
DA:159,1
DA:170,2
DA:181,3
DA:182,3
DA:183,1
DA:185,2
DA:210,1
DA:212,9
DA:213,9
LF:35
LH:34
BRDA:48,0,0,2
BRDA:48,0,1,34
BRDA:48,1,0,36
BRDA:48,1,1,34
BRDA:53,2,0,4
BRDA:53,2,1,30
BRDA:60,3,0,0
BRDA:60,3,1,30
BRDA:65,4,0,1
BRDA:65,4,1,29
BRDA:71,5,0,1
BRDA:71,5,1,28
BRDA:83,6,0,1
BRDA:83,6,1,3
BRDA:132,7,0,3
BRDA:132,7,1,2
BRF:16
BRH:15
end_of_record
TN:
SF:../shared/src/enums/status.enum.ts
FN:14,(anonymous_0)
FN:55,(anonymous_1)
FN:73,(anonymous_2)
FN:85,(anonymous_3)
FN:107,(anonymous_4)
FN:117,(anonymous_5)
FN:132,(anonymous_6)
FN:142,(anonymous_7)
FN:152,(anonymous_8)
FN:171,(anonymous_9)
FN:192,(anonymous_10)
FNF:11
FNH:11
FNDA:1,(anonymous_0)
FNDA:20,(anonymous_1)
FNDA:3,(anonymous_2)
FNDA:2,(anonymous_3)
FNDA:6,(anonymous_4)
FNDA:6,(anonymous_5)
FNDA:6,(anonymous_6)
FNDA:6,(anonymous_7)
FNDA:6,(anonymous_8)
FNDA:6,(anonymous_9)
FNDA:2,(anonymous_10)
DA:14,1
DA:16,1
DA:18,1
DA:20,1
DA:22,1
DA:24,1
DA:26,1
DA:35,1
DA:36,1
DA:59,20
DA:60,1
DA:63,19
DA:64,19
DA:74,3
DA:75,3
DA:86,2
DA:87,1
DA:100,1
DA:108,6
DA:118,6
DA:133,6
DA:143,6
DA:153,6
DA:162,6
DA:172,6
DA:181,6
DA:191,1
DA:193,2
DA:194,2
LF:29
LH:29
BRDA:14,0,0,1
BRDA:14,0,1,1
BRDA:59,1,0,1
BRDA:59,1,1,19
BRDA:64,2,0,19
BRDA:64,2,1,0
BRDA:75,3,0,3
BRDA:75,3,1,0
BRDA:86,4,0,1
BRDA:86,4,1,1
BRDA:162,5,0,6
BRDA:162,5,1,0
BRDA:181,6,0,6
BRDA:181,6,1,0
BRF:14
BRH:10
end_of_record
TN:
SF:../shared/src/identifiers/user-id.vo.ts
FN:36,(anonymous_0)
FN:48,(anonymous_1)
FN:67,(anonymous_2)
FN:79,(anonymous_3)
FN:89,(anonymous_4)
FN:100,(anonymous_5)
FN:111,(anonymous_6)
FN:142,(anonymous_7)
FNF:8
FNH:7
FNDA:18,(anonymous_0)
FNDA:18,(anonymous_1)
FNDA:3,(anonymous_2)
FNDA:1,(anonymous_3)
FNDA:0,(anonymous_4)
FNDA:2,(anonymous_5)
FNDA:4,(anonymous_6)
FNDA:6,(anonymous_7)
DA:1,1
DA:2,1
DA:35,1
DA:37,18
DA:38,18
DA:49,18
DA:50,2
DA:55,16
DA:56,16
DA:57,3
DA:68,3
DA:69,1
DA:71,2
DA:80,1
DA:90,0
DA:101,2
DA:112,4
DA:113,4
DA:114,2
DA:116,2
DA:141,1
DA:143,6
DA:144,6
LF:23
LH:22
BRDA:37,0,0,18
BRDA:37,0,1,4
BRDA:49,1,0,2
BRDA:49,1,1,16
BRDA:49,2,0,18
BRDA:49,2,1,16
BRDA:56,3,0,3
BRDA:56,3,1,13
BRDA:68,4,0,1
BRDA:68,4,1,2
BRF:10
BRH:10
end_of_record
